#
# There is insufficient memory for the Java Runtime Environment to continue.
# Native memory allocation (malloc) failed to allocate 2684544 bytes for Chunk::new
# Possible reasons:
#   The system is out of physical RAM or swap space
#   The process is running with CompressedOops enabled, and the Java Heap may be blocking the growth of the native heap
# Possible solutions:
#   Reduce memory load on the system
#   Increase physical memory or swap space
#   Check if swap backing store is full
#   Decrease Java heap size (-Xmx/-Xms)
#   Decrease number of Java threads
#   Decrease Java thread stack sizes (-Xss)
#   Set larger code cache with -XX:ReservedCodeCacheSize=
#   JVM is running with Unscaled Compressed Oops mode in which the Java heap is
#     placed in the first 4GB address space. The Java Heap base address is the
#     maximum limit for the native heap growth. Please use -XX:HeapBaseMinAddress
#     to set the Java Heap base and to place the Java Heap above 4GB virtual address.
# This output file may be truncated or incomplete.
#
#  Out of Memory Error (arena.cpp:189), pid=3096, tid=1428
#
# JRE version: OpenJDK Runtime Environment Temurin-17.0.6+10 (17.0.6+10) (build 17.0.6+10)
# Java VM: OpenJDK 64-Bit Server VM Temurin-17.0.6+10 (17.0.6+10, mixed mode, tiered, compressed oops, compressed class ptrs, parallel gc, windows-amd64)
# No core dump will be written. Minidumps are not enabled by default on client versions of Windows
#

---------------  S U M M A R Y ------------

Command Line: --add-modules=ALL-SYSTEM --add-opens=java.base/java.util=ALL-UNNAMED --add-opens=java.base/java.lang=ALL-UNNAMED --add-opens=java.base/sun.nio.fs=ALL-UNNAMED -Declipse.application=org.eclipse.jdt.ls.core.id1 -Dosgi.bundles.defaultStartLevel=4 -Declipse.product=org.eclipse.jdt.ls.core.product -Djava.import.generatesMetadataFilesAtProjectRoot=false -Dfile.encoding=utf8 -XX:+UseParallelGC -XX:GCTimeRatio=4 -XX:AdaptiveSizePolicyWeight=90 -Dsun.zip.disableMemoryMapping=true -Xmx1G -Xms100m -Xlog:disable -javaagent:c:\Users\Анастасия\.vscode\extensions\redhat.java-1.15.0-win32-x64\lombok\lombok-1.18.24.jar c:\Users\Анастасия\.vscode\extensions\redhat.java-1.15.0-win32-x64\server\plugins\org.eclipse.equinox.launcher_1.6.400.v20210924-0641.jar -configuration c:\Users\Анастасия\AppData\Roaming\Code\User\globalStorage\redhat.java\1.15.0\config_ss_win -data c:\Users\Анастасия\AppData\Roaming\Code\User\workspaceStorage\48e8b926c512a1251546536aae2d32f1\redhat.java\ss_ws

Host: Intel(R) Core(TM) i3-2330M CPU @ 2.20GHz, 4 cores, 1G,  Windows 7 , 64 bit Build 7601 (6.1.7601.24384)
Time: Sun Feb 25 09:38:41 2024 Московское время (зима) elapsed time: 13.070792 seconds (0d 0h 0m 13s)

---------------  T H R E A D  ---------------

Current thread (0x0000000057131ad0):  JavaThread "C2 CompilerThread0" daemon [_thread_in_native, id=1428, stack(0x0000000059680000,0x0000000059780000)]


Current CompileTask:
C2:  13070 2364       4       org.objectweb.asm.ClassReader::readMethod (1066 bytes)

Stack: [0x0000000059680000,0x0000000059780000]
Native frames: (J=compiled Java code, j=interpreted, Vv=VM code, C=native code)
V  [jvm.dll+0x67741a]
V  [jvm.dll+0x834434]
V  [jvm.dll+0x835bde]
V  [jvm.dll+0x836243]
V  [jvm.dll+0x2457b5]
V  [jvm.dll+0xabafc]
V  [jvm.dll+0xac0cc]
V  [jvm.dll+0x3634e7]
V  [jvm.dll+0x1bbd68]
V  [jvm.dll+0x218749]
V  [jvm.dll+0x217a11]
V  [jvm.dll+0x1a3d0d]
V  [jvm.dll+0x22742a]
V  [jvm.dll+0x225565]
V  [jvm.dll+0x7ea2cb]
V  [jvm.dll+0x7e483a]
V  [jvm.dll+0x6762c5]
C  [ucrtbase.DLL+0x1c1ae]
C  [kernel32.dll+0x1570d]
C  [ntdll.dll+0x5385d]


---------------  P R O C E S S  ---------------

Threads class SMR info:
_java_thread_list=0x000000005cef17e0, length=20, elements={
0x0000000000284630, 0x00000000571213a0, 0x0000000057122f10, 0x000000005712cbb0,
0x000000005712d730, 0x000000005712e2b0, 0x000000005712ee30, 0x0000000057131ad0,
0x00000000571cad10, 0x00000000571cb220, 0x0000000057080890, 0x0000000059cea2c0,
0x000000005e0101e0, 0x000000005d5ee780, 0x000000005e06cd90, 0x000000005e0a09f0,
0x000000005e518020, 0x000000005cfebfe0, 0x000000005cfaa350, 0x000000005d2a9cb0
}

Java Threads: ( => current thread )
  0x0000000000284630 JavaThread "main" [_thread_blocked, id=4504, stack(0x00000000021a0000,0x00000000022a0000)]
  0x00000000571213a0 JavaThread "Reference Handler" daemon [_thread_blocked, id=5936, stack(0x0000000058bb0000,0x0000000058cb0000)]
  0x0000000057122f10 JavaThread "Finalizer" daemon [_thread_blocked, id=5984, stack(0x0000000058e90000,0x0000000058f90000)]
  0x000000005712cbb0 JavaThread "Signal Dispatcher" daemon [_thread_blocked, id=5976, stack(0x0000000058d40000,0x0000000058e40000)]
  0x000000005712d730 JavaThread "Attach Listener" daemon [_thread_blocked, id=6040, stack(0x0000000059060000,0x0000000059160000)]
  0x000000005712e2b0 JavaThread "Service Thread" daemon [_thread_blocked, id=1516, stack(0x00000000591d0000,0x00000000592d0000)]
  0x000000005712ee30 JavaThread "Monitor Deflation Thread" daemon [_thread_blocked, id=6024, stack(0x0000000059440000,0x0000000059540000)]
=>0x0000000057131ad0 JavaThread "C2 CompilerThread0" daemon [_thread_in_native, id=1428, stack(0x0000000059680000,0x0000000059780000)]
  0x00000000571cad10 JavaThread "C1 CompilerThread0" daemon [_thread_blocked, id=6016, stack(0x0000000059870000,0x0000000059970000)]
  0x00000000571cb220 JavaThread "Sweeper thread" daemon [_thread_blocked, id=6476, stack(0x0000000059970000,0x0000000059a70000)]
  0x0000000057080890 JavaThread "Common-Cleaner" daemon [_thread_blocked, id=6572, stack(0x0000000059f10000,0x000000005a010000)]
  0x0000000059cea2c0 JavaThread "Notification Thread" daemon [_thread_blocked, id=3388, stack(0x000000005ccf0000,0x000000005cdf0000)]
  0x000000005e0101e0 JavaThread "Active Thread: Equinox Container: 051e3ef5-aefa-4750-8f3f-6ee0874b2bdb" [_thread_blocked, id=652, stack(0x000000005f1a0000,0x000000005f2a0000)]
  0x000000005d5ee780 JavaThread "Framework Event Dispatcher: Equinox Container: 051e3ef5-aefa-4750-8f3f-6ee0874b2bdb" daemon [_thread_blocked, id=6500, stack(0x000000005f2c0000,0x000000005f3c0000)]
  0x000000005e06cd90 JavaThread "Start Level: Equinox Container: 051e3ef5-aefa-4750-8f3f-6ee0874b2bdb" daemon [_thread_in_vm, id=7084, stack(0x000000005f480000,0x000000005f580000)]
  0x000000005e0a09f0 JavaThread "SCR Component Actor" daemon [_thread_blocked, id=4804, stack(0x000000005f040000,0x000000005f140000)]
  0x000000005e518020 JavaThread "SCR Component Registry" daemon [_thread_blocked, id=1508, stack(0x000000005f5e0000,0x000000005f6e0000)]
  0x000000005cfebfe0 JavaThread "Worker-JM" [_thread_blocked, id=5176, stack(0x00000000600d0000,0x00000000601d0000)]
  0x000000005cfaa350 JavaThread "Worker-0" [_thread_blocked, id=7076, stack(0x000000005f700000,0x000000005f800000)]
  0x000000005d2a9cb0 JavaThread "Worker-1" [_thread_blocked, id=7092, stack(0x0000000060230000,0x0000000060330000)]

Other Threads:
  0x0000000014a1f670 VMThread "VM Thread" [stack: 0x0000000058a70000,0x0000000058b70000] [id=6012]
  0x0000000059ce9c30 WatcherThread [stack: 0x000000005cbd0000,0x000000005ccd0000] [id=5576]
  0x000000000029dd10 GCTaskThread "GC Thread#0" [stack: 0x0000000014a70000,0x0000000014b70000] [id=6036]
  0x000000005d459870 GCTaskThread "GC Thread#1" [stack: 0x0000000059570000,0x0000000059670000] [id=7100]
  0x000000005d383a40 GCTaskThread "GC Thread#2" [stack: 0x000000005d6f0000,0x000000005d7f0000] [id=3412]
  0x000000005d383cf0 GCTaskThread "GC Thread#3" [stack: 0x000000005d5f0000,0x000000005d6f0000] [id=1556]

Threads with active compile tasks:
C2 CompilerThread0    13478 2364       4       org.objectweb.asm.ClassReader::readMethod (1066 bytes)

VM state: not at safepoint (normal execution)

VM Mutex/Monitor currently owned by a thread: None

Heap address: 0x00000000c0000000, size: 1024 MB, Compressed Oops mode: 32-bit

CDS archive(s) not mapped
Compressed class space mapped at: 0x0000000017000000-0x0000000057000000, reserved size: 1073741824
Narrow klass base: 0x0000000000000000, Narrow klass shift: 0, Narrow klass range: 0x57000000

GC Precious Log:
 CPUs: 4 total, 4 available
 Memory: 1961M
 Large Page Support: Disabled
 NUMA Support: Disabled
 Compressed Oops: Enabled (32-bit)
 Alignments: Space 512K, Generation 512K, Heap 2M
 Heap Min Capacity: 100M
 Heap Initial Capacity: 100M
 Heap Max Capacity: 1G
 Pre-touch: Disabled
 Parallel Workers: 4

Heap:
 PSYoungGen      total 26112K, used 11175K [0x00000000eab00000, 0x00000000ec880000, 0x0000000100000000)
  eden space 25088K, 41% used [0x00000000eab00000,0x00000000eb5475d8,0x00000000ec380000)
  from space 1024K, 63% used [0x00000000ec400000,0x00000000ec4a2898,0x00000000ec500000)
  to   space 2560K, 0% used [0x00000000ec600000,0x00000000ec600000,0x00000000ec880000)
 ParOldGen       total 68608K, used 6934K [0x00000000c0000000, 0x00000000c4300000, 0x00000000eab00000)
  object space 68608K, 10% used [0x00000000c0000000,0x00000000c06c5968,0x00000000c4300000)
 Metaspace       used 26060K, committed 26496K, reserved 1073152K
  class space    used 2532K, committed 2688K, reserved 1048576K

Card table byte_map: [0x0000000014760000,0x0000000014970000] _byte_map_base: 0x0000000014160000

Marking Bits: (ParMarkBitMap*) 0x000007fed77f3e70
 Begin Bits: [0x0000000014cd0000, 0x0000000015cd0000)
 End Bits:   [0x0000000015cd0000, 0x0000000016cd0000)

Polling page: 0x00000000000b0000

Metaspace:

Usage:
  Non-class:     22.98 MB used.
      Class:      2.47 MB used.
       Both:     25.45 MB used.

Virtual space:
  Non-class space:       24.00 MB reserved,      23.25 MB ( 97%) committed,  3 nodes.
      Class space:        1.00 GB reserved,       2.63 MB ( <1%) committed,  1 nodes.
             Both:        1.02 GB reserved,      25.88 MB (  2%) committed. 

Chunk freelists:
   Non-Class:  336.00 KB
       Class:  1.38 MB
        Both:  1.70 MB

MaxMetaspaceSize: unlimited
CompressedClassSpaceSize: 1.00 GB
Initial GC threshold: 21.00 MB
Current GC threshold: 35.00 MB
CDS: off
MetaspaceReclaimPolicy: balanced
 - commit_granule_bytes: 65536.
 - commit_granule_words: 8192.
 - virtual_space_node_default_size: 1048576.
 - enlarge_chunks_in_place: 1.
 - new_chunks_are_fully_committed: 0.
 - uncommit_free_chunks: 1.
 - use_allocation_guard: 0.
 - handle_deallocations: 1.


Internal statistics:

num_allocs_failed_limit: 3.
num_arena_births: 200.
num_arena_deaths: 14.
num_vsnodes_births: 4.
num_vsnodes_deaths: 0.
num_space_committed: 414.
num_space_uncommitted: 0.
num_chunks_returned_to_freelist: 17.
num_chunks_taken_from_freelist: 860.
num_chunk_merges: 4.
num_chunk_splits: 579.
num_chunks_enlarged: 426.
num_purges: 2.
num_inconsistent_stats: 0.

CodeHeap 'non-profiled nmethods': size=120000Kb used=892Kb max_used=892Kb free=119107Kb
 bounds [0x000000000d140000, 0x000000000d3b0000, 0x0000000014670000]
CodeHeap 'profiled nmethods': size=120000Kb used=4706Kb max_used=4706Kb free=115293Kb
 bounds [0x0000000005670000, 0x0000000005b10000, 0x000000000cba0000]
CodeHeap 'non-nmethods': size=5760Kb used=1223Kb max_used=1236Kb free=4536Kb
 bounds [0x000000000cba0000, 0x000000000ce10000, 0x000000000d140000]
 total_blobs=2910 nmethods=2371 adapters=453
 compilation: enabled
              stopped_count=0, restarted_count=0
 full_count=0

Compilation events (20 events):
Event: 11.966 Thread 0x00000000571cad10 nmethod 2362 0x0000000005afa510 code [0x0000000005afa6c0, 0x0000000005afa888]
Event: 11.966 Thread 0x00000000571cad10 2363       3       org.objectweb.asm.Symbol::getArgumentsAndReturnSizes (23 bytes)
Event: 11.967 Thread 0x0000000057131ad0 2364       4       org.objectweb.asm.ClassReader::readMethod (1066 bytes)
Event: 11.967 Thread 0x00000000571cad10 nmethod 2363 0x0000000005afa990 code [0x0000000005afab40, 0x0000000005afacc8]
Event: 11.980 Thread 0x00000000571cad10 2366       3       org.objectweb.asm.SymbolTable::put (150 bytes)
Event: 11.982 Thread 0x00000000571cad10 nmethod 2366 0x0000000005afad90 code [0x0000000005afaf60, 0x0000000005afb658]
Event: 11.985 Thread 0x00000000571cad10 2367 %     3       org.objectweb.asm.ClassReader::<init> @ 110 (371 bytes)
Event: 11.989 Thread 0x00000000571cad10 nmethod 2367% 0x0000000005afb910 code [0x0000000005afbc00, 0x0000000005afcf58]
Event: 11.989 Thread 0x00000000571cad10 2368       3       org.objectweb.asm.ClassReader::<init> (371 bytes)
Event: 11.992 Thread 0x00000000571cad10 nmethod 2368 0x0000000005afd510 code [0x0000000005afd7e0, 0x0000000005afe9d8]
Event: 11.994 Thread 0x00000000571cad10 2369       3       org.objectweb.asm.SymbolTable::hash (14 bytes)
Event: 11.994 Thread 0x00000000571cad10 nmethod 2369 0x0000000005afef90 code [0x0000000005aff120, 0x0000000005aff218]
Event: 11.996 Thread 0x00000000571cad10 2370 %     3       org.objectweb.asm.SymbolTable::<init> @ 98 (536 bytes)
Event: 12.004 Thread 0x00000000571cad10 nmethod 2370% 0x0000000005aff290 code [0x0000000005aff840, 0x0000000005b02448]
Event: 12.004 Thread 0x00000000571cad10 2371       3       org.objectweb.asm.SymbolTable::<init> (536 bytes)
Event: 12.010 Thread 0x00000000571cad10 nmethod 2371 0x0000000005b03610 code [0x0000000005b03bc0, 0x0000000005b06628]
Event: 12.011 Thread 0x00000000571cad10 2372       3       java.util.Arrays$ArrayItr::next (36 bytes)
Event: 12.012 Thread 0x00000000571cad10 nmethod 2372 0x0000000005b07790 code [0x0000000005b07940, 0x0000000005b07b88]
Event: 12.746 Thread 0x00000000571cad10 2374       3       java.util.concurrent.locks.AbstractQueuedSynchronizer::casTail (13 bytes)
Event: 12.746 Thread 0x00000000571cad10 nmethod 2374 0x0000000005b07c90 code [0x0000000005b07e20, 0x0000000005b07f58]

GC Heap History (12 events):
Event: 2.632 GC heap before
{Heap before GC invocations=1 (full 0):
 PSYoungGen      total 29696K, used 25600K [0x00000000eab00000, 0x00000000ecc00000, 0x0000000100000000)
  eden space 25600K, 100% used [0x00000000eab00000,0x00000000ec400000,0x00000000ec400000)
  from space 4096K, 0% used [0x00000000ec800000,0x00000000ec800000,0x00000000ecc00000)
  to   space 4096K, 0% used [0x00000000ec400000,0x00000000ec400000,0x00000000ec800000)
 ParOldGen       total 68608K, used 0K [0x00000000c0000000, 0x00000000c4300000, 0x00000000eab00000)
  object space 68608K, 0% used [0x00000000c0000000,0x00000000c0000000,0x00000000c4300000)
 Metaspace       used 11097K, committed 11328K, reserved 1064960K
  class space    used 1108K, committed 1216K, reserved 1048576K
}
Event: 2.654 GC heap after
{Heap after GC invocations=1 (full 0):
 PSYoungGen      total 29696K, used 3201K [0x00000000eab00000, 0x00000000ecc00000, 0x0000000100000000)
  eden space 25600K, 0% used [0x00000000eab00000,0x00000000eab00000,0x00000000ec400000)
  from space 4096K, 78% used [0x00000000ec400000,0x00000000ec720690,0x00000000ec800000)
  to   space 4096K, 0% used [0x00000000ec800000,0x00000000ec800000,0x00000000ecc00000)
 ParOldGen       total 68608K, used 39K [0x00000000c0000000, 0x00000000c4300000, 0x00000000eab00000)
  object space 68608K, 0% used [0x00000000c0000000,0x00000000c0009de0,0x00000000c4300000)
 Metaspace       used 11097K, committed 11328K, reserved 1064960K
  class space    used 1108K, committed 1216K, reserved 1048576K
}
Event: 4.992 GC heap before
{Heap before GC invocations=2 (full 0):
 PSYoungGen      total 29696K, used 28801K [0x00000000eab00000, 0x00000000ecc00000, 0x0000000100000000)
  eden space 25600K, 100% used [0x00000000eab00000,0x00000000ec400000,0x00000000ec400000)
  from space 4096K, 78% used [0x00000000ec400000,0x00000000ec720690,0x00000000ec800000)
  to   space 4096K, 0% used [0x00000000ec800000,0x00000000ec800000,0x00000000ecc00000)
 ParOldGen       total 68608K, used 39K [0x00000000c0000000, 0x00000000c4300000, 0x00000000eab00000)
  object space 68608K, 0% used [0x00000000c0000000,0x00000000c0009de0,0x00000000c4300000)
 Metaspace       used 15028K, committed 15232K, reserved 1064960K
  class space    used 1523K, committed 1600K, reserved 1048576K
}
Event: 5.007 GC heap after
{Heap after GC invocations=2 (full 0):
 PSYoungGen      total 29696K, used 4077K [0x00000000eab00000, 0x00000000ecc00000, 0x0000000100000000)
  eden space 25600K, 0% used [0x00000000eab00000,0x00000000eab00000,0x00000000ec400000)
  from space 4096K, 99% used [0x00000000ec800000,0x00000000ecbfb708,0x00000000ecc00000)
  to   space 4096K, 0% used [0x00000000ec400000,0x00000000ec400000,0x00000000ec800000)
 ParOldGen       total 68608K, used 806K [0x00000000c0000000, 0x00000000c4300000, 0x00000000eab00000)
  object space 68608K, 1% used [0x00000000c0000000,0x00000000c00c9930,0x00000000c4300000)
 Metaspace       used 15028K, committed 15232K, reserved 1064960K
  class space    used 1523K, committed 1600K, reserved 1048576K
}
Event: 7.728 GC heap before
{Heap before GC invocations=3 (full 0):
 PSYoungGen      total 29696K, used 29677K [0x00000000eab00000, 0x00000000ecc00000, 0x0000000100000000)
  eden space 25600K, 100% used [0x00000000eab00000,0x00000000ec400000,0x00000000ec400000)
  from space 4096K, 99% used [0x00000000ec800000,0x00000000ecbfb708,0x00000000ecc00000)
  to   space 4096K, 0% used [0x00000000ec400000,0x00000000ec400000,0x00000000ec800000)
 ParOldGen       total 68608K, used 806K [0x00000000c0000000, 0x00000000c4300000, 0x00000000eab00000)
  object space 68608K, 1% used [0x00000000c0000000,0x00000000c00c9930,0x00000000c4300000)
 Metaspace       used 20179K, committed 20608K, reserved 1073152K
  class space    used 2042K, committed 2240K, reserved 1048576K
}
Event: 7.742 GC heap after
{Heap after GC invocations=3 (full 0):
 PSYoungGen      total 29696K, used 4084K [0x00000000eab00000, 0x00000000ecc00000, 0x0000000100000000)
  eden space 25600K, 0% used [0x00000000eab00000,0x00000000eab00000,0x00000000ec400000)
  from space 4096K, 99% used [0x00000000ec400000,0x00000000ec7fd3c0,0x00000000ec800000)
  to   space 4096K, 0% used [0x00000000ec800000,0x00000000ec800000,0x00000000ecc00000)
 ParOldGen       total 68608K, used 2834K [0x00000000c0000000, 0x00000000c4300000, 0x00000000eab00000)
  object space 68608K, 4% used [0x00000000c0000000,0x00000000c02c4a98,0x00000000c4300000)
 Metaspace       used 20179K, committed 20608K, reserved 1073152K
  class space    used 2042K, committed 2240K, reserved 1048576K
}
Event: 8.624 GC heap before
{Heap before GC invocations=4 (full 0):
 PSYoungGen      total 29696K, used 10226K [0x00000000eab00000, 0x00000000ecc00000, 0x0000000100000000)
  eden space 25600K, 23% used [0x00000000eab00000,0x00000000eb0ff448,0x00000000ec400000)
  from space 4096K, 99% used [0x00000000ec400000,0x00000000ec7fd3c0,0x00000000ec800000)
  to   space 4096K, 0% used [0x00000000ec800000,0x00000000ec800000,0x00000000ecc00000)
 ParOldGen       total 68608K, used 2834K [0x00000000c0000000, 0x00000000c4300000, 0x00000000eab00000)
  object space 68608K, 4% used [0x00000000c0000000,0x00000000c02c4a98,0x00000000c4300000)
 Metaspace       used 21104K, committed 21504K, reserved 1073152K
  class space    used 2151K, committed 2304K, reserved 1048576K
}
Event: 8.643 GC heap after
{Heap after GC invocations=4 (full 0):
 PSYoungGen      total 29696K, used 4084K [0x00000000eab00000, 0x00000000ecc00000, 0x0000000100000000)
  eden space 25600K, 0% used [0x00000000eab00000,0x00000000eab00000,0x00000000ec400000)
  from space 4096K, 99% used [0x00000000ec800000,0x00000000ecbfd3a0,0x00000000ecc00000)
  to   space 4096K, 0% used [0x00000000ec400000,0x00000000ec400000,0x00000000ec800000)
 ParOldGen       total 68608K, used 3042K [0x00000000c0000000, 0x00000000c4300000, 0x00000000eab00000)
  object space 68608K, 4% used [0x00000000c0000000,0x00000000c02f8a98,0x00000000c4300000)
 Metaspace       used 21104K, committed 21504K, reserved 1073152K
  class space    used 2151K, committed 2304K, reserved 1048576K
}
Event: 8.643 GC heap before
{Heap before GC invocations=5 (full 1):
 PSYoungGen      total 29696K, used 4084K [0x00000000eab00000, 0x00000000ecc00000, 0x0000000100000000)
  eden space 25600K, 0% used [0x00000000eab00000,0x00000000eab00000,0x00000000ec400000)
  from space 4096K, 99% used [0x00000000ec800000,0x00000000ecbfd3a0,0x00000000ecc00000)
  to   space 4096K, 0% used [0x00000000ec400000,0x00000000ec400000,0x00000000ec800000)
 ParOldGen       total 68608K, used 3042K [0x00000000c0000000, 0x00000000c4300000, 0x00000000eab00000)
  object space 68608K, 4% used [0x00000000c0000000,0x00000000c02f8a98,0x00000000c4300000)
 Metaspace       used 21104K, committed 21504K, reserved 1073152K
  class space    used 2151K, committed 2304K, reserved 1048576K
}
Event: 8.722 GC heap after
{Heap after GC invocations=5 (full 1):
 PSYoungGen      total 29696K, used 0K [0x00000000eab00000, 0x00000000ecc00000, 0x0000000100000000)
  eden space 25600K, 0% used [0x00000000eab00000,0x00000000eab00000,0x00000000ec400000)
  from space 4096K, 0% used [0x00000000ec800000,0x00000000ec800000,0x00000000ecc00000)
  to   space 4096K, 0% used [0x00000000ec400000,0x00000000ec400000,0x00000000ec800000)
 ParOldGen       total 68608K, used 6926K [0x00000000c0000000, 0x00000000c4300000, 0x00000000eab00000)
  object space 68608K, 10% used [0x00000000c0000000,0x00000000c06c3968,0x00000000c4300000)
 Metaspace       used 21091K, committed 21504K, reserved 1073152K
  class space    used 2148K, committed 2304K, reserved 1048576K
}
Event: 11.232 GC heap before
{Heap before GC invocations=6 (full 1):
 PSYoungGen      total 29696K, used 25600K [0x00000000eab00000, 0x00000000ecc00000, 0x0000000100000000)
  eden space 25600K, 100% used [0x00000000eab00000,0x00000000ec400000,0x00000000ec400000)
  from space 4096K, 0% used [0x00000000ec800000,0x00000000ec800000,0x00000000ecc00000)
  to   space 4096K, 0% used [0x00000000ec400000,0x00000000ec400000,0x00000000ec800000)
 ParOldGen       total 68608K, used 6926K [0x00000000c0000000, 0x00000000c4300000, 0x00000000eab00000)
  object space 68608K, 10% used [0x00000000c0000000,0x00000000c06c3968,0x00000000c4300000)
 Metaspace       used 24543K, committed 24960K, reserved 1073152K
  class space    used 2390K, committed 2560K, reserved 1048576K
}
Event: 11.237 GC heap after
{Heap after GC invocations=6 (full 1):
 PSYoungGen      total 26112K, used 650K [0x00000000eab00000, 0x00000000ec880000, 0x0000000100000000)
  eden space 25088K, 0% used [0x00000000eab00000,0x00000000eab00000,0x00000000ec380000)
  from space 1024K, 63% used [0x00000000ec400000,0x00000000ec4a2898,0x00000000ec500000)
  to   space 2560K, 0% used [0x00000000ec600000,0x00000000ec600000,0x00000000ec880000)
 ParOldGen       total 68608K, used 6934K [0x00000000c0000000, 0x00000000c4300000, 0x00000000eab00000)
  object space 68608K, 10% used [0x00000000c0000000,0x00000000c06c5968,0x00000000c4300000)
 Metaspace       used 24543K, committed 24960K, reserved 1073152K
  class space    used 2390K, committed 2560K, reserved 1048576K
}

Dll operation events (9 events):
Event: 0.042 Loaded shared library c:\Users\Анастасия\.vscode\extensions\redhat.java-1.15.0-win32-x64\jre\17.0.6-win32-x86_64\bin\java.dll
Event: 0.604 Loaded shared library c:\Users\Анастасия\.vscode\extensions\redhat.java-1.15.0-win32-x64\jre\17.0.6-win32-x86_64\bin\zip.dll
Event: 0.613 Loaded shared library C:\Users\Анастасия\.vscode\extensions\redhat.java-1.15.0-win32-x64\jre\17.0.6-win32-x86_64\bin\instrument.dll
Event: 0.652 Loaded shared library C:\Users\Анастасия\.vscode\extensions\redhat.java-1.15.0-win32-x64\jre\17.0.6-win32-x86_64\bin\net.dll
Event: 0.656 Loaded shared library C:\Users\Анастасия\.vscode\extensions\redhat.java-1.15.0-win32-x64\jre\17.0.6-win32-x86_64\bin\nio.dll
Event: 0.674 Loaded shared library C:\Users\Анастасия\.vscode\extensions\redhat.java-1.15.0-win32-x64\jre\17.0.6-win32-x86_64\bin\zip.dll
Event: 0.707 Loaded shared library C:\Users\Анастасия\.vscode\extensions\redhat.java-1.15.0-win32-x64\jre\17.0.6-win32-x86_64\bin\jimage.dll
Event: 0.817 Loaded shared library c:\Users\Анастасия\.vscode\extensions\redhat.java-1.15.0-win32-x64\jre\17.0.6-win32-x86_64\bin\verify.dll
Event: 4.313 Loaded shared library C:\Users\Анастасия\AppData\Roaming\Code\User\globalStorage\redhat.java\1.15.0\config_ss_win\org.eclipse.equinox.launcher\org.eclipse.equinox.launcher.win32.win32.x86_64_1.2.700.v20221108-1024\eclipse_11801.dll

Deoptimization events (20 events):
Event: 7.751 Thread 0x000000005e06cd90 DEOPT PACKING pc=0x000000000d1e87cc sp=0x000000005f5790f0
Event: 7.751 Thread 0x000000005e06cd90 DEOPT UNPACKING pc=0x000000000cbf66a3 sp=0x000000005f579078 mode 2
Event: 7.751 Thread 0x000000005e06cd90 Uncommon trap: trap_request=0xffffffc6 fr.pc=0x000000000d1e87cc relative=0x0000000000001c2c
Event: 7.751 Thread 0x000000005e06cd90 Uncommon trap: reason=bimorphic_or_optimized_type_check action=maybe_recompile pc=0x000000000d1e87cc method=java.io.DataInputStream.readUnsignedShort()I @ 4 c2
Event: 7.751 Thread 0x000000005e06cd90 DEOPT PACKING pc=0x000000000d1e87cc sp=0x000000005f579030
Event: 7.751 Thread 0x000000005e06cd90 DEOPT UNPACKING pc=0x000000000cbf66a3 sp=0x000000005f578fb8 mode 2
Event: 7.751 Thread 0x000000005e06cd90 Uncommon trap: trap_request=0xffffffc6 fr.pc=0x000000000d1e87cc relative=0x0000000000001c2c
Event: 7.751 Thread 0x000000005e06cd90 Uncommon trap: reason=bimorphic_or_optimized_type_check action=maybe_recompile pc=0x000000000d1e87cc method=java.io.DataInputStream.readUnsignedShort()I @ 4 c2
Event: 7.751 Thread 0x000000005e06cd90 DEOPT PACKING pc=0x000000000d1e87cc sp=0x000000005f578f80
Event: 7.751 Thread 0x000000005e06cd90 DEOPT UNPACKING pc=0x000000000cbf66a3 sp=0x000000005f578f08 mode 2
Event: 8.032 Thread 0x000000005e06cd90 Uncommon trap: trap_request=0xffffff45 fr.pc=0x000000000d1c1840 relative=0x0000000000000040
Event: 8.032 Thread 0x000000005e06cd90 Uncommon trap: reason=unstable_if action=reinterpret pc=0x000000000d1c1840 method=sun.nio.fs.WindowsPathParser.isSlash(C)Z @ 9 c2
Event: 8.032 Thread 0x000000005e06cd90 DEOPT PACKING pc=0x000000000d1c1840 sp=0x000000005f578e20
Event: 8.032 Thread 0x000000005e06cd90 DEOPT UNPACKING pc=0x000000000cbf66a3 sp=0x000000005f578da8 mode 2
Event: 8.166 Thread 0x000000005e06cd90 Uncommon trap: trap_request=0xffffffbe fr.pc=0x000000000d1a90f4 relative=0x0000000000000634
Event: 8.166 Thread 0x000000005e06cd90 Uncommon trap: reason=profile_predicate action=maybe_recompile pc=0x000000000d1a90f4 method=java.net.URI$Parser.scan(IIJJ)I @ 3 c2
Event: 8.166 Thread 0x000000005e06cd90 DEOPT PACKING pc=0x000000000d1a90f4 sp=0x000000005f578480
Event: 8.166 Thread 0x000000005e06cd90 DEOPT UNPACKING pc=0x000000000cbf66a3 sp=0x000000005f5783f8 mode 2
Event: 8.791 Thread 0x000000005cfaa350 DEOPT PACKING pc=0x00000000058a0796 sp=0x000000005f7fe920
Event: 8.791 Thread 0x000000005cfaa350 DEOPT UNPACKING pc=0x000000000cbf6e43 sp=0x000000005f7fddf8 mode 0

Classes unloaded (7 events):
Event: 8.664 Thread 0x0000000014a1f670 Unloading class 0x000000001721a400 'java/lang/invoke/LambdaForm$MH+0x000000001721a400'
Event: 8.664 Thread 0x0000000014a1f670 Unloading class 0x000000001721a000 'java/lang/invoke/LambdaForm$MH+0x000000001721a000'
Event: 8.664 Thread 0x0000000014a1f670 Unloading class 0x0000000017219c00 'java/lang/invoke/LambdaForm$MH+0x0000000017219c00'
Event: 8.664 Thread 0x0000000014a1f670 Unloading class 0x0000000017219800 'java/lang/invoke/LambdaForm$MH+0x0000000017219800'
Event: 8.664 Thread 0x0000000014a1f670 Unloading class 0x0000000017219000 'java/lang/invoke/LambdaForm$BMH+0x0000000017219000'
Event: 8.664 Thread 0x0000000014a1f670 Unloading class 0x0000000017218c00 'java/lang/invoke/LambdaForm$DMH+0x0000000017218c00'
Event: 8.664 Thread 0x0000000014a1f670 Unloading class 0x0000000017216000 'java/lang/invoke/LambdaForm$DMH+0x0000000017216000'

Classes redefined (0 events):
No events

Internal exceptions (20 events):
Event: 7.193 Thread 0x000000005e06cd90 Exception <a 'java/lang/NoSuchMethodError'{0x00000000ebf87650}: 'void java.lang.invoke.DelegatingMethodHandle$Holder.delegate(java.lang.Object, java.lang.Object, int, java.lang.Object)'> (0x00000000ebf87650) 
thrown [s\src\hotspot\share\interpreter\linkResolver.cpp, line 759]
Event: 7.194 Thread 0x000000005e06cd90 Exception <a 'java/lang/NoSuchMethodError'{0x00000000ebf8ba38}: 'int java.lang.invoke.DirectMethodHandle$Holder.invokeSpecial(java.lang.Object, java.lang.Object, java.lang.Object)'> (0x00000000ebf8ba38) 
thrown [s\src\hotspot\share\interpreter\linkResolver.cpp, line 759]
Event: 7.196 Thread 0x000000005e06cd90 Exception <a 'java/lang/NoSuchMethodError'{0x00000000ebf9c9f0}: 'int java.lang.invoke.DirectMethodHandle$Holder.invokeStatic(java.lang.Object, java.lang.Object, int)'> (0x00000000ebf9c9f0) 
thrown [s\src\hotspot\share\interpreter\linkResolver.cpp, line 759]
Event: 7.197 Thread 0x000000005e06cd90 Exception <a 'java/lang/NoSuchMethodError'{0x00000000ebfa0a18}: 'int java.lang.invoke.DirectMethodHandle$Holder.invokeSpecial(java.lang.Object, java.lang.Object, java.lang.Object, int)'> (0x00000000ebfa0a18) 
thrown [s\src\hotspot\share\interpreter\linkResolver.cpp, line 759]
Event: 7.201 Thread 0x000000005e06cd90 Exception <a 'java/lang/NoSuchMethodError'{0x00000000ebfbc710}: 'java.lang.Object java.lang.invoke.DirectMethodHandle$Holder.invokeStatic(java.lang.Object, java.lang.Object, java.lang.Object, java.lang.Object, int)'> (0x00000000ebfbc710) 
thrown [s\src\hotspot\share\interpreter\linkResolver.cpp, line 759]
Event: 7.204 Thread 0x000000005e06cd90 Exception <a 'java/lang/NoSuchMethodError'{0x00000000ebfc8708}: 'java.lang.Object java.lang.invoke.DelegatingMethodHandle$Holder.reinvoke_L(java.lang.Object, java.lang.Object, java.lang.Object, java.lang.Object, int, int)'> (0x00000000ebfc8708) 
thrown [s\src\hotspot\share\interpreter\linkResolver.cpp, line 759]
Event: 7.211 Thread 0x000000005e06cd90 Exception <a 'java/lang/NoSuchMethodError'{0x00000000ebfe0650}: 'java.lang.Object java.lang.invoke.Invokers$Holder.invokeExact_MT(java.lang.Object, java.lang.Object, java.lang.Object, java.lang.Object)'> (0x00000000ebfe0650) 
thrown [s\src\hotspot\share\interpreter\linkResolver.cpp, line 759]
Event: 7.756 Thread 0x000000005e06cd90 Exception <a 'java/lang/NoSuchMethodError'{0x00000000eab6b498}: 'java.lang.Object java.lang.invoke.DirectMethodHandle$Holder.newInvokeSpecial(java.lang.Object, java.lang.Object, java.lang.Object, java.lang.Object, java.lang.Object)'> (0x00000000eab6b498) 
thrown [s\src\hotspot\share\interpreter\linkResolver.cpp, line 759]
Event: 8.395 Thread 0x000000005e06cd90 Exception <a 'java/lang/NoSuchMethodError'{0x00000000eaeee540}: 'java.lang.Object java.lang.invoke.DirectMethodHandle$Holder.invokeSpecial(java.lang.Object, java.lang.Object, java.lang.Object, long, java.lang.Object)'> (0x00000000eaeee540) 
thrown [s\src\hotspot\share\interpreter\linkResolver.cpp, line 759]
Event: 8.396 Thread 0x000000005e06cd90 Exception <a 'java/lang/NoSuchMethodError'{0x00000000eaef66f8}: 'java.lang.Object java.lang.invoke.DirectMethodHandle$Holder.newInvokeSpecial(java.lang.Object, java.lang.Object, java.lang.Object, long)'> (0x00000000eaef66f8) 
thrown [s\src\hotspot\share\interpreter\linkResolver.cpp, line 759]
Event: 8.397 Thread 0x000000005e06cd90 Exception <a 'java/lang/NoSuchMethodError'{0x00000000eaefac98}: 'java.lang.Object java.lang.invoke.DirectMethodHandle$Holder.invokeSpecial(java.lang.Object, java.lang.Object, java.lang.Object, java.lang.Object, long)'> (0x00000000eaefac98) 
thrown [s\src\hotspot\share\interpreter\linkResolver.cpp, line 759]
Event: 8.422 Thread 0x000000005e06cd90 Exception <a 'java/lang/NoSuchMethodError'{0x00000000eaf6f5e8}: 'int java.lang.invoke.DirectMethodHandle$Holder.invokeStaticInit(java.lang.Object, java.lang.Object, java.lang.Object)'> (0x00000000eaf6f5e8) 
thrown [s\src\hotspot\share\interpreter\linkResolver.cpp, line 759]
Event: 8.502 Thread 0x000000005e06cd90 Exception <a 'java/lang/IncompatibleClassChangeError'{0x00000000eafd8f58}: Found class java.lang.Object, but interface was expected> (0x00000000eafd8f58) 
thrown [s\src\hotspot\share\interpreter\linkResolver.cpp, line 826]
Event: 8.513 Thread 0x000000005e06cd90 Exception <a 'java/lang/NoSuchMethodError'{0x00000000eafedfb8}: 'java.lang.Object java.lang.invoke.DirectMethodHandle$Holder.invokeSpecial(java.lang.Object, java.lang.Object, java.lang.Object, int, java.lang.Object, java.lang.Object)'> (0x00000000eafedfb8) 
thrown [s\src\hotspot\share\interpreter\linkResolver.cpp, line 759]
Event: 8.520 Thread 0x000000005e06cd90 Exception <a 'java/lang/NoSuchMethodError'{0x00000000eaff6740}: 'java.lang.Object java.lang.invoke.DirectMethodHandle$Holder.newInvokeSpecial(java.lang.Object, java.lang.Object, java.lang.Object, int, java.lang.Object)'> (0x00000000eaff6740) 
thrown [s\src\hotspot\share\interpreter\linkResolver.cpp, line 759]
Event: 8.521 Thread 0x000000005e06cd90 Exception <a 'java/lang/NoSuchMethodError'{0x00000000eaffab98}: 'java.lang.Object java.lang.invoke.DirectMethodHandle$Holder.invokeSpecial(java.lang.Object, java.lang.Object, java.lang.Object, java.lang.Object, int, java.lang.Object)'> (0x00000000eaffab98) 
thrown [s\src\hotspot\share\interpreter\linkResolver.cpp, line 759]
Event: 8.537 Thread 0x000000005cfaa350 Exception <a 'java/lang/NoSuchMethodError'{0x00000000eaf4d8d0}: 'java.lang.Object java.lang.invoke.DirectMethodHandle$Holder.invokeSpecial(java.lang.Object, java.lang.Object, int, java.lang.Object, java.lang.Object)'> (0x00000000eaf4d8d0) 
thrown [s\src\hotspot\share\interpreter\linkResolver.cpp, line 759]
Event: 8.543 Thread 0x000000005cfaa350 Exception <a 'java/lang/NoSuchMethodError'{0x00000000eaf54fa0}: 'java.lang.Object java.lang.invoke.DirectMethodHandle$Holder.newInvokeSpecial(java.lang.Object, java.lang.Object, int, java.lang.Object)'> (0x00000000eaf54fa0) 
thrown [s\src\hotspot\share\interpreter\linkResolver.cpp, line 759]
Event: 8.544 Thread 0x000000005cfaa350 Exception <a 'java/lang/NoSuchMethodError'{0x00000000eaf58ab0}: 'java.lang.Object java.lang.invoke.DirectMethodHandle$Holder.invokeSpecial(java.lang.Object, java.lang.Object, java.lang.Object, int, java.lang.Object)'> (0x00000000eaf58ab0) 
thrown [s\src\hotspot\share\interpreter\linkResolver.cpp, line 759]
Event: 8.766 Thread 0x000000005cfaa350 Exception <a 'java/io/FileNotFoundException'{0x00000000eabc4d00}> (0x00000000eabc4d00) 
thrown [s\src\hotspot\share\prims\jni.cpp, line 516]

VM Operations (20 events):
Event: 4.992 Executing VM operation: ParallelGCFailedAllocation
Event: 5.007 Executing VM operation: ParallelGCFailedAllocation done
Event: 6.423 Executing VM operation: HandshakeAllThreads
Event: 6.423 Executing VM operation: HandshakeAllThreads done
Event: 6.423 Executing VM operation: Cleanup
Event: 6.424 Executing VM operation: Cleanup done
Event: 6.679 Executing VM operation: HandshakeAllThreads
Event: 6.679 Executing VM operation: HandshakeAllThreads done
Event: 7.188 Executing VM operation: HandshakeAllThreads
Event: 7.188 Executing VM operation: HandshakeAllThreads done
Event: 7.728 Executing VM operation: ParallelGCFailedAllocation
Event: 7.743 Executing VM operation: ParallelGCFailedAllocation done
Event: 8.613 Executing VM operation: HandshakeAllThreads
Event: 8.618 Executing VM operation: HandshakeAllThreads done
Event: 8.623 Executing VM operation: CollectForMetadataAllocation
Event: 8.722 Executing VM operation: CollectForMetadataAllocation done
Event: 10.722 Executing VM operation: Cleanup
Event: 10.807 Executing VM operation: Cleanup done
Event: 11.230 Executing VM operation: ParallelGCFailedAllocation
Event: 11.237 Executing VM operation: ParallelGCFailedAllocation done

Events (20 events):
Event: 9.461 loading class java/util/zip/GZIPInputStream
Event: 9.462 loading class java/util/zip/GZIPInputStream done
Event: 9.464 loading class java/util/zip/GZIPOutputStream
Event: 9.464 loading class java/util/zip/DeflaterOutputStream
Event: 9.464 loading class java/util/zip/DeflaterOutputStream done
Event: 9.464 loading class java/util/zip/GZIPOutputStream done
Event: 9.500 loading class java/net/SocketTimeoutException
Event: 9.500 loading class java/io/InterruptedIOException
Event: 9.500 loading class java/io/InterruptedIOException done
Event: 9.500 loading class java/net/SocketTimeoutException done
Event: 9.500 loading class java/net/SocketException
Event: 9.500 loading class java/net/SocketException done
Event: 9.500 loading class java/net/UnknownHostException
Event: 9.500 loading class java/net/UnknownHostException done
Event: 9.500 loading class java/net/ProtocolException
Event: 9.500 loading class java/net/ProtocolException done
Event: 10.076 loading class java/io/FileWriter
Event: 10.077 loading class java/io/FileWriter done
Event: 10.081 loading class java/lang/NegativeArraySizeException
Event: 10.081 loading class java/lang/NegativeArraySizeException done


Dynamic libraries:
0x000000013f3f0000 - 0x000000013f3fe000 	c:\Users\Анастасия\.vscode\extensions\redhat.java-1.15.0-win32-x64\jre\17.0.6-win32-x86_64\bin\java.exe
0x0000000077440000 - 0x00000000775df000 	C:\Windows\SYSTEM32\ntdll.dll
0x0000000077220000 - 0x000000007733f000 	C:\Windows\system32\kernel32.dll
0x000007fefd5d0000 - 0x000007fefd63a000 	C:\Windows\system32\KERNELBASE.dll
0x000007feddb70000 - 0x000007feddb87000 	c:\Users\Анастасия\.vscode\extensions\redhat.java-1.15.0-win32-x64\jre\17.0.6-win32-x86_64\bin\jli.dll
0x000007fefbb00000 - 0x000007fefbcf4000 	C:\Windows\WinSxS\amd64_microsoft.windows.common-controls_6595b64144ccf1df_6.0.7601.17514_none_fa396087175ac9ac\COMCTL32.dll
0x000007fefd740000 - 0x000007fefd7df000 	C:\Windows\system32\msvcrt.dll
0x000007fefd7e0000 - 0x000007fefd847000 	C:\Windows\system32\GDI32.dll
0x0000000077340000 - 0x000000007743a000 	C:\Windows\system32\USER32.dll
0x000007feff720000 - 0x000007feff72e000 	C:\Windows\system32\LPK.dll
0x000007fefde10000 - 0x000007fefded9000 	C:\Windows\system32\USP10.dll
0x000007fefd850000 - 0x000007fefd8c1000 	C:\Windows\system32\SHLWAPI.dll
0x000007fede680000 - 0x000007fede699000 	c:\Users\Анастасия\.vscode\extensions\redhat.java-1.15.0-win32-x64\jre\17.0.6-win32-x86_64\bin\VCRUNTIME140.dll
0x000007fef4dc0000 - 0x000007fef4dc4000 	c:\Users\Анастасия\.vscode\extensions\redhat.java-1.15.0-win32-x64\jre\17.0.6-win32-x86_64\bin\api-ms-win-crt-runtime-l1-1-0.dll
0x000007fedb420000 - 0x000007fedb51a000 	c:\Users\Анастасия\.vscode\extensions\redhat.java-1.15.0-win32-x64\jre\17.0.6-win32-x86_64\bin\ucrtbase.DLL
0x000007fef53b0000 - 0x000007fef53b3000 	c:\Users\Анастасия\.vscode\extensions\redhat.java-1.15.0-win32-x64\jre\17.0.6-win32-x86_64\bin\api-ms-win-core-localization-l1-2-0.dll
0x000007fede670000 - 0x000007fede673000 	c:\Users\Анастасия\.vscode\extensions\redhat.java-1.15.0-win32-x64\jre\17.0.6-win32-x86_64\bin\api-ms-win-core-processthreads-l1-1-1.dll
0x000007fef4d80000 - 0x000007fef4d83000 	c:\Users\Анастасия\.vscode\extensions\redhat.java-1.15.0-win32-x64\jre\17.0.6-win32-x86_64\bin\api-ms-win-core-file-l1-2-0.dll
0x000007feddb50000 - 0x000007feddb53000 	c:\Users\Анастасия\.vscode\extensions\redhat.java-1.15.0-win32-x64\jre\17.0.6-win32-x86_64\bin\api-ms-win-core-timezone-l1-1-0.dll
0x000007feddb60000 - 0x000007feddb63000 	c:\Users\Анастасия\.vscode\extensions\redhat.java-1.15.0-win32-x64\jre\17.0.6-win32-x86_64\bin\api-ms-win-core-file-l2-1-0.dll
0x000007fedd480000 - 0x000007fedd483000 	c:\Users\Анастасия\.vscode\extensions\redhat.java-1.15.0-win32-x64\jre\17.0.6-win32-x86_64\bin\api-ms-win-core-synch-l1-2-0.dll
0x000007feddb40000 - 0x000007feddb43000 	c:\Users\Анастасия\.vscode\extensions\redhat.java-1.15.0-win32-x64\jre\17.0.6-win32-x86_64\bin\api-ms-win-crt-heap-l1-1-0.dll
0x000007fedcaa0000 - 0x000007fedcaa4000 	c:\Users\Анастасия\.vscode\extensions\redhat.java-1.15.0-win32-x64\jre\17.0.6-win32-x86_64\bin\api-ms-win-crt-string-l1-1-0.dll
0x000007fedcab0000 - 0x000007fedcab4000 	c:\Users\Анастасия\.vscode\extensions\redhat.java-1.15.0-win32-x64\jre\17.0.6-win32-x86_64\bin\api-ms-win-crt-stdio-l1-1-0.dll
0x000007fedc8d0000 - 0x000007fedc8d4000 	c:\Users\Анастасия\.vscode\extensions\redhat.java-1.15.0-win32-x64\jre\17.0.6-win32-x86_64\bin\api-ms-win-crt-convert-l1-1-0.dll
0x000007fedc8e0000 - 0x000007fedc8e3000 	c:\Users\Анастасия\.vscode\extensions\redhat.java-1.15.0-win32-x64\jre\17.0.6-win32-x86_64\bin\api-ms-win-crt-environment-l1-1-0.dll
0x000007fedc8b0000 - 0x000007fedc8b3000 	c:\Users\Анастасия\.vscode\extensions\redhat.java-1.15.0-win32-x64\jre\17.0.6-win32-x86_64\bin\api-ms-win-crt-filesystem-l1-1-0.dll
0x000007fedc8c0000 - 0x000007fedc8c5000 	c:\Users\Анастасия\.vscode\extensions\redhat.java-1.15.0-win32-x64\jre\17.0.6-win32-x86_64\bin\api-ms-win-crt-math-l1-1-0.dll
0x000007fedb610000 - 0x000007fedb613000 	c:\Users\Анастасия\.vscode\extensions\redhat.java-1.15.0-win32-x64\jre\17.0.6-win32-x86_64\bin\api-ms-win-crt-locale-l1-1-0.dll
0x000007fefe0c0000 - 0x000007fefe0ee000 	C:\Windows\system32\IMM32.DLL
0x000007fefdce0000 - 0x000007fefdde9000 	C:\Windows\system32\MSCTF.dll
0x000007fefd340000 - 0x000007fefd370000 	C:\Windows\system32\nvinitx.dll
0x000007fefd330000 - 0x000007fefd33c000 	C:\Windows\system32\VERSION.dll
0x000007feff620000 - 0x000007feff6fb000 	C:\Windows\system32\ADVAPI32.dll
0x000007feff700000 - 0x000007feff71f000 	C:\Windows\SYSTEM32\sechost.dll
0x000007fefdef0000 - 0x000007fefe01c000 	C:\Windows\system32\RPCRT4.dll
0x0000000074f80000 - 0x0000000074f86000 	C:\Program Files\NVIDIA Corporation\CoProcManager\detoured.dll
0x000007fefa9d0000 - 0x000007fefaa08000 	C:\Program Files\NVIDIA Corporation\CoProcManager\nvd3d9wrapx.dll
0x000007fefd8d0000 - 0x000007fefdaa7000 	C:\Windows\system32\SETUPAPI.dll
0x000007fefd420000 - 0x000007fefd456000 	C:\Windows\system32\CFGMGR32.dll
0x000007fefe0f0000 - 0x000007fefe1c7000 	C:\Windows\system32\OLEAUT32.dll
0x000007fefe2f0000 - 0x000007fefe4f3000 	C:\Windows\system32\ole32.dll
0x000007fefd640000 - 0x000007fefd65a000 	C:\Windows\system32\DEVOBJ.dll
0x000007fefa9a0000 - 0x000007fefa9c4000 	C:\Program Files\NVIDIA Corporation\CoProcManager\nvdxgiwrapx.dll
0x0000000074180000 - 0x000000007418c000 	c:\??\C:\Program Files (x86)\360\Total Security\safemon\SafeWrapper.dll
0x000007fedb1b0000 - 0x000007fedb242000 	C:\Program Files (x86)\360\Total Security\safemon\libzdtp64.dll
0x000007fefe630000 - 0x000007feff3b8000 	C:\Windows\system32\SHELL32.dll
0x000007fedc8a0000 - 0x000007fedc8ac000 	c:\Users\Анастасия\.vscode\extensions\redhat.java-1.15.0-win32-x64\jre\17.0.6-win32-x86_64\bin\vcruntime140_1.dll
0x000007fedb110000 - 0x000007fedb1a1000 	c:\Users\Анастасия\.vscode\extensions\redhat.java-1.15.0-win32-x64\jre\17.0.6-win32-x86_64\bin\msvcp140.dll
0x000007fedb600000 - 0x000007fedb603000 	c:\Users\Анастасия\.vscode\extensions\redhat.java-1.15.0-win32-x64\jre\17.0.6-win32-x86_64\bin\api-ms-win-crt-time-l1-1-0.dll
0x000007fedb5f0000 - 0x000007fedb5f3000 	c:\Users\Анастасия\.vscode\extensions\redhat.java-1.15.0-win32-x64\jre\17.0.6-win32-x86_64\bin\api-ms-win-crt-utility-l1-1-0.dll
0x000007fed6c70000 - 0x000007fed78b7000 	c:\Users\Анастасия\.vscode\extensions\redhat.java-1.15.0-win32-x64\jre\17.0.6-win32-x86_64\bin\server\jvm.dll
0x000007fedb5e0000 - 0x000007fedb5e9000 	C:\Windows\system32\WSOCK32.dll
0x000007fefdc90000 - 0x000007fefdcdd000 	C:\Windows\system32\WS2_32.dll
0x000007fefdee0000 - 0x000007fefdee8000 	C:\Windows\system32\NSI.dll
0x000007fef9fe0000 - 0x000007fefa01b000 	C:\Windows\system32\WINMM.dll
0x000007fedb550000 - 0x000007fedb55a000 	c:\Users\Анастасия\.vscode\extensions\redhat.java-1.15.0-win32-x64\jre\17.0.6-win32-x86_64\bin\jimage.dll
0x000007fef7e10000 - 0x000007fef7f35000 	C:\Windows\system32\DBGHELP.DLL
0x000007fedb540000 - 0x000007fedb54e000 	c:\Users\Анастасия\.vscode\extensions\redhat.java-1.15.0-win32-x64\jre\17.0.6-win32-x86_64\bin\instrument.dll
0x000007fedb0e0000 - 0x000007fedb105000 	c:\Users\Анастасия\.vscode\extensions\redhat.java-1.15.0-win32-x64\jre\17.0.6-win32-x86_64\bin\java.dll
0x000007fedb520000 - 0x000007fedb538000 	c:\Users\Анастасия\.vscode\extensions\redhat.java-1.15.0-win32-x64\jre\17.0.6-win32-x86_64\bin\zip.dll
0x000007fefd370000 - 0x000007fefd37f000 	C:\Windows\system32\profapi.dll
0x000007fedb5c0000 - 0x000007fedb5d9000 	C:\Users\Анастасия\.vscode\extensions\redhat.java-1.15.0-win32-x64\jre\17.0.6-win32-x86_64\bin\net.dll
0x000007fef8330000 - 0x000007fef83a1000 	C:\Windows\system32\WINHTTP.dll
0x000007fef82c0000 - 0x000007fef8324000 	C:\Windows\system32\webio.dll
0x000007fefcab0000 - 0x000007fefcb05000 	C:\Windows\system32\mswsock.dll
0x000007fefcaa0000 - 0x000007fefcaa7000 	C:\Windows\System32\wship6.dll
0x000007fedb5a0000 - 0x000007fedb5b5000 	C:\Users\Анастасия\.vscode\extensions\redhat.java-1.15.0-win32-x64\jre\17.0.6-win32-x86_64\bin\nio.dll
0x000007fedb590000 - 0x000007fedb5a0000 	c:\Users\Анастасия\.vscode\extensions\redhat.java-1.15.0-win32-x64\jre\17.0.6-win32-x86_64\bin\verify.dll
0x000007fedad60000 - 0x000007fedad9e000 	C:\Users\Анастасия\AppData\Roaming\Code\User\globalStorage\redhat.java\1.15.0\config_ss_win\org.eclipse.equinox.launcher\org.eclipse.equinox.launcher.win32.win32.x86_64_1.2.700.v20221108-1024\eclipse_11801.dll

dbghelp: loaded successfully - version: 4.0.5 - missing functions: none
symbol engine: initialized successfully - sym options: 0x614 - pdb path: .;c:\Users\Анастасия\.vscode\extensions\redhat.java-1.15.0-win32-x64\jre\17.0.6-win32-x86_64\bin;C:\Windows\SYSTEM32;C:\Windows\WinSxS\amd64_microsoft.windows.common-controls_6595b64144ccf1df_6.0.7601.17514_none_fa396087175ac9ac;C:\Program Files\NVIDIA Corporation\CoProcManager;c:\??\C:\Program Files (x86)\360\Total Security\safemon;C:\Program Files (x86)\360\Total Security\safemon;c:\Users\Анастасия\.vscode\extensions\redhat.java-1.15.0-win32-x64\jre\17.0.6-win32-x86_64\bin\server;C:\Users\Анастасия\AppData\Roaming\Code\User\globalStorage\redhat.java\1.15.0\config_ss_win\org.eclipse.equinox.launcher\org.eclipse.equinox.launcher.win32.win32.x86_64_1.2.700.v20221108-1024

VM Arguments:
jvm_args: --add-modules=ALL-SYSTEM --add-opens=java.base/java.util=ALL-UNNAMED --add-opens=java.base/java.lang=ALL-UNNAMED --add-opens=java.base/sun.nio.fs=ALL-UNNAMED -Declipse.application=org.eclipse.jdt.ls.core.id1 -Dosgi.bundles.defaultStartLevel=4 -Declipse.product=org.eclipse.jdt.ls.core.product -Djava.import.generatesMetadataFilesAtProjectRoot=false -Dfile.encoding=utf8 -XX:+UseParallelGC -XX:GCTimeRatio=4 -XX:AdaptiveSizePolicyWeight=90 -Dsun.zip.disableMemoryMapping=true -Xmx1G -Xms100m -Xlog:disable -javaagent:c:\Users\Анастасия\.vscode\extensions\redhat.java-1.15.0-win32-x64\lombok\lombok-1.18.24.jar 
java_command: c:\Users\Анастасия\.vscode\extensions\redhat.java-1.15.0-win32-x64\server\plugins\org.eclipse.equinox.launcher_1.6.400.v20210924-0641.jar -configuration c:\Users\Анастасия\AppData\Roaming\Code\User\globalStorage\redhat.java\1.15.0\config_ss_win -data c:\Users\Анастасия\AppData\Roaming\Code\User\workspaceStorage\48e8b926c512a1251546536aae2d32f1\redhat.java\ss_ws
java_class_path (initial): c:\Users\Анастасия\.vscode\extensions\redhat.java-1.15.0-win32-x64\server\plugins\org.eclipse.equinox.launcher_1.6.400.v20210924-0641.jar
Launcher Type: SUN_STANDARD

[Global flags]
    uintx AdaptiveSizePolicyWeight                 = 90                                        {product} {command line}
     intx CICompilerCount                          = 3                                         {product} {ergonomic}
    uintx GCTimeRatio                              = 4                                         {product} {command line}
   size_t InitialHeapSize                          = 104857600                                 {product} {command line}
   size_t MaxHeapSize                              = 1073741824                                {product} {command line}
   size_t MaxNewSize                               = 357564416                                 {product} {ergonomic}
   size_t MinHeapDeltaBytes                        = 524288                                    {product} {ergonomic}
   size_t MinHeapSize                              = 104857600                                 {product} {command line}
   size_t NewSize                                  = 34603008                                  {product} {ergonomic}
    uintx NonNMethodCodeHeapSize                   = 5832780                                {pd product} {ergonomic}
    uintx NonProfiledCodeHeapSize                  = 122912730                              {pd product} {ergonomic}
   size_t OldSize                                  = 70254592                                  {product} {ergonomic}
    uintx ProfiledCodeHeapSize                     = 122912730                              {pd product} {ergonomic}
    uintx ReservedCodeCacheSize                    = 251658240                              {pd product} {ergonomic}
     bool SegmentedCodeCache                       = true                                      {product} {ergonomic}
   size_t SoftMaxHeapSize                          = 1073741824                             {manageable} {ergonomic}
     bool UseCompressedClassPointers               = true                           {product lp64_product} {ergonomic}
     bool UseCompressedOops                        = true                           {product lp64_product} {ergonomic}
     bool UseLargePagesIndividualAllocation        = false                                  {pd product} {ergonomic}
     bool UseParallelGC                            = true                                      {product} {command line}

Logging:
Log output configuration:
 #0: stdout all=off uptime,level,tags
 #1: stderr all=off uptime,level,tags

Environment Variables:
PATH=C:\Program Files\Common Files\Oracle\Java\javapath;C:\Windows\system32;C:\Windows;C:\Windows\System32\Wbem;C:\Windows\System32\WindowsPowerShell\v1.0\;C:\Program Files (x86)\NVIDIA Corporation\PhysX\Common;C:\Program Files\Git\cmd;C:\Program Files\dotnet\;;C:\Users\Анастасия\.dotnet\tools;C:\Program Files\JetBrains\IntelliJ IDEA 2023.3.3\bin;;C:\Users\Анастасия\AppData\Local\Programs\Microsoft VS Code\bin
USERNAME=Анастасия
OS=Windows_NT
PROCESSOR_IDENTIFIER=Intel64 Family 6 Model 42 Stepping 7, GenuineIntel
TMP=C:\Users\08DE~1\AppData\Local\Temp
TEMP=C:\Users\08DE~1\AppData\Local\Temp



---------------  S Y S T E M  ---------------

OS:
 Windows 7 , 64 bit Build 7601 (6.1.7601.24384)
OS uptime: 0 days 0:51 hours

CPU: total 4 (initial active 4) (2 cores per cpu, 2 threads per core) family 6 model 42 stepping 7 microcode 0x0, cx8, cmov, fxsr, ht, mmx, sse, sse2, sse3, ssse3, sse4.1, sse4.2, popcnt, tsc, tscinvbit, avx, clmul, vzeroupper, clflush

Memory: 4k page, system-wide physical 1961M (142M free)
TotalPageFile size 7846M (AvailPageFile size 67M)
current process WorkingSet (physical memory assigned to process): 132M, peak: 135M
current process commit charge ("private bytes"): 234M, peak: 236M

vm_info: OpenJDK 64-Bit Server VM (17.0.6+10) for windows-amd64 JRE (17.0.6+10), built on Jan 18 2023 10:08:59 by "temurin" with MS VC++ 16.7 (VS2019)

END.
