#
# There is insufficient memory for the Java Runtime Environment to continue.
# Native memory allocation (malloc) failed to allocate 1367184 bytes for Chunk::new
# Possible reasons:
#   The system is out of physical RAM or swap space
#   The process is running with CompressedOops enabled, and the Java Heap may be blocking the growth of the native heap
# Possible solutions:
#   Reduce memory load on the system
#   Increase physical memory or swap space
#   Check if swap backing store is full
#   Decrease Java heap size (-Xmx/-Xms)
#   Decrease number of Java threads
#   Decrease Java thread stack sizes (-Xss)
#   Set larger code cache with -XX:ReservedCodeCacheSize=
#   JVM is running with Unscaled Compressed Oops mode in which the Java heap is
#     placed in the first 4GB address space. The Java Heap base address is the
#     maximum limit for the native heap growth. Please use -XX:HeapBaseMinAddress
#     to set the Java Heap base and to place the Java Heap above 4GB virtual address.
# This output file may be truncated or incomplete.
#
#  Out of Memory Error (arena.cpp:189), pid=6244, tid=1288
#
# JRE version: OpenJDK Runtime Environment Temurin-17.0.6+10 (17.0.6+10) (build 17.0.6+10)
# Java VM: OpenJDK 64-Bit Server VM Temurin-17.0.6+10 (17.0.6+10, mixed mode, tiered, compressed oops, compressed class ptrs, parallel gc, windows-amd64)
# No core dump will be written. Minidumps are not enabled by default on client versions of Windows
#

---------------  S U M M A R Y ------------

Command Line: --add-modules=ALL-SYSTEM --add-opens=java.base/java.util=ALL-UNNAMED --add-opens=java.base/java.lang=ALL-UNNAMED --add-opens=java.base/sun.nio.fs=ALL-UNNAMED -Declipse.application=org.eclipse.jdt.ls.core.id1 -Dosgi.bundles.defaultStartLevel=4 -Declipse.product=org.eclipse.jdt.ls.core.product -Djava.import.generatesMetadataFilesAtProjectRoot=false -Dfile.encoding=utf8 -XX:+UseParallelGC -XX:GCTimeRatio=4 -XX:AdaptiveSizePolicyWeight=90 -Dsun.zip.disableMemoryMapping=true -Xmx1G -Xms100m -Xlog:disable -javaagent:c:\Users\Анастасия\.vscode\extensions\redhat.java-1.15.0-win32-x64\lombok\lombok-1.18.24.jar -XX:+HeapDumpOnOutOfMemoryError -XX:HeapDumpPath=c:\Users\Анастасия\AppData\Roaming\Code\User\workspaceStorage\48e8b926c512a1251546536aae2d32f1\redhat.java c:\Users\Анастасия\.vscode\extensions\redhat.java-1.15.0-win32-x64\server\plugins\org.eclipse.equinox.launcher_1.6.400.v20210924-0641.jar -configuration c:\Users\Анастасия\AppData\Roaming\Code\User\globalStorage\redhat.java\1.15.0\config_win -data c:\Users\Анастасия\AppData\Roaming\Code\User\workspaceStorage\48e8b926c512a1251546536aae2d32f1\redhat.java\jdt_ws

Host: Intel(R) Core(TM) i3-2330M CPU @ 2.20GHz, 4 cores, 1G,  Windows 7 , 64 bit Build 7601 (6.1.7601.24384)
Time: Tue Feb 27 10:46:36 2024 Московское время (зима) elapsed time: 41.374186 seconds (0d 0h 0m 41s)

---------------  T H R E A D  ---------------

Current thread (0x0000000016f1e040):  JavaThread "C2 CompilerThread0" daemon [_thread_in_native, id=1288, stack(0x0000000058f70000,0x0000000059070000)]


Current CompileTask:
C2:  41381 4323       4       java.io.WinNTFileSystem::normalize (143 bytes)

Stack: [0x0000000058f70000,0x0000000059070000]
Native frames: (J=compiled Java code, j=interpreted, Vv=VM code, C=native code)
V  [jvm.dll+0x67741a]
V  [jvm.dll+0x834434]
V  [jvm.dll+0x835bde]
V  [jvm.dll+0x836243]
V  [jvm.dll+0x2457b5]
V  [jvm.dll+0xabafc]
V  [jvm.dll+0xac0cc]
V  [jvm.dll+0x3634e7]
V  [jvm.dll+0x32dda1]
V  [jvm.dll+0x32d24a]
V  [jvm.dll+0x2185f1]
V  [jvm.dll+0x217a11]
V  [jvm.dll+0x1a3d0d]
V  [jvm.dll+0x22742a]
V  [jvm.dll+0x225565]
V  [jvm.dll+0x7ea2cb]
V  [jvm.dll+0x7e483a]
V  [jvm.dll+0x6762c5]
C  [ucrtbase.DLL+0x1c1ae]
C  [kernel32.dll+0x1570d]
C  [ntdll.dll+0x5385d]


---------------  P R O C E S S  ---------------

Threads class SMR info:
_java_thread_list=0x000000005e984c20, length=25, elements={
0x00000000003a6d00, 0x0000000016ed9ba0, 0x0000000016edb8f0, 0x0000000016ee6280,
0x0000000016ee6e00, 0x0000000016ee7980, 0x0000000016f124c0, 0x0000000016f1e040,
0x0000000016f21a10, 0x0000000016f232a0, 0x00000000596e2fd0, 0x000000005996df00,
0x000000005992d840, 0x000000005ce56510, 0x000000005ce56cb0, 0x000000005cbe0150,
0x000000005cf82db0, 0x00000000596db010, 0x00000000599b38b0, 0x00000000599b3d80,
0x00000000599b4250, 0x00000000599b4720, 0x00000000599b4bf0, 0x00000000599b50c0,
0x00000000599b5590
}

Java Threads: ( => current thread )
  0x00000000003a6d00 JavaThread "main" [_thread_blocked, id=1980, stack(0x00000000020c0000,0x00000000021c0000)]
  0x0000000016ed9ba0 JavaThread "Reference Handler" daemon [_thread_blocked, id=3436, stack(0x0000000058a50000,0x0000000058b50000)]
  0x0000000016edb8f0 JavaThread "Finalizer" daemon [_thread_blocked, id=9028, stack(0x0000000058cf0000,0x0000000058df0000)]
  0x0000000016ee6280 JavaThread "Signal Dispatcher" daemon [_thread_blocked, id=8764, stack(0x0000000058e30000,0x0000000058f30000)]
  0x0000000016ee6e00 JavaThread "Attach Listener" daemon [_thread_blocked, id=6300, stack(0x0000000058bd0000,0x0000000058cd0000)]
  0x0000000016ee7980 JavaThread "Service Thread" daemon [_thread_blocked, id=8872, stack(0x00000000590a0000,0x00000000591a0000)]
  0x0000000016f124c0 JavaThread "Monitor Deflation Thread" daemon [_thread_blocked, id=5052, stack(0x0000000059250000,0x0000000059350000)]
=>0x0000000016f1e040 JavaThread "C2 CompilerThread0" daemon [_thread_in_native, id=1288, stack(0x0000000058f70000,0x0000000059070000)]
  0x0000000016f21a10 JavaThread "C1 CompilerThread0" daemon [_thread_blocked, id=5024, stack(0x00000000593e0000,0x00000000594e0000)]
  0x0000000016f232a0 JavaThread "Sweeper thread" daemon [_thread_blocked, id=9004, stack(0x0000000059530000,0x0000000059630000)]
  0x00000000596e2fd0 JavaThread "Common-Cleaner" daemon [_thread_blocked, id=4716, stack(0x0000000059bb0000,0x0000000059cb0000)]
  0x000000005996df00 JavaThread "Notification Thread" daemon [_thread_blocked, id=7348, stack(0x000000005c870000,0x000000005c970000)]
  0x000000005992d840 JavaThread "Active Thread: Equinox Container: a15f6889-4974-4c4d-a771-1121fd9b68b5" [_thread_blocked, id=4436, stack(0x000000005f150000,0x000000005f250000)]
  0x000000005ce56510 JavaThread "Framework Event Dispatcher: Equinox Container: a15f6889-4974-4c4d-a771-1121fd9b68b5" daemon [_thread_blocked, id=8316, stack(0x000000005f2f0000,0x000000005f3f0000)]
  0x000000005ce56cb0 JavaThread "Start Level: Equinox Container: a15f6889-4974-4c4d-a771-1121fd9b68b5" daemon [_thread_in_native, id=9040, stack(0x000000005f450000,0x000000005f550000)]
  0x000000005cbe0150 JavaThread "SCR Component Actor" daemon [_thread_blocked, id=4836, stack(0x000000005f560000,0x000000005f660000)]
  0x000000005cf82db0 JavaThread "Worker-JM" [_thread_blocked, id=5824, stack(0x00000000601c0000,0x00000000602c0000)]
  0x00000000596db010 JavaThread "Worker-0: Updating workspace" [_thread_blocked, id=7556, stack(0x0000000060070000,0x0000000060170000)]
  0x00000000599b38b0 JavaThread "Worker-1: Refreshing workspace" [_thread_in_Java, id=8340, stack(0x0000000060380000,0x0000000060480000)]
  0x00000000599b3d80 JavaThread "Worker-2: Updating Maven Dependencies" [_thread_blocked, id=4732, stack(0x0000000060540000,0x0000000060640000)]
  0x00000000599b4250 JavaThread "Worker-3" [_thread_blocked, id=7992, stack(0x0000000060740000,0x0000000060840000)]
  0x00000000599b4720 JavaThread "Worker-4: Processing Java changes since last activation" [_thread_blocked, id=6024, stack(0x00000000609f0000,0x0000000060af0000)]
  0x00000000599b4bf0 JavaThread "Java indexing" daemon [_thread_blocked, id=7792, stack(0x00000000624c0000,0x00000000625c0000)]
  0x00000000599b50c0 JavaThread "Worker-5" [_thread_blocked, id=5804, stack(0x0000000062660000,0x0000000062760000)]
  0x00000000599b5590 JavaThread "JNA Cleaner" daemon [_thread_blocked, id=6276, stack(0x000000006b4a0000,0x000000006b5a0000)]

Other Threads:
  0x0000000016dbfc70 VMThread "VM Thread" [stack: 0x0000000058820000,0x0000000058920000] [id=5972]
  0x00000000598baea0 WatcherThread [stack: 0x000000005ca10000,0x000000005cb10000] [id=1760]
  0x00000000003c01e0 GCTaskThread "GC Thread#0" [stack: 0x0000000014860000,0x0000000014960000] [id=4600]
  0x000000005ccf7fd0 GCTaskThread "GC Thread#1" [stack: 0x000000005ec60000,0x000000005ed60000] [id=7700]
  0x000000005cd31020 GCTaskThread "GC Thread#2" [stack: 0x000000005edf0000,0x000000005eef0000] [id=9056]
  0x000000005cd386f0 GCTaskThread "GC Thread#3" [stack: 0x000000005ef60000,0x000000005f060000] [id=5008]

Threads with active compile tasks:
C2 CompilerThread0    41724 4323       4       java.io.WinNTFileSystem::normalize (143 bytes)

VM state: not at safepoint (normal execution)

VM Mutex/Monitor currently owned by a thread: None

Heap address: 0x00000000c0000000, size: 1024 MB, Compressed Oops mode: 32-bit

CDS archive(s) not mapped
Compressed class space mapped at: 0x0000000017000000-0x0000000057000000, reserved size: 1073741824
Narrow klass base: 0x0000000000000000, Narrow klass shift: 0, Narrow klass range: 0x57000000

GC Precious Log:
 CPUs: 4 total, 4 available
 Memory: 1961M
 Large Page Support: Disabled
 NUMA Support: Disabled
 Compressed Oops: Enabled (32-bit)
 Alignments: Space 512K, Generation 512K, Heap 2M
 Heap Min Capacity: 100M
 Heap Initial Capacity: 100M
 Heap Max Capacity: 1G
 Pre-touch: Disabled
 Parallel Workers: 4

Heap:
 PSYoungGen      total 24064K, used 9230K [0x00000000eab00000, 0x00000000ec700000, 0x0000000100000000)
  eden space 22528K, 34% used [0x00000000eab00000,0x00000000eb289178,0x00000000ec100000)
  from space 1536K, 98% used [0x00000000ec300000,0x00000000ec47a920,0x00000000ec480000)
  to   space 2560K, 0% used [0x00000000ec480000,0x00000000ec480000,0x00000000ec700000)
 ParOldGen       total 68608K, used 13223K [0x00000000c0000000, 0x00000000c4300000, 0x00000000eab00000)
  object space 68608K, 19% used [0x00000000c0000000,0x00000000c0ce9d38,0x00000000c4300000)
 Metaspace       used 42439K, committed 43264K, reserved 1089536K
  class space    used 4468K, committed 4800K, reserved 1048576K

Card table byte_map: [0x0000000014600000,0x0000000014810000] _byte_map_base: 0x0000000014000000

Marking Bits: (ParMarkBitMap*) 0x000007fed3873e70
 Begin Bits: [0x0000000014ac0000, 0x0000000015ac0000)
 End Bits:   [0x0000000015ac0000, 0x0000000016ac0000)

Polling page: 0x0000000001f30000

Metaspace:

Usage:
  Non-class:     37.08 MB used.
      Class:      4.36 MB used.
       Both:     41.45 MB used.

Virtual space:
  Non-class space:       40.00 MB reserved,      37.56 MB ( 94%) committed,  5 nodes.
      Class space:        1.00 GB reserved,       4.69 MB ( <1%) committed,  1 nodes.
             Both:        1.04 GB reserved,      42.25 MB (  4%) committed. 

Chunk freelists:
   Non-Class:  2.31 MB
       Class:  3.37 MB
        Both:  5.68 MB

MaxMetaspaceSize: unlimited
CompressedClassSpaceSize: 1.00 GB
Initial GC threshold: 21.00 MB
Current GC threshold: 58.38 MB
CDS: off
MetaspaceReclaimPolicy: balanced
 - commit_granule_bytes: 65536.
 - commit_granule_words: 8192.
 - virtual_space_node_default_size: 1048576.
 - enlarge_chunks_in_place: 1.
 - new_chunks_are_fully_committed: 0.
 - uncommit_free_chunks: 1.
 - use_allocation_guard: 0.
 - handle_deallocations: 1.


Internal statistics:

num_allocs_failed_limit: 6.
num_arena_births: 346.
num_arena_deaths: 14.
num_vsnodes_births: 6.
num_vsnodes_deaths: 0.
num_space_committed: 676.
num_space_uncommitted: 0.
num_chunks_returned_to_freelist: 20.
num_chunks_taken_from_freelist: 1867.
num_chunk_merges: 10.
num_chunk_splits: 1134.
num_chunks_enlarged: 655.
num_purges: 2.
num_inconsistent_stats: 0.

CodeHeap 'non-profiled nmethods': size=120000Kb used=1709Kb max_used=1709Kb free=118290Kb
 bounds [0x000000000d0d0000, 0x000000000d340000, 0x0000000014600000]
CodeHeap 'profiled nmethods': size=120000Kb used=8783Kb max_used=8783Kb free=111216Kb
 bounds [0x0000000005600000, 0x0000000005ea0000, 0x000000000cb30000]
CodeHeap 'non-nmethods': size=5760Kb used=1267Kb max_used=1303Kb free=4492Kb
 bounds [0x000000000cb30000, 0x000000000cda0000, 0x000000000d0d0000]
 total_blobs=4960 nmethods=4367 adapters=506
 compilation: enabled
              stopped_count=0, restarted_count=0
 full_count=0

Compilation events (20 events):
Event: 40.963 Thread 0x0000000016f21a10 4381       3       jdk.internal.jimage.ImageReader$Resource::<init> (16 bytes)
Event: 40.964 Thread 0x0000000016f21a10 nmethod 4381 0x0000000005e8ee90 code [0x0000000005e8f080, 0x0000000005e8f6a8]
Event: 40.973 Thread 0x0000000016f21a10 4382       3       org.eclipse.jdt.internal.core.util.Util::combineHashCodes (7 bytes)
Event: 40.974 Thread 0x0000000016f21a10 nmethod 4382 0x0000000005e8f910 code [0x0000000005e8faa0, 0x0000000005e8fb98]
Event: 40.985 Thread 0x0000000016f21a10 4383       3       org.eclipse.jdt.internal.core.util.HashtableOfArrayToObject::hashCode (35 bytes)
Event: 40.986 Thread 0x0000000016f21a10 nmethod 4383 0x0000000005e8fc10 code [0x0000000005e8fdc0, 0x0000000005e90128]
Event: 40.986 Thread 0x0000000016f21a10 4384       3       org.eclipse.jdt.internal.core.util.Util::splitOn (134 bytes)
Event: 40.992 Thread 0x0000000016f21a10 nmethod 4384 0x0000000005e90310 code [0x0000000005e90600, 0x0000000005e91978]
Event: 40.993 Thread 0x0000000016f21a10 4385       1       jdk.internal.jimage.ImageReader$Resource::isCompleted (2 bytes)
Event: 40.993 Thread 0x0000000016f21a10 nmethod 4385 0x000000000d27a910 code [0x000000000d27aaa0, 0x000000000d27ab78]
Event: 40.993 Thread 0x0000000016f21a10 4386       3       jdk.internal.jrtfs.JrtPath::getNameCount (10 bytes)
Event: 40.994 Thread 0x0000000016f21a10 nmethod 4386 0x0000000005e92190 code [0x0000000005e92340, 0x0000000005e92488]
Event: 41.014 Thread 0x0000000016f21a10 4387       3       org.eclipse.jdt.internal.core.JavaModelManager::getJavaModelManager (4 bytes)
Event: 41.015 Thread 0x0000000016f21a10 nmethod 4387 0x0000000005e92590 code [0x0000000005e92720, 0x0000000005e92818]
Event: 41.022 Thread 0x0000000016f21a10 4388       3       org.eclipse.jdt.internal.core.util.Util::equalArrays (64 bytes)
Event: 41.023 Thread 0x0000000016f21a10 nmethod 4388 0x0000000005e92890 code [0x0000000005e92a80, 0x0000000005e92fa8]
Event: 41.094 Thread 0x0000000016f21a10 4389       3       java.io.FileDescriptor$1::getAppend (5 bytes)
Event: 41.094 Thread 0x0000000016f21a10 nmethod 4389 0x0000000005e93190 code [0x0000000005e93320, 0x0000000005e93438]
Event: 41.094 Thread 0x0000000016f21a10 4390       3       java.io.FileOutputStream::write (20 bytes)
Event: 41.095 Thread 0x0000000016f21a10 nmethod 4390 0x0000000005e93510 code [0x0000000005e936c0, 0x0000000005e93888]

GC Heap History (20 events):
Event: 23.851 GC heap before
{Heap before GC invocations=4 (full 0):
 PSYoungGen      total 29696K, used 15651K [0x00000000eab00000, 0x00000000ecc00000, 0x0000000100000000)
  eden space 25600K, 45% used [0x00000000eab00000,0x00000000eb649aa8,0x00000000ec400000)
  from space 4096K, 99% used [0x00000000ec400000,0x00000000ec7ff288,0x00000000ec800000)
  to   space 4096K, 0% used [0x00000000ec800000,0x00000000ec800000,0x00000000ecc00000)
 ParOldGen       total 68608K, used 3647K [0x00000000c0000000, 0x00000000c4300000, 0x00000000eab00000)
  object space 68608K, 5% used [0x00000000c0000000,0x00000000c038fee8,0x00000000c4300000)
 Metaspace       used 21120K, committed 21504K, reserved 1073152K
  class space    used 2131K, committed 2304K, reserved 1048576K
}
Event: 23.864 GC heap after
{Heap after GC invocations=4 (full 0):
 PSYoungGen      total 29696K, used 4092K [0x00000000eab00000, 0x00000000ecc00000, 0x0000000100000000)
  eden space 25600K, 0% used [0x00000000eab00000,0x00000000eab00000,0x00000000ec400000)
  from space 4096K, 99% used [0x00000000ec800000,0x00000000ecbff288,0x00000000ecc00000)
  to   space 4096K, 0% used [0x00000000ec400000,0x00000000ec400000,0x00000000ec800000)
 ParOldGen       total 68608K, used 4172K [0x00000000c0000000, 0x00000000c4300000, 0x00000000eab00000)
  object space 68608K, 6% used [0x00000000c0000000,0x00000000c04131e0,0x00000000c4300000)
 Metaspace       used 21120K, committed 21504K, reserved 1073152K
  class space    used 2131K, committed 2304K, reserved 1048576K
}
Event: 23.865 GC heap before
{Heap before GC invocations=5 (full 1):
 PSYoungGen      total 29696K, used 4092K [0x00000000eab00000, 0x00000000ecc00000, 0x0000000100000000)
  eden space 25600K, 0% used [0x00000000eab00000,0x00000000eab00000,0x00000000ec400000)
  from space 4096K, 99% used [0x00000000ec800000,0x00000000ecbff288,0x00000000ecc00000)
  to   space 4096K, 0% used [0x00000000ec400000,0x00000000ec400000,0x00000000ec800000)
 ParOldGen       total 68608K, used 4172K [0x00000000c0000000, 0x00000000c4300000, 0x00000000eab00000)
  object space 68608K, 6% used [0x00000000c0000000,0x00000000c04131e0,0x00000000c4300000)
 Metaspace       used 21120K, committed 21504K, reserved 1073152K
  class space    used 2131K, committed 2304K, reserved 1048576K
}
Event: 23.982 GC heap after
{Heap after GC invocations=5 (full 1):
 PSYoungGen      total 29696K, used 0K [0x00000000eab00000, 0x00000000ecc00000, 0x0000000100000000)
  eden space 25600K, 0% used [0x00000000eab00000,0x00000000eab00000,0x00000000ec400000)
  from space 4096K, 0% used [0x00000000ec800000,0x00000000ec800000,0x00000000ecc00000)
  to   space 4096K, 0% used [0x00000000ec400000,0x00000000ec400000,0x00000000ec800000)
 ParOldGen       total 68608K, used 8036K [0x00000000c0000000, 0x00000000c4300000, 0x00000000eab00000)
  object space 68608K, 11% used [0x00000000c0000000,0x00000000c07d90f0,0x00000000c4300000)
 Metaspace       used 21107K, committed 21504K, reserved 1073152K
  class space    used 2127K, committed 2304K, reserved 1048576K
}
Event: 27.371 GC heap before
{Heap before GC invocations=6 (full 1):
 PSYoungGen      total 29696K, used 25600K [0x00000000eab00000, 0x00000000ecc00000, 0x0000000100000000)
  eden space 25600K, 100% used [0x00000000eab00000,0x00000000ec400000,0x00000000ec400000)
  from space 4096K, 0% used [0x00000000ec800000,0x00000000ec800000,0x00000000ecc00000)
  to   space 4096K, 0% used [0x00000000ec400000,0x00000000ec400000,0x00000000ec800000)
 ParOldGen       total 68608K, used 8036K [0x00000000c0000000, 0x00000000c4300000, 0x00000000eab00000)
  object space 68608K, 11% used [0x00000000c0000000,0x00000000c07d90f0,0x00000000c4300000)
 Metaspace       used 24270K, committed 24832K, reserved 1073152K
  class space    used 2506K, committed 2752K, reserved 1048576K
}
Event: 27.377 GC heap after
{Heap after GC invocations=6 (full 1):
 PSYoungGen      total 27136K, used 1947K [0x00000000eab00000, 0x00000000ec980000, 0x0000000100000000)
  eden space 25088K, 0% used [0x00000000eab00000,0x00000000eab00000,0x00000000ec380000)
  from space 2048K, 95% used [0x00000000ec400000,0x00000000ec5e6d40,0x00000000ec600000)
  to   space 3072K, 0% used [0x00000000ec680000,0x00000000ec680000,0x00000000ec980000)
 ParOldGen       total 68608K, used 8044K [0x00000000c0000000, 0x00000000c4300000, 0x00000000eab00000)
  object space 68608K, 11% used [0x00000000c0000000,0x00000000c07db0f0,0x00000000c4300000)
 Metaspace       used 24270K, committed 24832K, reserved 1073152K
  class space    used 2506K, committed 2752K, reserved 1048576K
}
Event: 28.638 GC heap before
{Heap before GC invocations=7 (full 1):
 PSYoungGen      total 27136K, used 27035K [0x00000000eab00000, 0x00000000ec980000, 0x0000000100000000)
  eden space 25088K, 100% used [0x00000000eab00000,0x00000000ec380000,0x00000000ec380000)
  from space 2048K, 95% used [0x00000000ec400000,0x00000000ec5e6d40,0x00000000ec600000)
  to   space 3072K, 0% used [0x00000000ec680000,0x00000000ec680000,0x00000000ec980000)
 ParOldGen       total 68608K, used 8044K [0x00000000c0000000, 0x00000000c4300000, 0x00000000eab00000)
  object space 68608K, 11% used [0x00000000c0000000,0x00000000c07db0f0,0x00000000c4300000)
 Metaspace       used 27292K, committed 27904K, reserved 1081344K
  class space    used 2739K, committed 3008K, reserved 1048576K
}
Event: 28.686 GC heap after
{Heap after GC invocations=7 (full 1):
 PSYoungGen      total 27136K, used 2261K [0x00000000eab00000, 0x00000000ec900000, 0x0000000100000000)
  eden space 24576K, 0% used [0x00000000eab00000,0x00000000eab00000,0x00000000ec300000)
  from space 2560K, 88% used [0x00000000ec680000,0x00000000ec8b5538,0x00000000ec900000)
  to   space 2560K, 0% used [0x00000000ec400000,0x00000000ec400000,0x00000000ec680000)
 ParOldGen       total 68608K, used 8052K [0x00000000c0000000, 0x00000000c4300000, 0x00000000eab00000)
  object space 68608K, 11% used [0x00000000c0000000,0x00000000c07dd0f0,0x00000000c4300000)
 Metaspace       used 27292K, committed 27904K, reserved 1081344K
  class space    used 2739K, committed 3008K, reserved 1048576K
}
Event: 30.097 GC heap before
{Heap before GC invocations=8 (full 1):
 PSYoungGen      total 27136K, used 26837K [0x00000000eab00000, 0x00000000ec900000, 0x0000000100000000)
  eden space 24576K, 100% used [0x00000000eab00000,0x00000000ec300000,0x00000000ec300000)
  from space 2560K, 88% used [0x00000000ec680000,0x00000000ec8b5538,0x00000000ec900000)
  to   space 2560K, 0% used [0x00000000ec400000,0x00000000ec400000,0x00000000ec680000)
 ParOldGen       total 68608K, used 8052K [0x00000000c0000000, 0x00000000c4300000, 0x00000000eab00000)
  object space 68608K, 11% used [0x00000000c0000000,0x00000000c07dd0f0,0x00000000c4300000)
 Metaspace       used 31170K, committed 31744K, reserved 1081344K
  class space    used 3126K, committed 3392K, reserved 1048576K
}
Event: 30.105 GC heap after
{Heap after GC invocations=8 (full 1):
 PSYoungGen      total 26624K, used 2529K [0x00000000eab00000, 0x00000000ec880000, 0x0000000100000000)
  eden space 24064K, 0% used [0x00000000eab00000,0x00000000eab00000,0x00000000ec280000)
  from space 2560K, 98% used [0x00000000ec400000,0x00000000ec6786a0,0x00000000ec680000)
  to   space 2048K, 0% used [0x00000000ec680000,0x00000000ec680000,0x00000000ec880000)
 ParOldGen       total 68608K, used 8060K [0x00000000c0000000, 0x00000000c4300000, 0x00000000eab00000)
  object space 68608K, 11% used [0x00000000c0000000,0x00000000c07df0f0,0x00000000c4300000)
 Metaspace       used 31170K, committed 31744K, reserved 1081344K
  class space    used 3126K, committed 3392K, reserved 1048576K
}
Event: 31.582 GC heap before
{Heap before GC invocations=9 (full 1):
 PSYoungGen      total 26624K, used 26593K [0x00000000eab00000, 0x00000000ec880000, 0x0000000100000000)
  eden space 24064K, 100% used [0x00000000eab00000,0x00000000ec280000,0x00000000ec280000)
  from space 2560K, 98% used [0x00000000ec400000,0x00000000ec6786a0,0x00000000ec680000)
  to   space 2048K, 0% used [0x00000000ec680000,0x00000000ec680000,0x00000000ec880000)
 ParOldGen       total 68608K, used 8060K [0x00000000c0000000, 0x00000000c4300000, 0x00000000eab00000)
  object space 68608K, 11% used [0x00000000c0000000,0x00000000c07df0f0,0x00000000c4300000)
 Metaspace       used 33316K, committed 33856K, reserved 1081344K
  class space    used 3357K, committed 3584K, reserved 1048576K
}
Event: 31.599 GC heap after
{Heap after GC invocations=9 (full 1):
 PSYoungGen      total 25600K, used 2024K [0x00000000eab00000, 0x00000000eca00000, 0x0000000100000000)
  eden space 23552K, 0% used [0x00000000eab00000,0x00000000eab00000,0x00000000ec200000)
  from space 2048K, 98% used [0x00000000ec680000,0x00000000ec87a1d8,0x00000000ec880000)
  to   space 4096K, 0% used [0x00000000ec200000,0x00000000ec200000,0x00000000ec600000)
 ParOldGen       total 68608K, used 9669K [0x00000000c0000000, 0x00000000c4300000, 0x00000000eab00000)
  object space 68608K, 14% used [0x00000000c0000000,0x00000000c0971428,0x00000000c4300000)
 Metaspace       used 33316K, committed 33856K, reserved 1081344K
  class space    used 3357K, committed 3584K, reserved 1048576K
}
Event: 33.443 GC heap before
{Heap before GC invocations=10 (full 1):
 PSYoungGen      total 25600K, used 20301K [0x00000000eab00000, 0x00000000eca00000, 0x0000000100000000)
  eden space 23552K, 77% used [0x00000000eab00000,0x00000000ebcd95d0,0x00000000ec200000)
  from space 2048K, 98% used [0x00000000ec680000,0x00000000ec87a1d8,0x00000000ec880000)
  to   space 4096K, 0% used [0x00000000ec200000,0x00000000ec200000,0x00000000ec600000)
 ParOldGen       total 68608K, used 9669K [0x00000000c0000000, 0x00000000c4300000, 0x00000000eab00000)
  object space 68608K, 14% used [0x00000000c0000000,0x00000000c0971428,0x00000000c4300000)
 Metaspace       used 35113K, committed 35840K, reserved 1081344K
  class space    used 3582K, committed 3904K, reserved 1048576K
}
Event: 33.458 GC heap after
{Heap after GC invocations=10 (full 1):
 PSYoungGen      total 25088K, used 1395K [0x00000000eab00000, 0x00000000ec700000, 0x0000000100000000)
  eden space 23552K, 0% used [0x00000000eab00000,0x00000000eab00000,0x00000000ec200000)
  from space 1536K, 90% used [0x00000000ec200000,0x00000000ec35cf00,0x00000000ec380000)
  to   space 2560K, 0% used [0x00000000ec480000,0x00000000ec480000,0x00000000ec700000)
 ParOldGen       total 68608K, used 10925K [0x00000000c0000000, 0x00000000c4300000, 0x00000000eab00000)
  object space 68608K, 15% used [0x00000000c0000000,0x00000000c0aab608,0x00000000c4300000)
 Metaspace       used 35113K, committed 35840K, reserved 1081344K
  class space    used 3582K, committed 3904K, reserved 1048576K
}
Event: 33.459 GC heap before
{Heap before GC invocations=11 (full 2):
 PSYoungGen      total 25088K, used 1395K [0x00000000eab00000, 0x00000000ec700000, 0x0000000100000000)
  eden space 23552K, 0% used [0x00000000eab00000,0x00000000eab00000,0x00000000ec200000)
  from space 1536K, 90% used [0x00000000ec200000,0x00000000ec35cf00,0x00000000ec380000)
  to   space 2560K, 0% used [0x00000000ec480000,0x00000000ec480000,0x00000000ec700000)
 ParOldGen       total 68608K, used 10925K [0x00000000c0000000, 0x00000000c4300000, 0x00000000eab00000)
  object space 68608K, 15% used [0x00000000c0000000,0x00000000c0aab608,0x00000000c4300000)
 Metaspace       used 35113K, committed 35840K, reserved 1081344K
  class space    used 3582K, committed 3904K, reserved 1048576K
}
Event: 33.590 GC heap after
{Heap after GC invocations=11 (full 2):
 PSYoungGen      total 25088K, used 0K [0x00000000eab00000, 0x00000000ec700000, 0x0000000100000000)
  eden space 23552K, 0% used [0x00000000eab00000,0x00000000eab00000,0x00000000ec200000)
  from space 1536K, 0% used [0x00000000ec200000,0x00000000ec200000,0x00000000ec380000)
  to   space 2560K, 0% used [0x00000000ec480000,0x00000000ec480000,0x00000000ec700000)
 ParOldGen       total 68608K, used 12002K [0x00000000c0000000, 0x00000000c4300000, 0x00000000eab00000)
  object space 68608K, 17% used [0x00000000c0000000,0x00000000c0bb8a40,0x00000000c4300000)
 Metaspace       used 35113K, committed 35840K, reserved 1081344K
  class space    used 3582K, committed 3904K, reserved 1048576K
}
Event: 37.168 GC heap before
{Heap before GC invocations=12 (full 2):
 PSYoungGen      total 25088K, used 23552K [0x00000000eab00000, 0x00000000ec700000, 0x0000000100000000)
  eden space 23552K, 100% used [0x00000000eab00000,0x00000000ec200000,0x00000000ec200000)
  from space 1536K, 0% used [0x00000000ec200000,0x00000000ec200000,0x00000000ec380000)
  to   space 2560K, 0% used [0x00000000ec480000,0x00000000ec480000,0x00000000ec700000)
 ParOldGen       total 68608K, used 12002K [0x00000000c0000000, 0x00000000c4300000, 0x00000000eab00000)
  object space 68608K, 17% used [0x00000000c0000000,0x00000000c0bb8a40,0x00000000c4300000)
 Metaspace       used 38270K, committed 38976K, reserved 1089536K
  class space    used 3989K, committed 4288K, reserved 1048576K
}
Event: 37.179 GC heap after
{Heap after GC invocations=12 (full 2):
 PSYoungGen      total 24576K, used 1168K [0x00000000eab00000, 0x00000000ec600000, 0x0000000100000000)
  eden space 23040K, 0% used [0x00000000eab00000,0x00000000eab00000,0x00000000ec180000)
  from space 1536K, 76% used [0x00000000ec480000,0x00000000ec5a4010,0x00000000ec600000)
  to   space 1536K, 0% used [0x00000000ec300000,0x00000000ec300000,0x00000000ec480000)
 ParOldGen       total 68608K, used 12010K [0x00000000c0000000, 0x00000000c4300000, 0x00000000eab00000)
  object space 68608K, 17% used [0x00000000c0000000,0x00000000c0bbaa40,0x00000000c4300000)
 Metaspace       used 38270K, committed 38976K, reserved 1089536K
  class space    used 3989K, committed 4288K, reserved 1048576K
}
Event: 39.991 GC heap before
{Heap before GC invocations=13 (full 2):
 PSYoungGen      total 24576K, used 24208K [0x00000000eab00000, 0x00000000ec600000, 0x0000000100000000)
  eden space 23040K, 100% used [0x00000000eab00000,0x00000000ec180000,0x00000000ec180000)
  from space 1536K, 76% used [0x00000000ec480000,0x00000000ec5a4010,0x00000000ec600000)
  to   space 1536K, 0% used [0x00000000ec300000,0x00000000ec300000,0x00000000ec480000)
 ParOldGen       total 68608K, used 12010K [0x00000000c0000000, 0x00000000c4300000, 0x00000000eab00000)
  object space 68608K, 17% used [0x00000000c0000000,0x00000000c0bbaa40,0x00000000c4300000)
 Metaspace       used 41396K, committed 42176K, reserved 1089536K
  class space    used 4353K, committed 4672K, reserved 1048576K
}
Event: 40.011 GC heap after
{Heap after GC invocations=13 (full 2):
 PSYoungGen      total 24064K, used 1514K [0x00000000eab00000, 0x00000000ec700000, 0x0000000100000000)
  eden space 22528K, 0% used [0x00000000eab00000,0x00000000eab00000,0x00000000ec100000)
  from space 1536K, 98% used [0x00000000ec300000,0x00000000ec47a920,0x00000000ec480000)
  to   space 2560K, 0% used [0x00000000ec480000,0x00000000ec480000,0x00000000ec700000)
 ParOldGen       total 68608K, used 13223K [0x00000000c0000000, 0x00000000c4300000, 0x00000000eab00000)
  object space 68608K, 19% used [0x00000000c0000000,0x00000000c0ce9d38,0x00000000c4300000)
 Metaspace       used 41396K, committed 42176K, reserved 1089536K
  class space    used 4353K, committed 4672K, reserved 1048576K
}

Dll operation events (10 events):
Event: 0.450 Loaded shared library c:\Users\Анастасия\.vscode\extensions\redhat.java-1.15.0-win32-x64\jre\17.0.6-win32-x86_64\bin\java.dll
Event: 2.760 Loaded shared library c:\Users\Анастасия\.vscode\extensions\redhat.java-1.15.0-win32-x64\jre\17.0.6-win32-x86_64\bin\zip.dll
Event: 2.818 Loaded shared library C:\Users\Анастасия\.vscode\extensions\redhat.java-1.15.0-win32-x64\jre\17.0.6-win32-x86_64\bin\instrument.dll
Event: 3.012 Loaded shared library C:\Users\Анастасия\.vscode\extensions\redhat.java-1.15.0-win32-x64\jre\17.0.6-win32-x86_64\bin\net.dll
Event: 3.035 Loaded shared library C:\Users\Анастасия\.vscode\extensions\redhat.java-1.15.0-win32-x64\jre\17.0.6-win32-x86_64\bin\nio.dll
Event: 3.130 Loaded shared library C:\Users\Анастасия\.vscode\extensions\redhat.java-1.15.0-win32-x64\jre\17.0.6-win32-x86_64\bin\zip.dll
Event: 3.275 Loaded shared library C:\Users\Анастасия\.vscode\extensions\redhat.java-1.15.0-win32-x64\jre\17.0.6-win32-x86_64\bin\jimage.dll
Event: 3.833 Loaded shared library c:\Users\Анастасия\.vscode\extensions\redhat.java-1.15.0-win32-x64\jre\17.0.6-win32-x86_64\bin\verify.dll
Event: 14.370 Loaded shared library C:\Users\Анастасия\AppData\Roaming\Code\User\globalStorage\redhat.java\1.15.0\config_win\org.eclipse.equinox.launcher\org.eclipse.equinox.launcher.win32.win32.x86_64_1.2.700.v20221108-1024\eclipse_11801.dll
Event: 41.149 Loaded shared library C:\Users\Анастасия\AppData\Local\Temp\jna--1615094292\jna15783157493216922593.dll

Deoptimization events (20 events):
Event: 40.104 Thread 0x00000000599b38b0 Uncommon trap: trap_request=0xffffffbe fr.pc=0x000000000d27a690 relative=0x00000000000003f0
Event: 40.118 Thread 0x00000000599b38b0 Uncommon trap: reason=profile_predicate action=maybe_recompile pc=0x000000000d27a690 method=jdk.internal.jrtfs.JrtPath.normalize(Ljava/lang/String;)Ljava/lang/String; @ 17 c2
Event: 40.118 Thread 0x00000000599b38b0 DEOPT PACKING pc=0x000000000d27a690 sp=0x000000006047d9e0
Event: 40.118 Thread 0x00000000599b38b0 DEOPT UNPACKING pc=0x000000000cb866a3 sp=0x000000006047d960 mode 2
Event: 40.118 Thread 0x00000000599b38b0 Uncommon trap: trap_request=0xffffffbe fr.pc=0x000000000d27a690 relative=0x00000000000003f0
Event: 40.118 Thread 0x00000000599b38b0 Uncommon trap: reason=profile_predicate action=maybe_recompile pc=0x000000000d27a690 method=jdk.internal.jrtfs.JrtPath.normalize(Ljava/lang/String;)Ljava/lang/String; @ 17 c2
Event: 40.118 Thread 0x00000000599b38b0 DEOPT PACKING pc=0x000000000d27a690 sp=0x000000006047dbf0
Event: 40.118 Thread 0x00000000599b38b0 DEOPT UNPACKING pc=0x000000000cb866a3 sp=0x000000006047db70 mode 2
Event: 40.119 Thread 0x00000000599b38b0 Uncommon trap: trap_request=0xffffffbe fr.pc=0x000000000d27a690 relative=0x00000000000003f0
Event: 40.119 Thread 0x00000000599b38b0 Uncommon trap: reason=profile_predicate action=maybe_recompile pc=0x000000000d27a690 method=jdk.internal.jrtfs.JrtPath.normalize(Ljava/lang/String;)Ljava/lang/String; @ 17 c2
Event: 40.119 Thread 0x00000000599b38b0 DEOPT PACKING pc=0x000000000d27a690 sp=0x000000006047d9e0
Event: 40.119 Thread 0x00000000599b38b0 DEOPT UNPACKING pc=0x000000000cb866a3 sp=0x000000006047d960 mode 2
Event: 40.119 Thread 0x00000000599b38b0 Uncommon trap: trap_request=0xffffffbe fr.pc=0x000000000d27a690 relative=0x00000000000003f0
Event: 40.119 Thread 0x00000000599b38b0 Uncommon trap: reason=profile_predicate action=maybe_recompile pc=0x000000000d27a690 method=jdk.internal.jrtfs.JrtPath.normalize(Ljava/lang/String;)Ljava/lang/String; @ 17 c2
Event: 40.119 Thread 0x00000000599b38b0 DEOPT PACKING pc=0x000000000d27a690 sp=0x000000006047d9e0
Event: 40.119 Thread 0x00000000599b38b0 DEOPT UNPACKING pc=0x000000000cb866a3 sp=0x000000006047d960 mode 2
Event: 40.697 Thread 0x000000005ce56cb0 Uncommon trap: trap_request=0xffffff45 fr.pc=0x000000000d1099cc relative=0x0000000000000a4c
Event: 40.697 Thread 0x000000005ce56cb0 Uncommon trap: reason=unstable_if action=reinterpret pc=0x000000000d1099cc method=java.lang.String.replace(Ljava/lang/CharSequence;Ljava/lang/CharSequence;)Ljava/lang/String; @ 42 c2
Event: 40.698 Thread 0x000000005ce56cb0 DEOPT PACKING pc=0x000000000d1099cc sp=0x000000005f54bb40
Event: 40.698 Thread 0x000000005ce56cb0 DEOPT UNPACKING pc=0x000000000cb866a3 sp=0x000000005f54bac0 mode 2

Classes unloaded (7 events):
Event: 23.885 Thread 0x0000000016dbfc70 Unloading class 0x0000000017218400 'java/lang/invoke/LambdaForm$MH+0x0000000017218400'
Event: 23.885 Thread 0x0000000016dbfc70 Unloading class 0x0000000017218000 'java/lang/invoke/LambdaForm$MH+0x0000000017218000'
Event: 23.885 Thread 0x0000000016dbfc70 Unloading class 0x0000000017217c00 'java/lang/invoke/LambdaForm$MH+0x0000000017217c00'
Event: 23.885 Thread 0x0000000016dbfc70 Unloading class 0x0000000017217800 'java/lang/invoke/LambdaForm$MH+0x0000000017217800'
Event: 23.885 Thread 0x0000000016dbfc70 Unloading class 0x0000000017217000 'java/lang/invoke/LambdaForm$BMH+0x0000000017217000'
Event: 23.885 Thread 0x0000000016dbfc70 Unloading class 0x0000000017216c00 'java/lang/invoke/LambdaForm$DMH+0x0000000017216c00'
Event: 23.885 Thread 0x0000000016dbfc70 Unloading class 0x0000000017214000 'java/lang/invoke/LambdaForm$DMH+0x0000000017214000'

Classes redefined (0 events):
No events

Internal exceptions (20 events):
Event: 25.726 Thread 0x000000005ce56cb0 Exception <a 'java/io/FileNotFoundException'{0x00000000eb6ca3c0}> (0x00000000eb6ca3c0) 
thrown [s\src\hotspot\share\prims\jni.cpp, line 516]
Event: 26.593 Thread 0x000000005ce56cb0 Exception <a 'java/lang/NoSuchMethodError'{0x00000000ebd2ec60}: 'void java.lang.invoke.DirectMethodHandle$Holder.invokeSpecial(java.lang.Object, java.lang.Object, java.lang.Object, int)'> (0x00000000ebd2ec60) 
thrown [s\src\hotspot\share\interpreter\linkResolver.cpp, line 759]
Event: 27.073 Thread 0x00000000596db010 Exception <a 'java/io/FileNotFoundException'{0x00000000ec00efa0}> (0x00000000ec00efa0) 
thrown [s\src\hotspot\share\prims\jni.cpp, line 516]
Event: 27.076 Thread 0x00000000599b38b0 Exception <a 'java/lang/NoSuchMethodError'{0x00000000eacf5e10}: 'int java.lang.invoke.DirectMethodHandle$Holder.invokeVirtual(java.lang.Object, java.lang.Object)'> (0x00000000eacf5e10) 
thrown [s\src\hotspot\share\interpreter\linkResolver.cpp, line 759]
Event: 27.558 Thread 0x00000000599b38b0 Exception <a 'java/lang/NoSuchMethodError'{0x00000000eac5bbb0}: 'java.lang.Object java.lang.invoke.DirectMethodHandle$Holder.newInvokeSpecial(java.lang.Object, java.lang.Object, java.lang.Object, int)'> (0x00000000eac5bbb0) 
thrown [s\src\hotspot\share\interpreter\linkResolver.cpp, line 759]
Event: 27.560 Thread 0x00000000599b38b0 Exception <a 'java/lang/NoSuchMethodError'{0x00000000eac5fcb8}: 'java.lang.Object java.lang.invoke.DirectMethodHandle$Holder.invokeSpecial(java.lang.Object, java.lang.Object, java.lang.Object, java.lang.Object, int)'> (0x00000000eac5fcb8) 
thrown [s\src\hotspot\share\interpreter\linkResolver.cpp, line 759]
Event: 27.562 Thread 0x00000000599b38b0 Exception <a 'java/lang/NoSuchMethodError'{0x00000000eac633c0}: 'java.lang.Object java.lang.invoke.Invokers$Holder.linkToTargetMethod(java.lang.Object, java.lang.Object, int, java.lang.Object)'> (0x00000000eac633c0) 
thrown [s\src\hotspot\share\interpreter\linkResolver.cpp, line 759]
Event: 27.965 Thread 0x00000000599b3d80 Exception <a 'java/lang/NoSuchMethodError'{0x00000000eacfefd8}: 'void java.lang.invoke.DirectMethodHandle$Holder.invokeStatic(java.lang.Object, java.lang.Object, java.lang.Object, java.lang.Object)'> (0x00000000eacfefd8) 
thrown [s\src\hotspot\share\interpreter\linkResolver.cpp, line 759]
Event: 28.037 Thread 0x00000000599b3d80 Exception <a 'java/lang/NoSuchMethodError'{0x00000000eb890f88}: 'java.lang.Object java.lang.invoke.DirectMethodHandle$Holder.newInvokeSpecial(java.lang.Object, java.lang.Object, java.lang.Object, java.lang.Object, java.lang.Object)'> (0x00000000eb890f88) 
thrown [s\src\hotspot\share\interpreter\linkResolver.cpp, line 759]
Event: 30.755 Thread 0x000000005ce56cb0 Exception <a 'java/lang/ClassNotFoundException'{0x00000000eb792d78}: com/sun/org/apache/xerces/internal/impl/msg/spi/DOMMessagesProvider> (0x00000000eb792d78) 
thrown [s\src\hotspot\share\classfile\systemDictionary.cpp, line 256]
Event: 30.782 Thread 0x000000005ce56cb0 Exception <a 'java/lang/ClassNotFoundException'{0x00000000eb7ed540}: com/sun/org/apache/xerces/internal/impl/msg/spi/XMLSerializerMessagesProvider> (0x00000000eb7ed540) 
thrown [s\src\hotspot\share\classfile\systemDictionary.cpp, line 256]
Event: 30.789 Thread 0x000000005ce56cb0 Exception <a 'java/lang/ClassNotFoundException'{0x00000000eb7fa818}: com/sun/org/apache/xerces/internal/impl/msg/spi/XMLMessagesProvider> (0x00000000eb7fa818) 
thrown [s\src\hotspot\share\classfile\systemDictionary.cpp, line 256]
Event: 30.808 Thread 0x00000000599b3d80 Exception <a 'java/lang/NoClassDefFoundError'{0x00000000eb890530}: javax/enterprise/inject/Typed> (0x00000000eb890530) 
thrown [s\src\hotspot\share\classfile\systemDictionary.cpp, line 245]
Event: 30.889 Thread 0x000000005ce56cb0 Exception <a 'java/lang/NoSuchMethodError'{0x00000000eb953830}: 'void java.lang.invoke.DirectMethodHandle$Holder.invokeVirtual(java.lang.Object, java.lang.Object)'> (0x00000000eb953830) 
thrown [s\src\hotspot\share\interpreter\linkResolver.cpp, line 759]
Event: 31.060 Thread 0x000000005ce56cb0 Exception <a 'sun/nio/fs/WindowsException'{0x00000000ebb3a838}> (0x00000000ebb3a838) 
thrown [s\src\hotspot\share\prims\jni.cpp, line 516]
Event: 31.538 Thread 0x000000005ce56cb0 Exception <a 'java/lang/NoSuchMethodError'{0x00000000ec213948}: 'java.lang.Object java.lang.invoke.DirectMethodHandle$Holder.invokeStaticInit(java.lang.Object, int, int, int, int)'> (0x00000000ec213948) 
thrown [s\src\hotspot\share\interpreter\linkResolver.cpp, line 759]
Event: 37.822 Thread 0x000000005ce56cb0 Exception <a 'java/lang/NoSuchMethodError'{0x00000000eac0c2c0}: 'java.lang.Object java.lang.invoke.DirectMethodHandle$Holder.invokeStaticInit(java.lang.Object, java.lang.Object, int, int, int, int)'> (0x00000000eac0c2c0) 
thrown [s\src\hotspot\share\interpreter\linkResolver.cpp, line 759]
Event: 38.416 Thread 0x00000000599b3d80 Exception <a 'java/lang/NoClassDefFoundError'{0x00000000eb49cd60}: com/google/inject/servlet/ServletModuleTargetVisitor> (0x00000000eb49cd60) 
thrown [s\src\hotspot\share\classfile\systemDictionary.cpp, line 245]
Event: 38.921 Thread 0x000000005ce56cb0 Exception <a 'java/lang/ClassNotFoundException'{0x00000000eb83ca48}: com/sun/org/apache/xml/internal/serializer/spi/XMLEntitiesProvider> (0x00000000eb83ca48) 
thrown [s\src\hotspot\share\classfile\systemDictionary.cpp, line 256]
Event: 39.906 Thread 0x000000005ce56cb0 Exception <a 'java/io/FileNotFoundException'{0x00000000ec0d3f88}> (0x00000000ec0d3f88) 
thrown [s\src\hotspot\share\prims\jni.cpp, line 516]

VM Operations (20 events):
Event: 37.159 Executing VM operation: ParallelGCFailedAllocation
Event: 37.182 Executing VM operation: ParallelGCFailedAllocation done
Event: 37.641 Executing VM operation: HandshakeAllThreads
Event: 37.643 Executing VM operation: HandshakeAllThreads done
Event: 37.794 Executing VM operation: HandshakeAllThreads
Event: 37.817 Executing VM operation: HandshakeAllThreads done
Event: 38.596 Executing VM operation: HandshakeAllThreads
Event: 38.630 Executing VM operation: HandshakeAllThreads done
Event: 38.630 Executing VM operation: Cleanup
Event: 38.631 Executing VM operation: Cleanup done
Event: 39.224 Executing VM operation: HandshakeAllThreads
Event: 39.270 Executing VM operation: HandshakeAllThreads done
Event: 39.276 Executing VM operation: HandshakeAllThreads
Event: 39.282 Executing VM operation: HandshakeAllThreads done
Event: 39.331 Executing VM operation: HandshakeAllThreads
Event: 39.337 Executing VM operation: HandshakeAllThreads done
Event: 39.989 Executing VM operation: ParallelGCFailedAllocation
Event: 40.029 Executing VM operation: ParallelGCFailedAllocation done
Event: 41.031 Executing VM operation: Cleanup
Event: 41.032 Executing VM operation: Cleanup done

Events (20 events):
Event: 39.979 loading class java/util/stream/MatchOps$BooleanTerminalSink
Event: 39.979 loading class java/util/stream/MatchOps$BooleanTerminalSink done
Event: 39.982 loading class java/util/stream/MatchOps$1MatchSink
Event: 39.987 loading class java/util/stream/MatchOps$1MatchSink done
Event: 40.566 loading class java/nio/charset/IllegalCharsetNameException
Event: 40.566 loading class java/nio/charset/IllegalCharsetNameException done
Event: 40.640 loading class java/util/regex/Pattern$BackRef
Event: 40.640 loading class java/util/regex/Pattern$BackRef done
Event: 40.700 loading class java/io/File$TempDirectory
Event: 40.711 loading class java/io/File$TempDirectory done
Event: 40.935 loading class java/lang/ThreadLocal$SuppliedThreadLocal
Event: 40.935 loading class java/lang/ThreadLocal$SuppliedThreadLocal done
Event: 41.155 loading class java/nio/ShortBuffer
Event: 41.156 loading class java/nio/ShortBuffer done
Event: 41.157 loading class java/nio/FloatBuffer
Event: 41.158 loading class java/nio/FloatBuffer done
Event: 41.164 loading class java/nio/DoubleBuffer
Event: 41.167 loading class java/nio/DoubleBuffer done
Event: 41.170 loading class jdk/internal/loader/NativeLibraries$Unloader
Event: 41.170 loading class jdk/internal/loader/NativeLibraries$Unloader done


Dynamic libraries:
0x000000013f8b0000 - 0x000000013f8be000 	c:\Users\Анастасия\.vscode\extensions\redhat.java-1.15.0-win32-x64\jre\17.0.6-win32-x86_64\bin\java.exe
0x00000000773f0000 - 0x000000007758f000 	C:\Windows\SYSTEM32\ntdll.dll
0x00000000771d0000 - 0x00000000772ef000 	C:\Windows\system32\kernel32.dll
0x000007fefd5c0000 - 0x000007fefd62a000 	C:\Windows\system32\KERNELBASE.dll
0x000007fef5330000 - 0x000007fef5347000 	c:\Users\Анастасия\.vscode\extensions\redhat.java-1.15.0-win32-x64\jre\17.0.6-win32-x86_64\bin\jli.dll
0x000007fefba50000 - 0x000007fefbc44000 	C:\Windows\WinSxS\amd64_microsoft.windows.common-controls_6595b64144ccf1df_6.0.7601.17514_none_fa396087175ac9ac\COMCTL32.dll
0x000007feff1a0000 - 0x000007feff23f000 	C:\Windows\system32\msvcrt.dll
0x000007feff3c0000 - 0x000007feff427000 	C:\Windows\system32\GDI32.dll
0x00000000772f0000 - 0x00000000773ea000 	C:\Windows\system32\USER32.dll
0x000007feff500000 - 0x000007feff50e000 	C:\Windows\system32\LPK.dll
0x000007fefdc70000 - 0x000007fefdd39000 	C:\Windows\system32\USP10.dll
0x000007fefede0000 - 0x000007fefee51000 	C:\Windows\system32\SHLWAPI.dll
0x000007fef4b70000 - 0x000007fef4b89000 	c:\Users\Анастасия\.vscode\extensions\redhat.java-1.15.0-win32-x64\jre\17.0.6-win32-x86_64\bin\VCRUNTIME140.dll
0x000007fef4ae0000 - 0x000007fef4ae4000 	c:\Users\Анастасия\.vscode\extensions\redhat.java-1.15.0-win32-x64\jre\17.0.6-win32-x86_64\bin\api-ms-win-crt-runtime-l1-1-0.dll
0x000007feda2b0000 - 0x000007feda3aa000 	c:\Users\Анастасия\.vscode\extensions\redhat.java-1.15.0-win32-x64\jre\17.0.6-win32-x86_64\bin\ucrtbase.DLL
0x000007fef48e0000 - 0x000007fef48e3000 	c:\Users\Анастасия\.vscode\extensions\redhat.java-1.15.0-win32-x64\jre\17.0.6-win32-x86_64\bin\api-ms-win-core-localization-l1-2-0.dll
0x000007fef3c00000 - 0x000007fef3c03000 	c:\Users\Анастасия\.vscode\extensions\redhat.java-1.15.0-win32-x64\jre\17.0.6-win32-x86_64\bin\api-ms-win-core-processthreads-l1-1-1.dll
0x000007fef3b10000 - 0x000007fef3b13000 	c:\Users\Анастасия\.vscode\extensions\redhat.java-1.15.0-win32-x64\jre\17.0.6-win32-x86_64\bin\api-ms-win-core-file-l1-2-0.dll
0x000007fef3b00000 - 0x000007fef3b03000 	c:\Users\Анастасия\.vscode\extensions\redhat.java-1.15.0-win32-x64\jre\17.0.6-win32-x86_64\bin\api-ms-win-core-timezone-l1-1-0.dll
0x000007fef2260000 - 0x000007fef2263000 	c:\Users\Анастасия\.vscode\extensions\redhat.java-1.15.0-win32-x64\jre\17.0.6-win32-x86_64\bin\api-ms-win-core-file-l2-1-0.dll
0x000007fef2250000 - 0x000007fef2253000 	c:\Users\Анастасия\.vscode\extensions\redhat.java-1.15.0-win32-x64\jre\17.0.6-win32-x86_64\bin\api-ms-win-core-synch-l1-2-0.dll
0x000007fef2240000 - 0x000007fef2243000 	c:\Users\Анастасия\.vscode\extensions\redhat.java-1.15.0-win32-x64\jre\17.0.6-win32-x86_64\bin\api-ms-win-crt-heap-l1-1-0.dll
0x000007fef1a70000 - 0x000007fef1a74000 	c:\Users\Анастасия\.vscode\extensions\redhat.java-1.15.0-win32-x64\jre\17.0.6-win32-x86_64\bin\api-ms-win-crt-string-l1-1-0.dll
0x000007fef1a60000 - 0x000007fef1a64000 	c:\Users\Анастасия\.vscode\extensions\redhat.java-1.15.0-win32-x64\jre\17.0.6-win32-x86_64\bin\api-ms-win-crt-stdio-l1-1-0.dll
0x000007fef1a50000 - 0x000007fef1a54000 	c:\Users\Анастасия\.vscode\extensions\redhat.java-1.15.0-win32-x64\jre\17.0.6-win32-x86_64\bin\api-ms-win-crt-convert-l1-1-0.dll
0x000007fef1a40000 - 0x000007fef1a43000 	c:\Users\Анастасия\.vscode\extensions\redhat.java-1.15.0-win32-x64\jre\17.0.6-win32-x86_64\bin\api-ms-win-crt-environment-l1-1-0.dll
0x000007fef1a30000 - 0x000007fef1a33000 	c:\Users\Анастасия\.vscode\extensions\redhat.java-1.15.0-win32-x64\jre\17.0.6-win32-x86_64\bin\api-ms-win-crt-filesystem-l1-1-0.dll
0x000007fef1a20000 - 0x000007fef1a25000 	c:\Users\Анастасия\.vscode\extensions\redhat.java-1.15.0-win32-x64\jre\17.0.6-win32-x86_64\bin\api-ms-win-crt-math-l1-1-0.dll
0x000007fef1a10000 - 0x000007fef1a13000 	c:\Users\Анастасия\.vscode\extensions\redhat.java-1.15.0-win32-x64\jre\17.0.6-win32-x86_64\bin\api-ms-win-crt-locale-l1-1-0.dll
0x000007feff4d0000 - 0x000007feff4fe000 	C:\Windows\system32\IMM32.DLL
0x000007fefda80000 - 0x000007fefdb89000 	C:\Windows\system32\MSCTF.dll
0x000007fefd2f0000 - 0x000007fefd320000 	C:\Windows\system32\nvinitx.dll
0x000007fefd2e0000 - 0x000007fefd2ec000 	C:\Windows\system32\VERSION.dll
0x000007fefdb90000 - 0x000007fefdc6b000 	C:\Windows\system32\ADVAPI32.dll
0x000007fefdd70000 - 0x000007fefdd8f000 	C:\Windows\SYSTEM32\sechost.dll
0x000007fefd6f0000 - 0x000007fefd81c000 	C:\Windows\system32\RPCRT4.dll
0x0000000074df0000 - 0x0000000074df6000 	C:\Program Files\NVIDIA Corporation\CoProcManager\detoured.dll
0x000007fefa960000 - 0x000007fefa998000 	C:\Program Files\NVIDIA Corporation\CoProcManager\nvd3d9wrapx.dll
0x000007fefee60000 - 0x000007feff037000 	C:\Windows\system32\SETUPAPI.dll
0x000007fefd410000 - 0x000007fefd446000 	C:\Windows\system32\CFGMGR32.dll
0x000007feff0c0000 - 0x000007feff197000 	C:\Windows\system32\OLEAUT32.dll
0x000007fefebd0000 - 0x000007fefedd3000 	C:\Windows\system32\ole32.dll
0x000007fefd630000 - 0x000007fefd64a000 	C:\Windows\system32\DEVOBJ.dll
0x000007fefa930000 - 0x000007fefa954000 	C:\Program Files\NVIDIA Corporation\CoProcManager\nvdxgiwrapx.dll
0x0000000074030000 - 0x000000007403c000 	c:\??\C:\Program Files (x86)\360\Total Security\safemon\SafeWrapper.dll
0x000007fedc900000 - 0x000007fedc992000 	C:\Program Files (x86)\360\Total Security\safemon\libzdtp64.dll
0x000007fefdd90000 - 0x000007fefeb18000 	C:\Windows\system32\SHELL32.dll
0x000007fef1a00000 - 0x000007fef1a0c000 	c:\Users\Анастасия\.vscode\extensions\redhat.java-1.15.0-win32-x64\jre\17.0.6-win32-x86_64\bin\vcruntime140_1.dll
0x000007feda210000 - 0x000007feda2a1000 	c:\Users\Анастасия\.vscode\extensions\redhat.java-1.15.0-win32-x64\jre\17.0.6-win32-x86_64\bin\msvcp140.dll
0x000007feee150000 - 0x000007feee153000 	c:\Users\Анастасия\.vscode\extensions\redhat.java-1.15.0-win32-x64\jre\17.0.6-win32-x86_64\bin\api-ms-win-crt-time-l1-1-0.dll
0x000007feee140000 - 0x000007feee143000 	c:\Users\Анастасия\.vscode\extensions\redhat.java-1.15.0-win32-x64\jre\17.0.6-win32-x86_64\bin\api-ms-win-crt-utility-l1-1-0.dll
0x000007fed2cf0000 - 0x000007fed3937000 	c:\Users\Анастасия\.vscode\extensions\redhat.java-1.15.0-win32-x64\jre\17.0.6-win32-x86_64\bin\server\jvm.dll
0x000007feee130000 - 0x000007feee139000 	C:\Windows\system32\WSOCK32.dll
0x000007fefeb80000 - 0x000007fefebcd000 	C:\Windows\system32\WS2_32.dll
0x000007fefdd40000 - 0x000007fefdd48000 	C:\Windows\system32\NSI.dll
0x000007fef9f90000 - 0x000007fef9fcb000 	C:\Windows\system32\WINMM.dll
0x000007feee120000 - 0x000007feee12a000 	c:\Users\Анастасия\.vscode\extensions\redhat.java-1.15.0-win32-x64\jre\17.0.6-win32-x86_64\bin\jimage.dll
0x000007fef7f40000 - 0x000007fef8065000 	C:\Windows\system32\DBGHELP.DLL
0x000007feee110000 - 0x000007feee11e000 	c:\Users\Анастасия\.vscode\extensions\redhat.java-1.15.0-win32-x64\jre\17.0.6-win32-x86_64\bin\instrument.dll
0x000007feede00000 - 0x000007feede25000 	c:\Users\Анастасия\.vscode\extensions\redhat.java-1.15.0-win32-x64\jre\17.0.6-win32-x86_64\bin\java.dll
0x000007feee0f0000 - 0x000007feee108000 	c:\Users\Анастасия\.vscode\extensions\redhat.java-1.15.0-win32-x64\jre\17.0.6-win32-x86_64\bin\zip.dll
0x000007fefd320000 - 0x000007fefd32f000 	C:\Windows\system32\profapi.dll
0x000007feedde0000 - 0x000007feeddf9000 	C:\Users\Анастасия\.vscode\extensions\redhat.java-1.15.0-win32-x64\jre\17.0.6-win32-x86_64\bin\net.dll
0x000007fef8750000 - 0x000007fef87c1000 	C:\Windows\system32\WINHTTP.dll
0x000007fef8690000 - 0x000007fef86f4000 	C:\Windows\system32\webio.dll
0x000007fefca60000 - 0x000007fefcab5000 	C:\Windows\system32\mswsock.dll
0x000007fefca50000 - 0x000007fefca57000 	C:\Windows\System32\wship6.dll
0x000007feedbf0000 - 0x000007feedc05000 	C:\Users\Анастасия\.vscode\extensions\redhat.java-1.15.0-win32-x64\jre\17.0.6-win32-x86_64\bin\nio.dll
0x000007feedbe0000 - 0x000007feedbf0000 	c:\Users\Анастасия\.vscode\extensions\redhat.java-1.15.0-win32-x64\jre\17.0.6-win32-x86_64\bin\verify.dll
0x000007feed3a0000 - 0x000007feed3de000 	C:\Users\Анастасия\AppData\Roaming\Code\User\globalStorage\redhat.java\1.15.0\config_win\org.eclipse.equinox.launcher\org.eclipse.equinox.launcher.win32.win32.x86_64_1.2.700.v20221108-1024\eclipse_11801.dll
0x000007fefcac0000 - 0x000007fefcad8000 	C:\Windows\system32\CRYPTSP.dll
0x000007fefc7c0000 - 0x000007fefc807000 	C:\Windows\system32\rsaenh.dll
0x000007fefc5d0000 - 0x000007fefc5ee000 	C:\Windows\system32\USERENV.dll
0x000007fefd210000 - 0x000007fefd21f000 	C:\Windows\system32\CRYPTBASE.dll
0x000007fef9e30000 - 0x000007fef9e57000 	C:\Windows\system32\IPHLPAPI.DLL
0x000007fef9e10000 - 0x000007fef9e1b000 	C:\Windows\system32\WINNSI.DLL
0x000007fef95d0000 - 0x000007fef95e8000 	C:\Windows\system32\dhcpcsvc.DLL
0x000007fef95f0000 - 0x000007fef9601000 	C:\Windows\system32\dhcpcsvc6.DLL
0x000007fedc130000 - 0x000007fedc175000 	C:\Users\Анастасия\AppData\Local\Temp\jna--1615094292\jna15783157493216922593.dll
0x0000000077590000 - 0x0000000077597000 	C:\Windows\system32\PSAPI.DLL
0x000007fefd140000 - 0x000007fefd165000 	C:\Windows\system32\SspiCli.dll
0x000007fefc6e0000 - 0x000007fefc6ea000 	C:\Windows\system32\credssp.dll

dbghelp: loaded successfully - version: 4.0.5 - missing functions: none
symbol engine: initialized successfully - sym options: 0x614 - pdb path: .;c:\Users\Анастасия\.vscode\extensions\redhat.java-1.15.0-win32-x64\jre\17.0.6-win32-x86_64\bin;C:\Windows\SYSTEM32;C:\Windows\WinSxS\amd64_microsoft.windows.common-controls_6595b64144ccf1df_6.0.7601.17514_none_fa396087175ac9ac;C:\Program Files\NVIDIA Corporation\CoProcManager;c:\??\C:\Program Files (x86)\360\Total Security\safemon;C:\Program Files (x86)\360\Total Security\safemon;c:\Users\Анастасия\.vscode\extensions\redhat.java-1.15.0-win32-x64\jre\17.0.6-win32-x86_64\bin\server;C:\Users\Анастасия\AppData\Roaming\Code\User\globalStorage\redhat.java\1.15.0\config_win\org.eclipse.equinox.launcher\org.eclipse.equinox.launcher.win32.win32.x86_64_1.2.700.v20221108-1024;C:\Users\Анастасия\AppData\Local\Temp\jna--1615094292

VM Arguments:
jvm_args: --add-modules=ALL-SYSTEM --add-opens=java.base/java.util=ALL-UNNAMED --add-opens=java.base/java.lang=ALL-UNNAMED --add-opens=java.base/sun.nio.fs=ALL-UNNAMED -Declipse.application=org.eclipse.jdt.ls.core.id1 -Dosgi.bundles.defaultStartLevel=4 -Declipse.product=org.eclipse.jdt.ls.core.product -Djava.import.generatesMetadataFilesAtProjectRoot=false -Dfile.encoding=utf8 -XX:+UseParallelGC -XX:GCTimeRatio=4 -XX:AdaptiveSizePolicyWeight=90 -Dsun.zip.disableMemoryMapping=true -Xmx1G -Xms100m -Xlog:disable -javaagent:c:\Users\Анастасия\.vscode\extensions\redhat.java-1.15.0-win32-x64\lombok\lombok-1.18.24.jar -XX:+HeapDumpOnOutOfMemoryError -XX:HeapDumpPath=c:\Users\Анастасия\AppData\Roaming\Code\User\workspaceStorage\48e8b926c512a1251546536aae2d32f1\redhat.java 
java_command: c:\Users\Анастасия\.vscode\extensions\redhat.java-1.15.0-win32-x64\server\plugins\org.eclipse.equinox.launcher_1.6.400.v20210924-0641.jar -configuration c:\Users\Анастасия\AppData\Roaming\Code\User\globalStorage\redhat.java\1.15.0\config_win -data c:\Users\Анастасия\AppData\Roaming\Code\User\workspaceStorage\48e8b926c512a1251546536aae2d32f1\redhat.java\jdt_ws
java_class_path (initial): c:\Users\Анастасия\.vscode\extensions\redhat.java-1.15.0-win32-x64\server\plugins\org.eclipse.equinox.launcher_1.6.400.v20210924-0641.jar
Launcher Type: SUN_STANDARD

[Global flags]
    uintx AdaptiveSizePolicyWeight                 = 90                                        {product} {command line}
     intx CICompilerCount                          = 3                                         {product} {ergonomic}
    uintx GCTimeRatio                              = 4                                         {product} {command line}
     bool HeapDumpOnOutOfMemoryError               = true                                   {manageable} {command line}
    ccstr HeapDumpPath                             = c:\Users\Анастасия\AppData\Roaming\Code\User\workspaceStorage\48e8b926c512a1251546536aae2d32f1\redhat.java         {manageable} {command line}
   size_t InitialHeapSize                          = 104857600                                 {product} {command line}
   size_t MaxHeapSize                              = 1073741824                                {product} {command line}
   size_t MaxNewSize                               = 357564416                                 {product} {ergonomic}
   size_t MinHeapDeltaBytes                        = 524288                                    {product} {ergonomic}
   size_t MinHeapSize                              = 104857600                                 {product} {command line}
   size_t NewSize                                  = 34603008                                  {product} {ergonomic}
    uintx NonNMethodCodeHeapSize                   = 5832780                                {pd product} {ergonomic}
    uintx NonProfiledCodeHeapSize                  = 122912730                              {pd product} {ergonomic}
   size_t OldSize                                  = 70254592                                  {product} {ergonomic}
    uintx ProfiledCodeHeapSize                     = 122912730                              {pd product} {ergonomic}
    uintx ReservedCodeCacheSize                    = 251658240                              {pd product} {ergonomic}
     bool SegmentedCodeCache                       = true                                      {product} {ergonomic}
   size_t SoftMaxHeapSize                          = 1073741824                             {manageable} {ergonomic}
     bool UseCompressedClassPointers               = true                           {product lp64_product} {ergonomic}
     bool UseCompressedOops                        = true                           {product lp64_product} {ergonomic}
     bool UseLargePagesIndividualAllocation        = false                                  {pd product} {ergonomic}
     bool UseParallelGC                            = true                                      {product} {command line}

Logging:
Log output configuration:
 #0: stdout all=off uptime,level,tags
 #1: stderr all=off uptime,level,tags

Environment Variables:
PATH=C:\Program Files\Common Files\Oracle\Java\javapath;C:\Windows\system32;C:\Windows;C:\Windows\System32\Wbem;C:\Windows\System32\WindowsPowerShell\v1.0\;C:\Program Files (x86)\NVIDIA Corporation\PhysX\Common;C:\Program Files\Git\cmd;C:\Program Files\dotnet\;;C:\Users\Анастасия\.dotnet\tools;C:\Program Files\JetBrains\IntelliJ IDEA 2023.3.3\bin;;C:\Users\Анастасия\AppData\Local\Programs\Microsoft VS Code\bin
USERNAME=Анастасия
OS=Windows_NT
PROCESSOR_IDENTIFIER=Intel64 Family 6 Model 42 Stepping 7, GenuineIntel
TMP=C:\Users\08DE~1\AppData\Local\Temp
TEMP=C:\Users\08DE~1\AppData\Local\Temp



---------------  S Y S T E M  ---------------

OS:
 Windows 7 , 64 bit Build 7601 (6.1.7601.24384)
OS uptime: 1 days 1:24 hours

CPU: total 4 (initial active 4) (2 cores per cpu, 2 threads per core) family 6 model 42 stepping 7 microcode 0x0, cx8, cmov, fxsr, ht, mmx, sse, sse2, sse3, ssse3, sse4.1, sse4.2, popcnt, tsc, tscinvbit, avx, clmul, vzeroupper, clflush

Memory: 4k page, system-wide physical 1961M (143M free)
TotalPageFile size 7846M (AvailPageFile size 5M)
current process WorkingSet (physical memory assigned to process): 163M, peak: 163M
current process commit charge ("private bytes"): 255M, peak: 256M

vm_info: OpenJDK 64-Bit Server VM (17.0.6+10) for windows-amd64 JRE (17.0.6+10), built on Jan 18 2023 10:08:59 by "temurin" with MS VC++ 16.7 (VS2019)

END.
