#
# There is insufficient memory for the Java Runtime Environment to continue.
# Native memory allocation (malloc) failed to allocate 254240 bytes for Chunk::new
# Possible reasons:
#   The system is out of physical RAM or swap space
#   The process is running with CompressedOops enabled, and the Java Heap may be blocking the growth of the native heap
# Possible solutions:
#   Reduce memory load on the system
#   Increase physical memory or swap space
#   Check if swap backing store is full
#   Decrease Java heap size (-Xmx/-Xms)
#   Decrease number of Java threads
#   Decrease Java thread stack sizes (-Xss)
#   Set larger code cache with -XX:ReservedCodeCacheSize=
#   JVM is running with Unscaled Compressed Oops mode in which the Java heap is
#     placed in the first 4GB address space. The Java Heap base address is the
#     maximum limit for the native heap growth. Please use -XX:HeapBaseMinAddress
#     to set the Java Heap base and to place the Java Heap above 4GB virtual address.
# This output file may be truncated or incomplete.
#
#  Out of Memory Error (arena.cpp:189), pid=9168, tid=1964
#
# JRE version: OpenJDK Runtime Environment Temurin-17.0.6+10 (17.0.6+10) (build 17.0.6+10)
# Java VM: OpenJDK 64-Bit Server VM Temurin-17.0.6+10 (17.0.6+10, mixed mode, tiered, compressed oops, compressed class ptrs, parallel gc, windows-amd64)
# No core dump will be written. Minidumps are not enabled by default on client versions of Windows
#

---------------  S U M M A R Y ------------

Command Line: --add-modules=ALL-SYSTEM --add-opens=java.base/java.util=ALL-UNNAMED --add-opens=java.base/java.lang=ALL-UNNAMED --add-opens=java.base/sun.nio.fs=ALL-UNNAMED -Declipse.application=org.eclipse.jdt.ls.core.id1 -Dosgi.bundles.defaultStartLevel=4 -Declipse.product=org.eclipse.jdt.ls.core.product -Djava.import.generatesMetadataFilesAtProjectRoot=false -Dfile.encoding=utf8 -XX:+UseParallelGC -XX:GCTimeRatio=4 -XX:AdaptiveSizePolicyWeight=90 -Dsun.zip.disableMemoryMapping=true -Xmx1G -Xms100m -Xlog:disable -javaagent:c:\Users\Анастасия\.vscode\extensions\redhat.java-1.15.0-win32-x64\lombok\lombok-1.18.24.jar -XX:+HeapDumpOnOutOfMemoryError -XX:HeapDumpPath=c:\Users\Анастасия\AppData\Roaming\Code\User\workspaceStorage\48e8b926c512a1251546536aae2d32f1\redhat.java c:\Users\Анастасия\.vscode\extensions\redhat.java-1.15.0-win32-x64\server\plugins\org.eclipse.equinox.launcher_1.6.400.v20210924-0641.jar -configuration c:\Users\Анастасия\AppData\Roaming\Code\User\globalStorage\redhat.java\1.15.0\config_win -data c:\Users\Анастасия\AppData\Roaming\Code\User\workspaceStorage\48e8b926c512a1251546536aae2d32f1\redhat.java\jdt_ws

Host: Intel(R) Core(TM) i3-2330M CPU @ 2.20GHz, 4 cores, 1G,  Windows 7 , 64 bit Build 7601 (6.1.7601.24384)
Time: Tue Feb 27 10:55:29 2024 Московское время (зима) elapsed time: 57.203718 seconds (0d 0h 0m 57s)

---------------  T H R E A D  ---------------

Current thread (0x000000005cfebfc0):  JavaThread "Start Level: Equinox Container: 19fcbcf8-4b80-4283-b944-c61c49ebdb36" daemon [_thread_in_vm, id=1964, stack(0x000000005c9f0000,0x000000005caf0000)]

Stack: [0x000000005c9f0000,0x000000005caf0000]
Native frames: (J=compiled Java code, j=interpreted, Vv=VM code, C=native code)
V  [jvm.dll+0x67741a]
V  [jvm.dll+0x834434]
V  [jvm.dll+0x835bde]
V  [jvm.dll+0x836243]
V  [jvm.dll+0x2457b5]
V  [jvm.dll+0xabafc]
V  [jvm.dll+0xac0cc]
V  [jvm.dll+0x51994c]
V  [jvm.dll+0x53c635]
V  [jvm.dll+0x7af5e8]
V  [jvm.dll+0x7af6d4]
V  [jvm.dll+0x40bc05]
V  [jvm.dll+0x411d58]
C  [java.dll+0x17ec]

Java frames: (J=compiled Java code, j=interpreted, Vv=VM code)
J 1109  java.lang.ClassLoader.defineClass1(Ljava/lang/ClassLoader;Ljava/lang/String;[BIILjava/security/ProtectionDomain;Ljava/lang/String;)Ljava/lang/Class; java.base@17.0.6 (0 bytes) @ 0x000000000d075e5b [0x000000000d075da0+0x00000000000000bb]
J 1742 c1 java.lang.ClassLoader.defineClass(Ljava/lang/String;[BIILjava/security/ProtectionDomain;)Ljava/lang/Class; java.base@17.0.6 (43 bytes) @ 0x00000000058650cc [0x0000000005864d80+0x000000000000034c]
J 2169 c1 org.eclipse.osgi.internal.loader.ModuleClassLoader.defineClass(Ljava/lang/String;[BLorg/eclipse/osgi/internal/loader/classpath/ClasspathEntry;)Lorg/eclipse/osgi/internal/loader/ModuleClassLoader$DefineClassResult; (138 bytes) @ 0x000000000597331c [0x00000000059730c0+0x000000000000025c]
J 1814 c1 org.eclipse.osgi.internal.loader.classpath.ClasspathManager.defineClass(Ljava/lang/String;[BLorg/eclipse/osgi/internal/loader/classpath/ClasspathEntry;Lorg/eclipse/osgi/storage/bundlefile/BundleEntry;Ljava/util/List;)Ljava/lang/Class; (636 bytes) @ 0x000000000588f4ec [0x000000000588db60+0x000000000000198c]
J 2149 c1 org.eclipse.osgi.internal.loader.classpath.ClasspathManager.findClassImpl(Ljava/lang/String;Lorg/eclipse/osgi/internal/loader/classpath/ClasspathEntry;Ljava/util/List;)Ljava/lang/Class; (308 bytes) @ 0x000000000595f0a4 [0x000000000595c340+0x0000000000002d64]
J 1794 c1 org.eclipse.osgi.internal.loader.classpath.ClasspathManager.findLocalClassImpl(Ljava/lang/String;[Lorg/eclipse/osgi/internal/loader/classpath/ClasspathEntry;Ljava/util/List;)Ljava/lang/Class; (55 bytes) @ 0x0000000005885ccc [0x0000000005885b40+0x000000000000018c]
J 1793 c1 org.eclipse.osgi.internal.loader.classpath.ClasspathManager.findLocalClassImpl(Ljava/lang/String;Ljava/util/List;)Ljava/lang/Class; (132 bytes) @ 0x00000000058852b4 [0x0000000005884dc0+0x00000000000004f4]
J 2019 c1 org.eclipse.osgi.internal.loader.classpath.ClasspathManager.findLocalClass(Ljava/lang/String;)Ljava/lang/Class; (210 bytes) @ 0x0000000005911a94 [0x0000000005910e20+0x0000000000000c74]
J 1783 c1 org.eclipse.osgi.internal.loader.BundleLoader.findLocalClass(Ljava/lang/String;)Ljava/lang/Class; (152 bytes) @ 0x000000000587d254 [0x000000000587ca20+0x0000000000000834]
J 2036 c1 org.eclipse.osgi.internal.loader.sources.SingleSourcePackage.loadClass(Ljava/lang/String;)Ljava/lang/Class; (9 bytes) @ 0x000000000591c83c [0x000000000591c740+0x00000000000000fc]
J 2775 c1 org.eclipse.osgi.internal.loader.BundleLoader.findClass0(Ljava/lang/String;ZZ)Ljava/lang/Class; (466 bytes) @ 0x0000000005a9076c [0x0000000005a8e280+0x00000000000024ec]
J 1710 c1 org.eclipse.osgi.internal.loader.BundleLoader.findClass(Ljava/lang/String;)Ljava/lang/Class; (8 bytes) @ 0x0000000005851b9c [0x0000000005851b20+0x000000000000007c]
J 1712 c1 org.eclipse.osgi.internal.loader.ModuleClassLoader.loadClass(Ljava/lang/String;Z)Ljava/lang/Class; (36 bytes) @ 0x0000000005857b3c [0x0000000005857920+0x000000000000021c]
J 827 c1 java.lang.ClassLoader.loadClass(Ljava/lang/String;)Ljava/lang/Class; java.base@17.0.6 (7 bytes) @ 0x000000000569ad3c [0x000000000569ac40+0x00000000000000fc]
v  ~StubRoutines::call_stub
J 1109  java.lang.ClassLoader.defineClass1(Ljava/lang/ClassLoader;Ljava/lang/String;[BIILjava/security/ProtectionDomain;Ljava/lang/String;)Ljava/lang/Class; java.base@17.0.6 (0 bytes) @ 0x000000000d075e5b [0x000000000d075da0+0x00000000000000bb]
J 1742 c1 java.lang.ClassLoader.defineClass(Ljava/lang/String;[BIILjava/security/ProtectionDomain;)Ljava/lang/Class; java.base@17.0.6 (43 bytes) @ 0x00000000058650cc [0x0000000005864d80+0x000000000000034c]
J 2169 c1 org.eclipse.osgi.internal.loader.ModuleClassLoader.defineClass(Ljava/lang/String;[BLorg/eclipse/osgi/internal/loader/classpath/ClasspathEntry;)Lorg/eclipse/osgi/internal/loader/ModuleClassLoader$DefineClassResult; (138 bytes) @ 0x000000000597331c [0x00000000059730c0+0x000000000000025c]
J 1814 c1 org.eclipse.osgi.internal.loader.classpath.ClasspathManager.defineClass(Ljava/lang/String;[BLorg/eclipse/osgi/internal/loader/classpath/ClasspathEntry;Lorg/eclipse/osgi/storage/bundlefile/BundleEntry;Ljava/util/List;)Ljava/lang/Class; (636 bytes) @ 0x000000000588f4ec [0x000000000588db60+0x000000000000198c]
J 2149 c1 org.eclipse.osgi.internal.loader.classpath.ClasspathManager.findClassImpl(Ljava/lang/String;Lorg/eclipse/osgi/internal/loader/classpath/ClasspathEntry;Ljava/util/List;)Ljava/lang/Class; (308 bytes) @ 0x000000000595f0a4 [0x000000000595c340+0x0000000000002d64]
J 1794 c1 org.eclipse.osgi.internal.loader.classpath.ClasspathManager.findLocalClassImpl(Ljava/lang/String;[Lorg/eclipse/osgi/internal/loader/classpath/ClasspathEntry;Ljava/util/List;)Ljava/lang/Class; (55 bytes) @ 0x0000000005885ccc [0x0000000005885b40+0x000000000000018c]
J 1793 c1 org.eclipse.osgi.internal.loader.classpath.ClasspathManager.findLocalClassImpl(Ljava/lang/String;Ljava/util/List;)Ljava/lang/Class; (132 bytes) @ 0x00000000058852b4 [0x0000000005884dc0+0x00000000000004f4]
J 2019 c1 org.eclipse.osgi.internal.loader.classpath.ClasspathManager.findLocalClass(Ljava/lang/String;)Ljava/lang/Class; (210 bytes) @ 0x0000000005911a94 [0x0000000005910e20+0x0000000000000c74]
J 1783 c1 org.eclipse.osgi.internal.loader.BundleLoader.findLocalClass(Ljava/lang/String;)Ljava/lang/Class; (152 bytes) @ 0x000000000587d254 [0x000000000587ca20+0x0000000000000834]
J 2775 c1 org.eclipse.osgi.internal.loader.BundleLoader.findClass0(Ljava/lang/String;ZZ)Ljava/lang/Class; (466 bytes) @ 0x0000000005a9085c [0x0000000005a8e280+0x00000000000025dc]
J 1710 c1 org.eclipse.osgi.internal.loader.BundleLoader.findClass(Ljava/lang/String;)Ljava/lang/Class; (8 bytes) @ 0x0000000005851b9c [0x0000000005851b20+0x000000000000007c]
J 1712 c1 org.eclipse.osgi.internal.loader.ModuleClassLoader.loadClass(Ljava/lang/String;Z)Ljava/lang/Class; (36 bytes) @ 0x0000000005857b3c [0x0000000005857920+0x000000000000021c]
J 827 c1 java.lang.ClassLoader.loadClass(Ljava/lang/String;)Ljava/lang/Class; java.base@17.0.6 (7 bytes) @ 0x000000000569ad3c [0x000000000569ac40+0x00000000000000fc]
v  ~StubRoutines::call_stub
J 1109  java.lang.ClassLoader.defineClass1(Ljava/lang/ClassLoader;Ljava/lang/String;[BIILjava/security/ProtectionDomain;Ljava/lang/String;)Ljava/lang/Class; java.base@17.0.6 (0 bytes) @ 0x000000000d075e5b [0x000000000d075da0+0x00000000000000bb]
J 1742 c1 java.lang.ClassLoader.defineClass(Ljava/lang/String;[BIILjava/security/ProtectionDomain;)Ljava/lang/Class; java.base@17.0.6 (43 bytes) @ 0x00000000058650cc [0x0000000005864d80+0x000000000000034c]
J 2169 c1 org.eclipse.osgi.internal.loader.ModuleClassLoader.defineClass(Ljava/lang/String;[BLorg/eclipse/osgi/internal/loader/classpath/ClasspathEntry;)Lorg/eclipse/osgi/internal/loader/ModuleClassLoader$DefineClassResult; (138 bytes) @ 0x000000000597331c [0x00000000059730c0+0x000000000000025c]
J 1814 c1 org.eclipse.osgi.internal.loader.classpath.ClasspathManager.defineClass(Ljava/lang/String;[BLorg/eclipse/osgi/internal/loader/classpath/ClasspathEntry;Lorg/eclipse/osgi/storage/bundlefile/BundleEntry;Ljava/util/List;)Ljava/lang/Class; (636 bytes) @ 0x000000000588f4ec [0x000000000588db60+0x000000000000198c]
J 2149 c1 org.eclipse.osgi.internal.loader.classpath.ClasspathManager.findClassImpl(Ljava/lang/String;Lorg/eclipse/osgi/internal/loader/classpath/ClasspathEntry;Ljava/util/List;)Ljava/lang/Class; (308 bytes) @ 0x000000000595f0a4 [0x000000000595c340+0x0000000000002d64]
J 1794 c1 org.eclipse.osgi.internal.loader.classpath.ClasspathManager.findLocalClassImpl(Ljava/lang/String;[Lorg/eclipse/osgi/internal/loader/classpath/ClasspathEntry;Ljava/util/List;)Ljava/lang/Class; (55 bytes) @ 0x0000000005885ccc [0x0000000005885b40+0x000000000000018c]
J 1793 c1 org.eclipse.osgi.internal.loader.classpath.ClasspathManager.findLocalClassImpl(Ljava/lang/String;Ljava/util/List;)Ljava/lang/Class; (132 bytes) @ 0x00000000058852b4 [0x0000000005884dc0+0x00000000000004f4]
J 2019 c1 org.eclipse.osgi.internal.loader.classpath.ClasspathManager.findLocalClass(Ljava/lang/String;)Ljava/lang/Class; (210 bytes) @ 0x0000000005911a94 [0x0000000005910e20+0x0000000000000c74]
J 1783 c1 org.eclipse.osgi.internal.loader.BundleLoader.findLocalClass(Ljava/lang/String;)Ljava/lang/Class; (152 bytes) @ 0x000000000587d254 [0x000000000587ca20+0x0000000000000834]
j  org.eclipse.osgi.internal.loader.BundleLoader.findClass0(Ljava/lang/String;ZZ)Ljava/lang/Class;+309
J 1710 c1 org.eclipse.osgi.internal.loader.BundleLoader.findClass(Ljava/lang/String;)Ljava/lang/Class; (8 bytes) @ 0x0000000005851b9c [0x0000000005851b20+0x000000000000007c]
J 1712 c1 org.eclipse.osgi.internal.loader.ModuleClassLoader.loadClass(Ljava/lang/String;Z)Ljava/lang/Class; (36 bytes) @ 0x0000000005857b3c [0x0000000005857920+0x000000000000021c]
J 827 c1 java.lang.ClassLoader.loadClass(Ljava/lang/String;)Ljava/lang/Class; java.base@17.0.6 (7 bytes) @ 0x000000000569ad3c [0x000000000569ac40+0x00000000000000fc]
v  ~StubRoutines::call_stub
j  org.eclipse.jdt.internal.core.JavaModelManager.<init>()V+403
j  org.eclipse.jdt.internal.core.JavaModelManager.<clinit>()V+87
v  ~StubRoutines::call_stub
j  org.eclipse.jdt.core.JavaCore.start(Lorg/osgi/framework/BundleContext;)V+6
j  org.eclipse.osgi.internal.framework.BundleContextImpl$2.run()Ljava/lang/Void;+23
j  org.eclipse.osgi.internal.framework.BundleContextImpl$2.run()Ljava/lang/Object;+1
J 1284 c1 java.security.AccessController.executePrivileged(Ljava/security/PrivilegedExceptionAction;Ljava/security/AccessControlContext;Ljava/lang/Class;)Ljava/lang/Object; java.base@17.0.6 (65 bytes) @ 0x000000000577bb34 [0x000000000577b9e0+0x0000000000000154]
j  java.security.AccessController.doPrivileged(Ljava/security/PrivilegedExceptionAction;)Ljava/lang/Object;+9 java.base@17.0.6
j  org.eclipse.osgi.internal.framework.BundleContextImpl.startActivator(Lorg/osgi/framework/BundleActivator;)V+9
j  org.eclipse.osgi.internal.framework.BundleContextImpl.start()V+134
j  org.eclipse.osgi.internal.framework.EquinoxBundle.startWorker0()V+35
j  org.eclipse.osgi.internal.framework.EquinoxBundle$EquinoxModule.startWorker()V+4
j  org.eclipse.osgi.container.Module.doStart([Lorg/eclipse/osgi/container/Module$StartOptions;)Lorg/eclipse/osgi/container/ModuleContainerAdaptor$ModuleEvent;+190
J 2265 c1 org.eclipse.osgi.container.Module.start([Lorg/eclipse/osgi/container/Module$StartOptions;)V (655 bytes) @ 0x00000000059a6a2c [0x00000000059a46e0+0x000000000000234c]
j  org.eclipse.osgi.framework.util.SecureAction.start(Lorg/eclipse/osgi/container/Module;[Lorg/eclipse/osgi/container/Module$StartOptions;)V+8
J 2018 c1 org.eclipse.osgi.internal.hooks.EclipseLazyStarter.postFindLocalClass(Ljava/lang/String;Ljava/lang/Class;Lorg/eclipse/osgi/internal/loader/classpath/ClasspathManager;)V (394 bytes) @ 0x000000000590dbfc [0x000000000590cce0+0x0000000000000f1c]
J 2019 c1 org.eclipse.osgi.internal.loader.classpath.ClasspathManager.findLocalClass(Ljava/lang/String;)Ljava/lang/Class; (210 bytes) @ 0x0000000005911da4 [0x0000000005910e20+0x0000000000000f84]
J 1783 c1 org.eclipse.osgi.internal.loader.BundleLoader.findLocalClass(Ljava/lang/String;)Ljava/lang/Class; (152 bytes) @ 0x000000000587d254 [0x000000000587ca20+0x0000000000000834]
J 2036 c1 org.eclipse.osgi.internal.loader.sources.SingleSourcePackage.loadClass(Ljava/lang/String;)Ljava/lang/Class; (9 bytes) @ 0x000000000591c83c [0x000000000591c740+0x00000000000000fc]
J 1711 c1 org.eclipse.osgi.internal.loader.BundleLoader.findClass0(Ljava/lang/String;ZZ)Ljava/lang/Class; (466 bytes) @ 0x0000000005854a5c [0x00000000058524a0+0x00000000000025bc]
J 1710 c1 org.eclipse.osgi.internal.loader.BundleLoader.findClass(Ljava/lang/String;)Ljava/lang/Class; (8 bytes) @ 0x0000000005851b9c [0x0000000005851b20+0x000000000000007c]
J 1712 c1 org.eclipse.osgi.internal.loader.ModuleClassLoader.loadClass(Ljava/lang/String;Z)Ljava/lang/Class; (36 bytes) @ 0x0000000005857b3c [0x0000000005857920+0x000000000000021c]
J 827 c1 java.lang.ClassLoader.loadClass(Ljava/lang/String;)Ljava/lang/Class; java.base@17.0.6 (7 bytes) @ 0x000000000569ad3c [0x000000000569ac40+0x00000000000000fc]
v  ~StubRoutines::call_stub
j  java.lang.Class.getDeclaredConstructors0(Z)[Ljava/lang/reflect/Constructor;+0 java.base@17.0.6
j  java.lang.Class.privateGetDeclaredConstructors(Z)[Ljava/lang/reflect/Constructor;+52 java.base@17.0.6
j  java.lang.Class.getConstructor0([Ljava/lang/Class;I)Ljava/lang/reflect/Constructor;+14 java.base@17.0.6
j  java.lang.Class.getConstructor([Ljava/lang/Class;)Ljava/lang/reflect/Constructor;+24 java.base@17.0.6
j  org.eclipse.osgi.internal.framework.BundleContextImpl.loadBundleActivator()Lorg/osgi/framework/BundleActivator;+105
j  org.eclipse.osgi.internal.framework.BundleContextImpl.start()V+18
j  org.eclipse.osgi.internal.framework.EquinoxBundle.startWorker0()V+35
j  org.eclipse.osgi.internal.framework.EquinoxBundle$EquinoxModule.startWorker()V+4
j  org.eclipse.osgi.container.Module.doStart([Lorg/eclipse/osgi/container/Module$StartOptions;)Lorg/eclipse/osgi/container/ModuleContainerAdaptor$ModuleEvent;+190
j  org.eclipse.osgi.container.Module.start([Lorg/eclipse/osgi/container/Module$StartOptions;)V+460
j  org.eclipse.osgi.container.ModuleContainer$ContainerStartLevel$2.run()V+71
j  org.eclipse.osgi.internal.framework.EquinoxContainerAdaptor$1$1.execute(Ljava/lang/Runnable;)V+1
j  org.eclipse.osgi.container.ModuleContainer$ContainerStartLevel.incStartLevel(ILjava/util/List;Z)V+192
j  org.eclipse.osgi.container.ModuleContainer$ContainerStartLevel.incStartLevel(ILjava/util/List;Ljava/util/List;Ljava/util/List;Ljava/util/List;)V+19
j  org.eclipse.osgi.container.ModuleContainer$ContainerStartLevel.doContainerStartLevel(Lorg/eclipse/osgi/container/Module;I[Lorg/osgi/framework/FrameworkListener;)V+349
j  org.eclipse.osgi.container.ModuleContainer$ContainerStartLevel.dispatchEvent(Lorg/eclipse/osgi/container/Module;[Lorg/osgi/framework/FrameworkListener;ILjava/lang/Integer;)V+32
j  org.eclipse.osgi.container.ModuleContainer$ContainerStartLevel.dispatchEvent(Ljava/lang/Object;Ljava/lang/Object;ILjava/lang/Object;)V+15
j  org.eclipse.osgi.framework.eventmgr.EventManager.dispatchEvent(Ljava/util/Set;Lorg/eclipse/osgi/framework/eventmgr/EventDispatcher;ILjava/lang/Object;)V+48
j  org.eclipse.osgi.framework.eventmgr.EventManager$EventThread.run()V+26
v  ~StubRoutines::call_stub

---------------  P R O C E S S  ---------------

Threads class SMR info:
_java_thread_list=0x000000005d0d0b30, length=23, elements={
0x00000000004eaa00, 0x0000000016f08560, 0x0000000014935b70, 0x000000001493c090,
0x000000001493c950, 0x0000000016f2fa60, 0x0000000016f325e0, 0x0000000016f351d0,
0x0000000016f94850, 0x0000000016f9de20, 0x0000000016e60090, 0x0000000059819470,
0x000000005950c170, 0x000000005ccbbce0, 0x000000005cfebfc0, 0x000000005e2615f0,
0x000000005d3720b0, 0x000000005d3adb10, 0x000000005d427b60, 0x000000005d143fe0,
0x000000005d1444b0, 0x000000005d144980, 0x000000005d144e50
}

Java Threads: ( => current thread )
  0x00000000004eaa00 JavaThread "main" [_thread_blocked, id=6536, stack(0x0000000002080000,0x0000000002180000)]
  0x0000000016f08560 JavaThread "Reference Handler" daemon [_thread_blocked, id=6204, stack(0x00000000589a0000,0x0000000058aa0000)]
  0x0000000014935b70 JavaThread "Finalizer" daemon [_thread_blocked, id=8440, stack(0x0000000058bc0000,0x0000000058cc0000)]
  0x000000001493c090 JavaThread "Signal Dispatcher" daemon [_thread_blocked, id=5052, stack(0x0000000058e00000,0x0000000058f00000)]
  0x000000001493c950 JavaThread "Attach Listener" daemon [_thread_blocked, id=8700, stack(0x0000000059030000,0x0000000059130000)]
  0x0000000016f2fa60 JavaThread "Service Thread" daemon [_thread_blocked, id=8828, stack(0x0000000058f30000,0x0000000059030000)]
  0x0000000016f325e0 JavaThread "Monitor Deflation Thread" daemon [_thread_blocked, id=7468, stack(0x00000000592c0000,0x00000000593c0000)]
  0x0000000016f351d0 JavaThread "C2 CompilerThread0" daemon [_thread_blocked, id=8568, stack(0x00000000593f0000,0x00000000594f0000)]
  0x0000000016f94850 JavaThread "C1 CompilerThread0" daemon [_thread_blocked, id=1924, stack(0x0000000059150000,0x0000000059250000)]
  0x0000000016f9de20 JavaThread "Sweeper thread" daemon [_thread_blocked, id=7724, stack(0x0000000058cf0000,0x0000000058df0000)]
  0x0000000016e60090 JavaThread "Common-Cleaner" daemon [_thread_blocked, id=8416, stack(0x00000000599e0000,0x0000000059ae0000)]
  0x0000000059819470 JavaThread "Notification Thread" daemon [_thread_blocked, id=940, stack(0x000000005c880000,0x000000005c980000)]
  0x000000005950c170 JavaThread "Active Thread: Equinox Container: 19fcbcf8-4b80-4283-b944-c61c49ebdb36" [_thread_blocked, id=5380, stack(0x0000000059af0000,0x0000000059bf0000)]
  0x000000005ccbbce0 JavaThread "Framework Event Dispatcher: Equinox Container: 19fcbcf8-4b80-4283-b944-c61c49ebdb36" daemon [_thread_blocked, id=3000, stack(0x000000005f260000,0x000000005f360000)]
=>0x000000005cfebfc0 JavaThread "Start Level: Equinox Container: 19fcbcf8-4b80-4283-b944-c61c49ebdb36" daemon [_thread_in_vm, id=1964, stack(0x000000005c9f0000,0x000000005caf0000)]
  0x000000005e2615f0 JavaThread "SCR Component Actor" daemon [_thread_blocked, id=8812, stack(0x000000005f470000,0x000000005f570000)]
  0x000000005d3720b0 JavaThread "Worker-JM" [_thread_blocked, id=4040, stack(0x0000000060090000,0x0000000060190000)]
  0x000000005d3adb10 JavaThread "Worker-0: Repository registry initialization" [_thread_blocked, id=7680, stack(0x000000005f5f0000,0x000000005f6f0000)]
  0x000000005d427b60 JavaThread "Worker-1: Refreshing workspace" [_thread_blocked, id=9188, stack(0x00000000602e0000,0x00000000603e0000)]
  0x000000005d143fe0 JavaThread "SCR Component Registry" daemon [_thread_blocked, id=8696, stack(0x00000000604f0000,0x00000000605f0000)]
  0x000000005d1444b0 JavaThread "Worker-2: Updating Maven Dependencies" [_thread_blocked, id=4840, stack(0x00000000601b0000,0x00000000602b0000)]
  0x000000005d144980 JavaThread "Worker-3" [_thread_blocked, id=3552, stack(0x0000000060740000,0x0000000060840000)]
  0x000000005d144e50 JavaThread "Worker-4: Updating workspace" [_thread_blocked, id=7568, stack(0x0000000060930000,0x0000000060a30000)]

Other Threads:
  0x0000000014921b80 VMThread "VM Thread" [stack: 0x00000000588a0000,0x00000000589a0000] [id=2620] _threads_hazard_ptr=0x000000005d0d0b30
  0x0000000059819940 WatcherThread [stack: 0x000000005cb30000,0x000000005cc30000] [id=7188]
  0x00000000005026e0 GCTaskThread "GC Thread#0" [stack: 0x0000000014980000,0x0000000014a80000] [id=9000]
  0x000000005cff32f0 GCTaskThread "GC Thread#1" [stack: 0x000000005d4d0000,0x000000005d5d0000] [id=8984]
  0x000000005cec9280 GCTaskThread "GC Thread#2" [stack: 0x000000005d690000,0x000000005d790000] [id=9180]
  0x000000005cec9530 GCTaskThread "GC Thread#3" [stack: 0x000000005e0f0000,0x000000005e1f0000] [id=3752]

Threads with active compile tasks:
C2 CompilerThread0    58218 2833       4       org.objectweb.asm.SymbolTable::addConstantUtf8 (98 bytes)

VM state: synchronizing (normal execution)

VM Mutex/Monitor currently owned by a thread:  ([mutex/lock_event])
[0x00000000004e47a0] Threads_lock - owner thread: 0x0000000014921b80

Heap address: 0x00000000c0000000, size: 1024 MB, Compressed Oops mode: 32-bit

CDS archive(s) not mapped
Compressed class space mapped at: 0x0000000017000000-0x0000000057000000, reserved size: 1073741824
Narrow klass base: 0x0000000000000000, Narrow klass shift: 0, Narrow klass range: 0x57000000

GC Precious Log:
 CPUs: 4 total, 4 available
 Memory: 1961M
 Large Page Support: Disabled
 NUMA Support: Disabled
 Compressed Oops: Enabled (32-bit)
 Alignments: Space 512K, Generation 512K, Heap 2M
 Heap Min Capacity: 100M
 Heap Initial Capacity: 100M
 Heap Max Capacity: 1G
 Pre-touch: Disabled
 Parallel Workers: 4

Heap:
 PSYoungGen      total 27648K, used 18321K [0x00000000eab00000, 0x00000000eca80000, 0x0000000100000000)
  eden space 25088K, 64% used [0x00000000eab00000,0x00000000ebadb708,0x00000000ec380000)
  from space 2560K, 81% used [0x00000000ec400000,0x00000000ec608f48,0x00000000ec680000)
  to   space 3584K, 0% used [0x00000000ec700000,0x00000000ec700000,0x00000000eca80000)
 ParOldGen       total 68608K, used 8045K [0x00000000c0000000, 0x00000000c4300000, 0x00000000eab00000)
  object space 68608K, 11% used [0x00000000c0000000,0x00000000c07db540,0x00000000c4300000)
 Metaspace       used 25311K, committed 25856K, reserved 1073152K
  class space    used 2589K, committed 2816K, reserved 1048576K

Card table byte_map: [0x0000000014630000,0x0000000014840000] _byte_map_base: 0x0000000014030000

Marking Bits: (ParMarkBitMap*) 0x000007fed40c3e70
 Begin Bits: [0x0000000014be0000, 0x0000000015be0000)
 End Bits:   [0x0000000015be0000, 0x0000000016be0000)

Polling page: 0x0000000000130000

Metaspace:

Usage:
  Non-class:     22.19 MB used.
      Class:      2.53 MB used.
       Both:     24.72 MB used.

Virtual space:
  Non-class space:       24.00 MB reserved,      22.50 MB ( 94%) committed,  3 nodes.
      Class space:        1.00 GB reserved,       2.75 MB ( <1%) committed,  1 nodes.
             Both:        1.02 GB reserved,      25.25 MB (  2%) committed. 

Chunk freelists:
   Non-Class:  928.00 KB
       Class:  1.08 MB
        Both:  1.98 MB

MaxMetaspaceSize: unlimited
CompressedClassSpaceSize: 1.00 GB
Initial GC threshold: 21.00 MB
Current GC threshold: 35.00 MB
CDS: off
MetaspaceReclaimPolicy: balanced
 - commit_granule_bytes: 65536.
 - commit_granule_words: 8192.
 - virtual_space_node_default_size: 1048576.
 - enlarge_chunks_in_place: 1.
 - new_chunks_are_fully_committed: 0.
 - uncommit_free_chunks: 1.
 - use_allocation_guard: 0.
 - handle_deallocations: 1.


Internal statistics:

num_allocs_failed_limit: 3.
num_arena_births: 238.
num_arena_deaths: 14.
num_vsnodes_births: 4.
num_vsnodes_deaths: 0.
num_space_committed: 404.
num_space_uncommitted: 0.
num_chunks_returned_to_freelist: 17.
num_chunks_taken_from_freelist: 917.
num_chunk_merges: 7.
num_chunk_splits: 581.
num_chunks_enlarged: 397.
num_purges: 2.
num_inconsistent_stats: 0.

CodeHeap 'non-profiled nmethods': size=120000Kb used=1133Kb max_used=1133Kb free=118866Kb
 bounds [0x000000000d010000, 0x000000000d280000, 0x0000000014540000]
CodeHeap 'profiled nmethods': size=120000Kb used=5604Kb max_used=5604Kb free=114395Kb
 bounds [0x0000000005540000, 0x0000000005ac0000, 0x000000000ca70000]
CodeHeap 'non-nmethods': size=5760Kb used=1206Kb max_used=1222Kb free=4553Kb
 bounds [0x000000000ca70000, 0x000000000cce0000, 0x000000000d010000]
 total_blobs=3325 nmethods=2815 adapters=424
 compilation: enabled
              stopped_count=0, restarted_count=0
 full_count=0

Compilation events (20 events):
Event: 56.730 Thread 0x0000000016f94850 2820       3       org.objectweb.asm.SymbolTable::addConstantClass (8 bytes)
Event: 56.731 Thread 0x0000000016f94850 nmethod 2820 0x0000000005aaea90 code [0x0000000005aaec20, 0x0000000005aaed68]
Event: 56.731 Thread 0x0000000016f94850 2799       3       java.util.regex.Pattern$BmpCharProperty::match (55 bytes)
Event: 56.731 Thread 0x0000000016f94850 nmethod 2799 0x0000000005aaee10 code [0x0000000005aaefe0, 0x0000000005aaf468]
Event: 56.731 Thread 0x0000000016f94850 2812       3       java.util.regex.Pattern::lambda$Single$7 (11 bytes)
Event: 56.732 Thread 0x0000000016f94850 nmethod 2812 0x0000000005aaf610 code [0x0000000005aaf7a0, 0x0000000005aaf8f8]
Event: 56.733 Thread 0x0000000016f94850 2831       3       org.objectweb.asm.ClassReader::readConst (276 bytes)
Event: 56.739 Thread 0x0000000016f94850 nmethod 2831 0x0000000005aaf990 code [0x0000000005aafe00, 0x0000000005ab1998]
Event: 56.740 Thread 0x0000000016f94850 2832       3       org.objectweb.asm.SymbolTable::hash (7 bytes)
Event: 56.740 Thread 0x0000000016f94850 nmethod 2832 0x0000000005ab2410 code [0x0000000005ab25a0, 0x0000000005ab2698]
Event: 56.740 Thread 0x0000000016f94850 2834       3       org.objectweb.asm.MethodWriter::visitFieldInsn (258 bytes)
Event: 56.744 Thread 0x0000000016f94850 nmethod 2834 0x0000000005ab2710 code [0x0000000005ab2980, 0x0000000005ab35a8]
Event: 56.750 Thread 0x0000000016f94850 2835       3       org.codehaus.plexus.util.xml.pull.MXParser::isNameChar (63 bytes)
Event: 56.752 Thread 0x0000000016f94850 nmethod 2835 0x0000000005ab3990 code [0x0000000005ab3b40, 0x0000000005ab3e98]
Event: 56.758 Thread 0x0000000016f94850 2836       3       org.codehaus.plexus.util.xml.pull.MXParser::nextImpl (1202 bytes)
Event: 56.772 Thread 0x0000000016f94850 nmethod 2836 0x0000000005ab3f90 code [0x0000000005ab4640, 0x0000000005ab7988]
Event: 56.772 Thread 0x0000000016f94850 2837       3       org.objectweb.asm.ByteVector::put12 (64 bytes)
Event: 56.773 Thread 0x0000000016f94850 nmethod 2837 0x0000000005ab8810 code [0x0000000005ab89c0, 0x0000000005ab8be8]
Event: 56.775 Thread 0x0000000016f94850 2838       3       org.codehaus.plexus.util.xml.pull.MXParser::next (10 bytes)
Event: 56.775 Thread 0x0000000016f94850 nmethod 2838 0x0000000005ab8d90 code [0x0000000005ab8f40, 0x0000000005ab9088]

GC Heap History (12 events):
Event: 22.071 GC heap before
{Heap before GC invocations=1 (full 0):
 PSYoungGen      total 29696K, used 25600K [0x00000000eab00000, 0x00000000ecc00000, 0x0000000100000000)
  eden space 25600K, 100% used [0x00000000eab00000,0x00000000ec400000,0x00000000ec400000)
  from space 4096K, 0% used [0x00000000ec800000,0x00000000ec800000,0x00000000ecc00000)
  to   space 4096K, 0% used [0x00000000ec400000,0x00000000ec400000,0x00000000ec800000)
 ParOldGen       total 68608K, used 0K [0x00000000c0000000, 0x00000000c4300000, 0x00000000eab00000)
  object space 68608K, 0% used [0x00000000c0000000,0x00000000c0000000,0x00000000c4300000)
 Metaspace       used 11115K, committed 11328K, reserved 1064960K
  class space    used 1110K, committed 1216K, reserved 1048576K
}
Event: 22.161 GC heap after
{Heap after GC invocations=1 (full 0):
 PSYoungGen      total 29696K, used 3240K [0x00000000eab00000, 0x00000000ecc00000, 0x0000000100000000)
  eden space 25600K, 0% used [0x00000000eab00000,0x00000000eab00000,0x00000000ec400000)
  from space 4096K, 79% used [0x00000000ec400000,0x00000000ec72a208,0x00000000ec800000)
  to   space 4096K, 0% used [0x00000000ec800000,0x00000000ec800000,0x00000000ecc00000)
 ParOldGen       total 68608K, used 0K [0x00000000c0000000, 0x00000000c4300000, 0x00000000eab00000)
  object space 68608K, 0% used [0x00000000c0000000,0x00000000c0000000,0x00000000c4300000)
 Metaspace       used 11115K, committed 11328K, reserved 1064960K
  class space    used 1110K, committed 1216K, reserved 1048576K
}
Event: 29.858 GC heap before
{Heap before GC invocations=2 (full 0):
 PSYoungGen      total 29696K, used 28840K [0x00000000eab00000, 0x00000000ecc00000, 0x0000000100000000)
  eden space 25600K, 100% used [0x00000000eab00000,0x00000000ec400000,0x00000000ec400000)
  from space 4096K, 79% used [0x00000000ec400000,0x00000000ec72a208,0x00000000ec800000)
  to   space 4096K, 0% used [0x00000000ec800000,0x00000000ec800000,0x00000000ecc00000)
 ParOldGen       total 68608K, used 0K [0x00000000c0000000, 0x00000000c4300000, 0x00000000eab00000)
  object space 68608K, 0% used [0x00000000c0000000,0x00000000c0000000,0x00000000c4300000)
 Metaspace       used 14451K, committed 14656K, reserved 1064960K
  class space    used 1445K, committed 1536K, reserved 1048576K
}
Event: 29.898 GC heap after
{Heap after GC invocations=2 (full 0):
 PSYoungGen      total 29696K, used 4094K [0x00000000eab00000, 0x00000000ecc00000, 0x0000000100000000)
  eden space 25600K, 0% used [0x00000000eab00000,0x00000000eab00000,0x00000000ec400000)
  from space 4096K, 99% used [0x00000000ec800000,0x00000000ecbffa48,0x00000000ecc00000)
  to   space 4096K, 0% used [0x00000000ec400000,0x00000000ec400000,0x00000000ec800000)
 ParOldGen       total 68608K, used 1330K [0x00000000c0000000, 0x00000000c4300000, 0x00000000eab00000)
  object space 68608K, 1% used [0x00000000c0000000,0x00000000c014c800,0x00000000c4300000)
 Metaspace       used 14451K, committed 14656K, reserved 1064960K
  class space    used 1445K, committed 1536K, reserved 1048576K
}
Event: 40.657 GC heap before
{Heap before GC invocations=3 (full 0):
 PSYoungGen      total 29696K, used 29694K [0x00000000eab00000, 0x00000000ecc00000, 0x0000000100000000)
  eden space 25600K, 100% used [0x00000000eab00000,0x00000000ec400000,0x00000000ec400000)
  from space 4096K, 99% used [0x00000000ec800000,0x00000000ecbffa48,0x00000000ecc00000)
  to   space 4096K, 0% used [0x00000000ec400000,0x00000000ec400000,0x00000000ec800000)
 ParOldGen       total 68608K, used 1330K [0x00000000c0000000, 0x00000000c4300000, 0x00000000eab00000)
  object space 68608K, 1% used [0x00000000c0000000,0x00000000c014c800,0x00000000c4300000)
 Metaspace       used 19618K, committed 20096K, reserved 1073152K
  class space    used 1978K, committed 2176K, reserved 1048576K
}
Event: 40.684 GC heap after
{Heap after GC invocations=3 (full 0):
 PSYoungGen      total 29696K, used 4092K [0x00000000eab00000, 0x00000000ecc00000, 0x0000000100000000)
  eden space 25600K, 0% used [0x00000000eab00000,0x00000000eab00000,0x00000000ec400000)
  from space 4096K, 99% used [0x00000000ec400000,0x00000000ec7ff288,0x00000000ec800000)
  to   space 4096K, 0% used [0x00000000ec800000,0x00000000ec800000,0x00000000ecc00000)
 ParOldGen       total 68608K, used 3633K [0x00000000c0000000, 0x00000000c4300000, 0x00000000eab00000)
  object space 68608K, 5% used [0x00000000c0000000,0x00000000c038c708,0x00000000c4300000)
 Metaspace       used 19618K, committed 20096K, reserved 1073152K
  class space    used 1978K, committed 2176K, reserved 1048576K
}
Event: 44.197 GC heap before
{Heap before GC invocations=4 (full 0):
 PSYoungGen      total 29696K, used 15713K [0x00000000eab00000, 0x00000000ecc00000, 0x0000000100000000)
  eden space 25600K, 45% used [0x00000000eab00000,0x00000000eb659440,0x00000000ec400000)
  from space 4096K, 99% used [0x00000000ec400000,0x00000000ec7ff288,0x00000000ec800000)
  to   space 4096K, 0% used [0x00000000ec800000,0x00000000ec800000,0x00000000ecc00000)
 ParOldGen       total 68608K, used 3633K [0x00000000c0000000, 0x00000000c4300000, 0x00000000eab00000)
  object space 68608K, 5% used [0x00000000c0000000,0x00000000c038c708,0x00000000c4300000)
 Metaspace       used 21135K, committed 21504K, reserved 1073152K
  class space    used 2131K, committed 2304K, reserved 1048576K
}
Event: 44.712 GC heap after
{Heap after GC invocations=4 (full 0):
 PSYoungGen      total 29696K, used 4092K [0x00000000eab00000, 0x00000000ecc00000, 0x0000000100000000)
  eden space 25600K, 0% used [0x00000000eab00000,0x00000000eab00000,0x00000000ec400000)
  from space 4096K, 99% used [0x00000000ec800000,0x00000000ecbff288,0x00000000ecc00000)
  to   space 4096K, 0% used [0x00000000ec400000,0x00000000ec400000,0x00000000ec800000)
 ParOldGen       total 68608K, used 4158K [0x00000000c0000000, 0x00000000c4300000, 0x00000000eab00000)
  object space 68608K, 6% used [0x00000000c0000000,0x00000000c040f900,0x00000000c4300000)
 Metaspace       used 21135K, committed 21504K, reserved 1073152K
  class space    used 2131K, committed 2304K, reserved 1048576K
}
Event: 44.712 GC heap before
{Heap before GC invocations=5 (full 1):
 PSYoungGen      total 29696K, used 4092K [0x00000000eab00000, 0x00000000ecc00000, 0x0000000100000000)
  eden space 25600K, 0% used [0x00000000eab00000,0x00000000eab00000,0x00000000ec400000)
  from space 4096K, 99% used [0x00000000ec800000,0x00000000ecbff288,0x00000000ecc00000)
  to   space 4096K, 0% used [0x00000000ec400000,0x00000000ec400000,0x00000000ec800000)
 ParOldGen       total 68608K, used 4158K [0x00000000c0000000, 0x00000000c4300000, 0x00000000eab00000)
  object space 68608K, 6% used [0x00000000c0000000,0x00000000c040f900,0x00000000c4300000)
 Metaspace       used 21135K, committed 21504K, reserved 1073152K
  class space    used 2131K, committed 2304K, reserved 1048576K
}
Event: 44.888 GC heap after
{Heap after GC invocations=5 (full 1):
 PSYoungGen      total 29696K, used 0K [0x00000000eab00000, 0x00000000ecc00000, 0x0000000100000000)
  eden space 25600K, 0% used [0x00000000eab00000,0x00000000eab00000,0x00000000ec400000)
  from space 4096K, 0% used [0x00000000ec800000,0x00000000ec800000,0x00000000ecc00000)
  to   space 4096K, 0% used [0x00000000ec400000,0x00000000ec400000,0x00000000ec800000)
 ParOldGen       total 68608K, used 8037K [0x00000000c0000000, 0x00000000c4300000, 0x00000000eab00000)
  object space 68608K, 11% used [0x00000000c0000000,0x00000000c07d9540,0x00000000c4300000)
 Metaspace       used 21122K, committed 21504K, reserved 1073152K
  class space    used 2128K, committed 2304K, reserved 1048576K
}
Event: 55.250 GC heap before
{Heap before GC invocations=6 (full 1):
 PSYoungGen      total 29696K, used 25591K [0x00000000eab00000, 0x00000000ecc00000, 0x0000000100000000)
  eden space 25600K, 99% used [0x00000000eab00000,0x00000000ec3fdc88,0x00000000ec400000)
  from space 4096K, 0% used [0x00000000ec800000,0x00000000ec800000,0x00000000ecc00000)
  to   space 4096K, 0% used [0x00000000ec400000,0x00000000ec400000,0x00000000ec800000)
 ParOldGen       total 68608K, used 8037K [0x00000000c0000000, 0x00000000c4300000, 0x00000000eab00000)
  object space 68608K, 11% used [0x00000000c0000000,0x00000000c07d9540,0x00000000c4300000)
 Metaspace       used 24300K, committed 24832K, reserved 1073152K
  class space    used 2510K, committed 2752K, reserved 1048576K
}
Event: 55.272 GC heap after
{Heap after GC invocations=6 (full 1):
 PSYoungGen      total 27648K, used 2083K [0x00000000eab00000, 0x00000000eca80000, 0x0000000100000000)
  eden space 25088K, 0% used [0x00000000eab00000,0x00000000eab00000,0x00000000ec380000)
  from space 2560K, 81% used [0x00000000ec400000,0x00000000ec608f48,0x00000000ec680000)
  to   space 3584K, 0% used [0x00000000ec700000,0x00000000ec700000,0x00000000eca80000)
 ParOldGen       total 68608K, used 8045K [0x00000000c0000000, 0x00000000c4300000, 0x00000000eab00000)
  object space 68608K, 11% used [0x00000000c0000000,0x00000000c07db540,0x00000000c4300000)
 Metaspace       used 24300K, committed 24832K, reserved 1073152K
  class space    used 2510K, committed 2752K, reserved 1048576K
}

Dll operation events (9 events):
Event: 0.087 Loaded shared library c:\Users\Анастасия\.vscode\extensions\redhat.java-1.15.0-win32-x64\jre\17.0.6-win32-x86_64\bin\java.dll
Event: 3.110 Loaded shared library c:\Users\Анастасия\.vscode\extensions\redhat.java-1.15.0-win32-x64\jre\17.0.6-win32-x86_64\bin\zip.dll
Event: 3.130 Loaded shared library C:\Users\Анастасия\.vscode\extensions\redhat.java-1.15.0-win32-x64\jre\17.0.6-win32-x86_64\bin\instrument.dll
Event: 3.427 Loaded shared library C:\Users\Анастасия\.vscode\extensions\redhat.java-1.15.0-win32-x64\jre\17.0.6-win32-x86_64\bin\net.dll
Event: 3.477 Loaded shared library C:\Users\Анастасия\.vscode\extensions\redhat.java-1.15.0-win32-x64\jre\17.0.6-win32-x86_64\bin\nio.dll
Event: 3.647 Loaded shared library C:\Users\Анастасия\.vscode\extensions\redhat.java-1.15.0-win32-x64\jre\17.0.6-win32-x86_64\bin\zip.dll
Event: 3.895 Loaded shared library C:\Users\Анастасия\.vscode\extensions\redhat.java-1.15.0-win32-x64\jre\17.0.6-win32-x86_64\bin\jimage.dll
Event: 4.610 Loaded shared library c:\Users\Анастасия\.vscode\extensions\redhat.java-1.15.0-win32-x64\jre\17.0.6-win32-x86_64\bin\verify.dll
Event: 28.641 Loaded shared library C:\Users\Анастасия\AppData\Roaming\Code\User\globalStorage\redhat.java\1.15.0\config_win\org.eclipse.equinox.launcher\org.eclipse.equinox.launcher.win32.win32.x86_64_1.2.700.v20221108-1024\eclipse_11801.dll

Deoptimization events (20 events):
Event: 54.693 Thread 0x000000005cfebfc0 Uncommon trap: trap_request=0xffffff45 fr.pc=0x000000000d103138 relative=0x0000000000000038
Event: 54.693 Thread 0x000000005cfebfc0 Uncommon trap: reason=unstable_if action=reinterpret pc=0x000000000d103138 method=java.util.concurrent.locks.AbstractQueuedSynchronizer.signalNext(Ljava/util/concurrent/locks/AbstractQueuedSynchronizer$Node;)V @ 10 c2
Event: 54.693 Thread 0x000000005cfebfc0 DEOPT PACKING pc=0x000000000d103138 sp=0x000000005caea830
Event: 54.693 Thread 0x000000005cfebfc0 DEOPT UNPACKING pc=0x000000000cac66a3 sp=0x000000005caea7b0 mode 2
Event: 55.056 Thread 0x000000005d427b60 DEOPT PACKING pc=0x00000000059e7508 sp=0x00000000603dea50
Event: 55.057 Thread 0x000000005d427b60 DEOPT UNPACKING pc=0x000000000cac6e43 sp=0x00000000603ddf58 mode 0
Event: 55.074 Thread 0x000000005d427b60 DEOPT PACKING pc=0x00000000056a0f7a sp=0x00000000603dea30
Event: 55.074 Thread 0x000000005d427b60 DEOPT UNPACKING pc=0x000000000cac6e43 sp=0x00000000603dde80 mode 0
Event: 55.704 Thread 0x000000005d427b60 Uncommon trap: trap_request=0xffffff45 fr.pc=0x000000000d02fd94 relative=0x0000000000000274
Event: 55.704 Thread 0x000000005d427b60 Uncommon trap: reason=unstable_if action=reinterpret pc=0x000000000d02fd94 method=java.util.HashMap$HashIterator.<init>(Ljava/util/HashMap;)V @ 45 c2
Event: 55.704 Thread 0x000000005d427b60 DEOPT PACKING pc=0x000000000d02fd94 sp=0x00000000603de9f0
Event: 55.704 Thread 0x000000005d427b60 DEOPT UNPACKING pc=0x000000000cac66a3 sp=0x00000000603de988 mode 2
Event: 55.714 Thread 0x000000005d427b60 DEOPT PACKING pc=0x00000000059e7508 sp=0x00000000603deba0
Event: 55.714 Thread 0x000000005d427b60 DEOPT UNPACKING pc=0x000000000cac6e43 sp=0x00000000603de0a8 mode 0
Event: 55.783 Thread 0x000000005cfebfc0 DEOPT PACKING pc=0x0000000005854b4c sp=0x000000005cae3850
Event: 55.783 Thread 0x000000005cfebfc0 DEOPT UNPACKING pc=0x000000000cac6e43 sp=0x000000005cae2da8 mode 0
Event: 55.835 Thread 0x000000005cfebfc0 DEOPT PACKING pc=0x0000000005854b4c sp=0x000000005cae5630
Event: 55.835 Thread 0x000000005cfebfc0 DEOPT UNPACKING pc=0x000000000cac6e43 sp=0x000000005cae4b88 mode 0
Event: 56.288 Thread 0x000000005d427b60 DEOPT PACKING pc=0x00000000059e7508 sp=0x00000000603dee20
Event: 56.288 Thread 0x000000005d427b60 DEOPT UNPACKING pc=0x000000000cac6e43 sp=0x00000000603de328 mode 0

Classes unloaded (7 events):
Event: 44.753 Thread 0x0000000014921b80 Unloading class 0x0000000017218400 'java/lang/invoke/LambdaForm$MH+0x0000000017218400'
Event: 44.757 Thread 0x0000000014921b80 Unloading class 0x0000000017218000 'java/lang/invoke/LambdaForm$MH+0x0000000017218000'
Event: 44.757 Thread 0x0000000014921b80 Unloading class 0x0000000017217c00 'java/lang/invoke/LambdaForm$MH+0x0000000017217c00'
Event: 44.757 Thread 0x0000000014921b80 Unloading class 0x0000000017217400 'java/lang/invoke/LambdaForm$MH+0x0000000017217400'
Event: 44.757 Thread 0x0000000014921b80 Unloading class 0x0000000017217000 'java/lang/invoke/LambdaForm$BMH+0x0000000017217000'
Event: 44.757 Thread 0x0000000014921b80 Unloading class 0x0000000017216c00 'java/lang/invoke/LambdaForm$DMH+0x0000000017216c00'
Event: 44.757 Thread 0x0000000014921b80 Unloading class 0x0000000017214000 'java/lang/invoke/LambdaForm$DMH+0x0000000017214000'

Classes redefined (0 events):
No events

Internal exceptions (20 events):
Event: 45.307 Thread 0x000000005cfebfc0 Exception <a 'java/lang/NoSuchMethodError'{0x00000000eabb8ce8}: 'java.lang.Object java.lang.invoke.DirectMethodHandle$Holder.invokeSpecial(java.lang.Object, java.lang.Object, java.lang.Object, long, java.lang.Object)'> (0x00000000eabb8ce8) 
thrown [s\src\hotspot\share\interpreter\linkResolver.cpp, line 759]
Event: 45.312 Thread 0x000000005cfebfc0 Exception <a 'java/lang/NoSuchMethodError'{0x00000000eabc0ea0}: 'java.lang.Object java.lang.invoke.DirectMethodHandle$Holder.newInvokeSpecial(java.lang.Object, java.lang.Object, java.lang.Object, long)'> (0x00000000eabc0ea0) 
thrown [s\src\hotspot\share\interpreter\linkResolver.cpp, line 759]
Event: 45.314 Thread 0x000000005cfebfc0 Exception <a 'java/lang/NoSuchMethodError'{0x00000000eabc5440}: 'java.lang.Object java.lang.invoke.DirectMethodHandle$Holder.invokeSpecial(java.lang.Object, java.lang.Object, java.lang.Object, java.lang.Object, long)'> (0x00000000eabc5440) 
thrown [s\src\hotspot\share\interpreter\linkResolver.cpp, line 759]
Event: 45.393 Thread 0x000000005cfebfc0 Exception <a 'java/lang/NoSuchMethodError'{0x00000000eac33d48}: 'int java.lang.invoke.DirectMethodHandle$Holder.invokeStaticInit(java.lang.Object, java.lang.Object, java.lang.Object)'> (0x00000000eac33d48) 
thrown [s\src\hotspot\share\interpreter\linkResolver.cpp, line 759]
Event: 45.724 Thread 0x000000005cfebfc0 Exception <a 'java/lang/IncompatibleClassChangeError'{0x00000000eacbd488}: Found class java.lang.Object, but interface was expected> (0x00000000eacbd488) 
thrown [s\src\hotspot\share\interpreter\linkResolver.cpp, line 826]
Event: 45.743 Thread 0x000000005cfebfc0 Exception <a 'java/lang/NoSuchMethodError'{0x00000000eacd2390}: 'java.lang.Object java.lang.invoke.DirectMethodHandle$Holder.invokeSpecial(java.lang.Object, java.lang.Object, java.lang.Object, int, java.lang.Object, java.lang.Object)'> (0x00000000eacd2390) 
thrown [s\src\hotspot\share\interpreter\linkResolver.cpp, line 759]
Event: 45.755 Thread 0x000000005cfebfc0 Exception <a 'java/lang/NoSuchMethodError'{0x00000000eacdab98}: 'java.lang.Object java.lang.invoke.DirectMethodHandle$Holder.newInvokeSpecial(java.lang.Object, java.lang.Object, java.lang.Object, int, java.lang.Object)'> (0x00000000eacdab98) 
thrown [s\src\hotspot\share\interpreter\linkResolver.cpp, line 759]
Event: 45.759 Thread 0x000000005cfebfc0 Exception <a 'java/lang/NoSuchMethodError'{0x00000000eacdeff0}: 'java.lang.Object java.lang.invoke.DirectMethodHandle$Holder.invokeSpecial(java.lang.Object, java.lang.Object, java.lang.Object, java.lang.Object, int, java.lang.Object)'> (0x00000000eacdeff0) 
thrown [s\src\hotspot\share\interpreter\linkResolver.cpp, line 759]
Event: 45.768 Thread 0x000000005d3adb10 Exception <a 'java/lang/NoSuchMethodError'{0x00000000eac7d0e8}: 'java.lang.Object java.lang.invoke.DirectMethodHandle$Holder.invokeSpecial(java.lang.Object, java.lang.Object, int, java.lang.Object, java.lang.Object)'> (0x00000000eac7d0e8) 
thrown [s\src\hotspot\share\interpreter\linkResolver.cpp, line 759]
Event: 45.778 Thread 0x000000005d3adb10 Exception <a 'java/lang/NoSuchMethodError'{0x00000000eac847b8}: 'java.lang.Object java.lang.invoke.DirectMethodHandle$Holder.newInvokeSpecial(java.lang.Object, java.lang.Object, int, java.lang.Object)'> (0x00000000eac847b8) 
thrown [s\src\hotspot\share\interpreter\linkResolver.cpp, line 759]
Event: 45.783 Thread 0x000000005d3adb10 Exception <a 'java/lang/NoSuchMethodError'{0x00000000eac882c8}: 'java.lang.Object java.lang.invoke.DirectMethodHandle$Holder.invokeSpecial(java.lang.Object, java.lang.Object, java.lang.Object, int, java.lang.Object)'> (0x00000000eac882c8) 
thrown [s\src\hotspot\share\interpreter\linkResolver.cpp, line 759]
Event: 50.425 Thread 0x000000005cfebfc0 Exception <a 'java/io/FileNotFoundException'{0x00000000eb702aa8}> (0x00000000eb702aa8) 
thrown [s\src\hotspot\share\prims\jni.cpp, line 516]
Event: 53.439 Thread 0x000000005cfebfc0 Exception <a 'java/lang/NoSuchMethodError'{0x00000000ebd68d78}: 'void java.lang.invoke.DirectMethodHandle$Holder.invokeSpecial(java.lang.Object, java.lang.Object, java.lang.Object, int)'> (0x00000000ebd68d78) 
thrown [s\src\hotspot\share\interpreter\linkResolver.cpp, line 759]
Event: 54.700 Thread 0x000000005d427b60 Exception <a 'java/lang/NoSuchMethodError'{0x00000000ead3a100}: 'int java.lang.invoke.DirectMethodHandle$Holder.invokeVirtual(java.lang.Object, java.lang.Object)'> (0x00000000ead3a100) 
thrown [s\src\hotspot\share\interpreter\linkResolver.cpp, line 759]
Event: 54.717 Thread 0x000000005d3adb10 Exception <a 'java/io/FileNotFoundException'{0x00000000ec0312a0}> (0x00000000ec0312a0) 
thrown [s\src\hotspot\share\prims\jni.cpp, line 516]
Event: 55.328 Thread 0x000000005d1444b0 Exception <a 'java/lang/NoSuchMethodError'{0x00000000eabed200}: 'void java.lang.invoke.DirectMethodHandle$Holder.invokeStatic(java.lang.Object, java.lang.Object, java.lang.Object, java.lang.Object)'> (0x00000000eabed200) 
thrown [s\src\hotspot\share\interpreter\linkResolver.cpp, line 759]
Event: 55.421 Thread 0x000000005d427b60 Exception <a 'java/lang/NoSuchMethodError'{0x00000000eac53c68}: 'java.lang.Object java.lang.invoke.DirectMethodHandle$Holder.newInvokeSpecial(java.lang.Object, java.lang.Object, java.lang.Object, int)'> (0x00000000eac53c68) 
thrown [s\src\hotspot\share\interpreter\linkResolver.cpp, line 759]
Event: 55.424 Thread 0x000000005d427b60 Exception <a 'java/lang/NoSuchMethodError'{0x00000000eac57d70}: 'java.lang.Object java.lang.invoke.DirectMethodHandle$Holder.invokeSpecial(java.lang.Object, java.lang.Object, java.lang.Object, java.lang.Object, int)'> (0x00000000eac57d70) 
thrown [s\src\hotspot\share\interpreter\linkResolver.cpp, line 759]
Event: 55.442 Thread 0x000000005d427b60 Exception <a 'java/lang/NoSuchMethodError'{0x00000000eac5b478}: 'java.lang.Object java.lang.invoke.Invokers$Holder.linkToTargetMethod(java.lang.Object, java.lang.Object, int, java.lang.Object)'> (0x00000000eac5b478) 
thrown [s\src\hotspot\share\interpreter\linkResolver.cpp, line 759]
Event: 55.447 Thread 0x000000005d1444b0 Exception <a 'java/lang/NoSuchMethodError'{0x00000000eac76e38}: 'java.lang.Object java.lang.invoke.DirectMethodHandle$Holder.newInvokeSpecial(java.lang.Object, java.lang.Object, java.lang.Object, java.lang.Object, java.lang.Object)'> (0x00000000eac76e38) 
thrown [s\src\hotspot\share\interpreter\linkResolver.cpp, line 759]

VM Operations (20 events):
Event: 43.733 Executing VM operation: Cleanup
Event: 43.737 Executing VM operation: Cleanup done
Event: 44.197 Executing VM operation: CollectForMetadataAllocation
Event: 44.942 Executing VM operation: CollectForMetadataAllocation done
Event: 45.935 Executing VM operation: HandshakeAllThreads
Event: 45.936 Executing VM operation: HandshakeAllThreads done
Event: 46.936 Executing VM operation: Cleanup
Event: 46.936 Executing VM operation: Cleanup done
Event: 49.936 Executing VM operation: Cleanup
Event: 50.154 Executing VM operation: Cleanup done
Event: 52.169 Executing VM operation: Cleanup
Event: 52.206 Executing VM operation: Cleanup done
Event: 53.231 Executing VM operation: Cleanup
Event: 53.231 Executing VM operation: Cleanup done
Event: 54.232 Executing VM operation: Cleanup
Event: 54.311 Executing VM operation: Cleanup done
Event: 55.196 Executing VM operation: ParallelGCFailedAllocation
Event: 55.312 Executing VM operation: ParallelGCFailedAllocation done
Event: 55.782 Executing VM operation: HandshakeAllThreads
Event: 55.783 Executing VM operation: HandshakeAllThreads done

Events (20 events):
Event: 55.402 loading class java/net/SocketTimeoutException
Event: 55.417 loading class java/lang/StringIndexOutOfBoundsException
Event: 55.423 loading class java/lang/StringIndexOutOfBoundsException done
Event: 55.468 loading class java/io/InterruptedIOException
Event: 55.469 loading class java/io/InterruptedIOException done
Event: 55.469 loading class java/net/SocketTimeoutException done
Event: 55.469 loading class java/net/SocketException
Event: 55.469 loading class java/net/SocketException done
Event: 55.469 loading class java/net/UnknownHostException
Event: 55.469 loading class java/net/UnknownHostException done
Event: 55.470 loading class java/net/ProtocolException
Event: 55.470 loading class java/net/ProtocolException done
Event: 55.685 Thread 0x000000005d144980 Thread added: 0x000000005d144980
Event: 55.754 loading class java/lang/invoke/MethodHandle$1
Event: 55.756 loading class java/lang/invoke/MethodHandle$1 done
Event: 55.961 Thread 0x000000005d144e50 Thread added: 0x000000005d144e50
Event: 56.129 loading class java/util/ArrayDeque$DeqSpliterator
Event: 56.133 loading class java/util/ArrayDeque$DeqSpliterator done
Event: 56.215 loading class java/io/FileReader
Event: 56.215 loading class java/io/FileReader done


Dynamic libraries:
0x000000013f210000 - 0x000000013f21e000 	c:\Users\Анастасия\.vscode\extensions\redhat.java-1.15.0-win32-x64\jre\17.0.6-win32-x86_64\bin\java.exe
0x00000000773f0000 - 0x000000007758f000 	C:\Windows\SYSTEM32\ntdll.dll
0x00000000771d0000 - 0x00000000772ef000 	C:\Windows\system32\kernel32.dll
0x000007fefd5c0000 - 0x000007fefd62a000 	C:\Windows\system32\KERNELBASE.dll
0x000007fef4b40000 - 0x000007fef4b57000 	c:\Users\Анастасия\.vscode\extensions\redhat.java-1.15.0-win32-x64\jre\17.0.6-win32-x86_64\bin\jli.dll
0x000007fefba50000 - 0x000007fefbc44000 	C:\Windows\WinSxS\amd64_microsoft.windows.common-controls_6595b64144ccf1df_6.0.7601.17514_none_fa396087175ac9ac\COMCTL32.dll
0x000007feff1a0000 - 0x000007feff23f000 	C:\Windows\system32\msvcrt.dll
0x000007feff3c0000 - 0x000007feff427000 	C:\Windows\system32\GDI32.dll
0x00000000772f0000 - 0x00000000773ea000 	C:\Windows\system32\USER32.dll
0x000007feff500000 - 0x000007feff50e000 	C:\Windows\system32\LPK.dll
0x000007fefdc70000 - 0x000007fefdd39000 	C:\Windows\system32\USP10.dll
0x000007fefede0000 - 0x000007fefee51000 	C:\Windows\system32\SHLWAPI.dll
0x000007fef3b00000 - 0x000007fef3b19000 	c:\Users\Анастасия\.vscode\extensions\redhat.java-1.15.0-win32-x64\jre\17.0.6-win32-x86_64\bin\VCRUNTIME140.dll
0x000007fef9710000 - 0x000007fef9714000 	c:\Users\Анастасия\.vscode\extensions\redhat.java-1.15.0-win32-x64\jre\17.0.6-win32-x86_64\bin\api-ms-win-crt-runtime-l1-1-0.dll
0x000007feed470000 - 0x000007feed56a000 	c:\Users\Анастасия\.vscode\extensions\redhat.java-1.15.0-win32-x64\jre\17.0.6-win32-x86_64\bin\ucrtbase.DLL
0x000007fef5360000 - 0x000007fef5363000 	c:\Users\Анастасия\.vscode\extensions\redhat.java-1.15.0-win32-x64\jre\17.0.6-win32-x86_64\bin\api-ms-win-core-localization-l1-2-0.dll
0x000007fef5330000 - 0x000007fef5333000 	c:\Users\Анастасия\.vscode\extensions\redhat.java-1.15.0-win32-x64\jre\17.0.6-win32-x86_64\bin\api-ms-win-core-processthreads-l1-1-1.dll
0x000007fef4ae0000 - 0x000007fef4ae3000 	c:\Users\Анастасия\.vscode\extensions\redhat.java-1.15.0-win32-x64\jre\17.0.6-win32-x86_64\bin\api-ms-win-core-file-l1-2-0.dll
0x000007fef48e0000 - 0x000007fef48e3000 	c:\Users\Анастасия\.vscode\extensions\redhat.java-1.15.0-win32-x64\jre\17.0.6-win32-x86_64\bin\api-ms-win-core-timezone-l1-1-0.dll
0x000007fef3c00000 - 0x000007fef3c03000 	c:\Users\Анастасия\.vscode\extensions\redhat.java-1.15.0-win32-x64\jre\17.0.6-win32-x86_64\bin\api-ms-win-core-file-l2-1-0.dll
0x000007feede90000 - 0x000007feede93000 	c:\Users\Анастасия\.vscode\extensions\redhat.java-1.15.0-win32-x64\jre\17.0.6-win32-x86_64\bin\api-ms-win-core-synch-l1-2-0.dll
0x000007feede80000 - 0x000007feede83000 	c:\Users\Анастасия\.vscode\extensions\redhat.java-1.15.0-win32-x64\jre\17.0.6-win32-x86_64\bin\api-ms-win-crt-heap-l1-1-0.dll
0x000007feede70000 - 0x000007feede74000 	c:\Users\Анастасия\.vscode\extensions\redhat.java-1.15.0-win32-x64\jre\17.0.6-win32-x86_64\bin\api-ms-win-crt-string-l1-1-0.dll
0x000007feede40000 - 0x000007feede44000 	c:\Users\Анастасия\.vscode\extensions\redhat.java-1.15.0-win32-x64\jre\17.0.6-win32-x86_64\bin\api-ms-win-crt-stdio-l1-1-0.dll
0x000007feede30000 - 0x000007feede34000 	c:\Users\Анастасия\.vscode\extensions\redhat.java-1.15.0-win32-x64\jre\17.0.6-win32-x86_64\bin\api-ms-win-crt-convert-l1-1-0.dll
0x000007feedde0000 - 0x000007feedde3000 	c:\Users\Анастасия\.vscode\extensions\redhat.java-1.15.0-win32-x64\jre\17.0.6-win32-x86_64\bin\api-ms-win-crt-environment-l1-1-0.dll
0x000007feedc00000 - 0x000007feedc03000 	c:\Users\Анастасия\.vscode\extensions\redhat.java-1.15.0-win32-x64\jre\17.0.6-win32-x86_64\bin\api-ms-win-crt-filesystem-l1-1-0.dll
0x000007feedbf0000 - 0x000007feedbf5000 	c:\Users\Анастасия\.vscode\extensions\redhat.java-1.15.0-win32-x64\jre\17.0.6-win32-x86_64\bin\api-ms-win-crt-math-l1-1-0.dll
0x000007feedbe0000 - 0x000007feedbe3000 	c:\Users\Анастасия\.vscode\extensions\redhat.java-1.15.0-win32-x64\jre\17.0.6-win32-x86_64\bin\api-ms-win-crt-locale-l1-1-0.dll
0x000007feff4d0000 - 0x000007feff4fe000 	C:\Windows\system32\IMM32.DLL
0x000007fefda80000 - 0x000007fefdb89000 	C:\Windows\system32\MSCTF.dll
0x000007fefd2f0000 - 0x000007fefd320000 	C:\Windows\system32\nvinitx.dll
0x000007fefd2e0000 - 0x000007fefd2ec000 	C:\Windows\system32\VERSION.dll
0x000007fefdb90000 - 0x000007fefdc6b000 	C:\Windows\system32\ADVAPI32.dll
0x000007fefdd70000 - 0x000007fefdd8f000 	C:\Windows\SYSTEM32\sechost.dll
0x000007fefd6f0000 - 0x000007fefd81c000 	C:\Windows\system32\RPCRT4.dll
0x0000000074df0000 - 0x0000000074df6000 	C:\Program Files\NVIDIA Corporation\CoProcManager\detoured.dll
0x000007fefa960000 - 0x000007fefa998000 	C:\Program Files\NVIDIA Corporation\CoProcManager\nvd3d9wrapx.dll
0x000007fefee60000 - 0x000007feff037000 	C:\Windows\system32\SETUPAPI.dll
0x000007fefd410000 - 0x000007fefd446000 	C:\Windows\system32\CFGMGR32.dll
0x000007feff0c0000 - 0x000007feff197000 	C:\Windows\system32\OLEAUT32.dll
0x000007fefebd0000 - 0x000007fefedd3000 	C:\Windows\system32\ole32.dll
0x000007fefd630000 - 0x000007fefd64a000 	C:\Windows\system32\DEVOBJ.dll
0x000007fefa930000 - 0x000007fefa954000 	C:\Program Files\NVIDIA Corporation\CoProcManager\nvdxgiwrapx.dll
0x0000000074030000 - 0x000000007403c000 	c:\??\C:\Program Files (x86)\360\Total Security\safemon\SafeWrapper.dll
0x000007fedd0d0000 - 0x000007fedd162000 	C:\Program Files (x86)\360\Total Security\safemon\libzdtp64.dll
0x000007fefdd90000 - 0x000007fefeb18000 	C:\Windows\system32\SHELL32.dll
0x000007feedbd0000 - 0x000007feedbdc000 	c:\Users\Анастасия\.vscode\extensions\redhat.java-1.15.0-win32-x64\jre\17.0.6-win32-x86_64\bin\vcruntime140_1.dll
0x000007fedc2f0000 - 0x000007fedc381000 	c:\Users\Анастасия\.vscode\extensions\redhat.java-1.15.0-win32-x64\jre\17.0.6-win32-x86_64\bin\msvcp140.dll
0x000007feedbc0000 - 0x000007feedbc3000 	c:\Users\Анастасия\.vscode\extensions\redhat.java-1.15.0-win32-x64\jre\17.0.6-win32-x86_64\bin\api-ms-win-crt-time-l1-1-0.dll
0x000007feedbb0000 - 0x000007feedbb3000 	c:\Users\Анастасия\.vscode\extensions\redhat.java-1.15.0-win32-x64\jre\17.0.6-win32-x86_64\bin\api-ms-win-crt-utility-l1-1-0.dll
0x000007fed3540000 - 0x000007fed4187000 	c:\Users\Анастасия\.vscode\extensions\redhat.java-1.15.0-win32-x64\jre\17.0.6-win32-x86_64\bin\server\jvm.dll
0x000007feed9a0000 - 0x000007feed9a9000 	C:\Windows\system32\WSOCK32.dll
0x000007fefeb80000 - 0x000007fefebcd000 	C:\Windows\system32\WS2_32.dll
0x000007fefdd40000 - 0x000007fefdd48000 	C:\Windows\system32\NSI.dll
0x000007fef9f90000 - 0x000007fef9fcb000 	C:\Windows\system32\WINMM.dll
0x000007feed460000 - 0x000007feed46a000 	c:\Users\Анастасия\.vscode\extensions\redhat.java-1.15.0-win32-x64\jre\17.0.6-win32-x86_64\bin\jimage.dll
0x000007fef7f40000 - 0x000007fef8065000 	C:\Windows\system32\DBGHELP.DLL
0x000007feed450000 - 0x000007feed45e000 	c:\Users\Анастасия\.vscode\extensions\redhat.java-1.15.0-win32-x64\jre\17.0.6-win32-x86_64\bin\instrument.dll
0x000007feed420000 - 0x000007feed445000 	c:\Users\Анастасия\.vscode\extensions\redhat.java-1.15.0-win32-x64\jre\17.0.6-win32-x86_64\bin\java.dll
0x000007fedc2d0000 - 0x000007fedc2e8000 	c:\Users\Анастасия\.vscode\extensions\redhat.java-1.15.0-win32-x64\jre\17.0.6-win32-x86_64\bin\zip.dll
0x000007fefd320000 - 0x000007fefd32f000 	C:\Windows\system32\profapi.dll
0x000007feed400000 - 0x000007feed419000 	C:\Users\Анастасия\.vscode\extensions\redhat.java-1.15.0-win32-x64\jre\17.0.6-win32-x86_64\bin\net.dll
0x000007fef8750000 - 0x000007fef87c1000 	C:\Windows\system32\WINHTTP.dll
0x000007fef8690000 - 0x000007fef86f4000 	C:\Windows\system32\webio.dll
0x000007fefca60000 - 0x000007fefcab5000 	C:\Windows\system32\mswsock.dll
0x000007fefca50000 - 0x000007fefca57000 	C:\Windows\System32\wship6.dll
0x000007feed3e0000 - 0x000007feed3f5000 	C:\Users\Анастасия\.vscode\extensions\redhat.java-1.15.0-win32-x64\jre\17.0.6-win32-x86_64\bin\nio.dll
0x000007feed390000 - 0x000007feed3a0000 	c:\Users\Анастасия\.vscode\extensions\redhat.java-1.15.0-win32-x64\jre\17.0.6-win32-x86_64\bin\verify.dll
0x000007fedb960000 - 0x000007fedb99e000 	C:\Users\Анастасия\AppData\Roaming\Code\User\globalStorage\redhat.java\1.15.0\config_win\org.eclipse.equinox.launcher\org.eclipse.equinox.launcher.win32.win32.x86_64_1.2.700.v20221108-1024\eclipse_11801.dll

dbghelp: loaded successfully - version: 4.0.5 - missing functions: none
symbol engine: initialized successfully - sym options: 0x614 - pdb path: .;c:\Users\Анастасия\.vscode\extensions\redhat.java-1.15.0-win32-x64\jre\17.0.6-win32-x86_64\bin;C:\Windows\SYSTEM32;C:\Windows\WinSxS\amd64_microsoft.windows.common-controls_6595b64144ccf1df_6.0.7601.17514_none_fa396087175ac9ac;C:\Program Files\NVIDIA Corporation\CoProcManager;c:\??\C:\Program Files (x86)\360\Total Security\safemon;C:\Program Files (x86)\360\Total Security\safemon;c:\Users\Анастасия\.vscode\extensions\redhat.java-1.15.0-win32-x64\jre\17.0.6-win32-x86_64\bin\server;C:\Users\Анастасия\AppData\Roaming\Code\User\globalStorage\redhat.java\1.15.0\config_win\org.eclipse.equinox.launcher\org.eclipse.equinox.launcher.win32.win32.x86_64_1.2.700.v20221108-1024

VM Arguments:
jvm_args: --add-modules=ALL-SYSTEM --add-opens=java.base/java.util=ALL-UNNAMED --add-opens=java.base/java.lang=ALL-UNNAMED --add-opens=java.base/sun.nio.fs=ALL-UNNAMED -Declipse.application=org.eclipse.jdt.ls.core.id1 -Dosgi.bundles.defaultStartLevel=4 -Declipse.product=org.eclipse.jdt.ls.core.product -Djava.import.generatesMetadataFilesAtProjectRoot=false -Dfile.encoding=utf8 -XX:+UseParallelGC -XX:GCTimeRatio=4 -XX:AdaptiveSizePolicyWeight=90 -Dsun.zip.disableMemoryMapping=true -Xmx1G -Xms100m -Xlog:disable -javaagent:c:\Users\Анастасия\.vscode\extensions\redhat.java-1.15.0-win32-x64\lombok\lombok-1.18.24.jar -XX:+HeapDumpOnOutOfMemoryError -XX:HeapDumpPath=c:\Users\Анастасия\AppData\Roaming\Code\User\workspaceStorage\48e8b926c512a1251546536aae2d32f1\redhat.java 
java_command: c:\Users\Анастасия\.vscode\extensions\redhat.java-1.15.0-win32-x64\server\plugins\org.eclipse.equinox.launcher_1.6.400.v20210924-0641.jar -configuration c:\Users\Анастасия\AppData\Roaming\Code\User\globalStorage\redhat.java\1.15.0\config_win -data c:\Users\Анастасия\AppData\Roaming\Code\User\workspaceStorage\48e8b926c512a1251546536aae2d32f1\redhat.java\jdt_ws
java_class_path (initial): c:\Users\Анастасия\.vscode\extensions\redhat.java-1.15.0-win32-x64\server\plugins\org.eclipse.equinox.launcher_1.6.400.v20210924-0641.jar
Launcher Type: SUN_STANDARD

[Global flags]
    uintx AdaptiveSizePolicyWeight                 = 90                                        {product} {command line}
     intx CICompilerCount                          = 3                                         {product} {ergonomic}
    uintx GCTimeRatio                              = 4                                         {product} {command line}
     bool HeapDumpOnOutOfMemoryError               = true                                   {manageable} {command line}
    ccstr HeapDumpPath                             = c:\Users\Анастасия\AppData\Roaming\Code\User\workspaceStorage\48e8b926c512a1251546536aae2d32f1\redhat.java         {manageable} {command line}
   size_t InitialHeapSize                          = 104857600                                 {product} {command line}
   size_t MaxHeapSize                              = 1073741824                                {product} {command line}
   size_t MaxNewSize                               = 357564416                                 {product} {ergonomic}
   size_t MinHeapDeltaBytes                        = 524288                                    {product} {ergonomic}
   size_t MinHeapSize                              = 104857600                                 {product} {command line}
   size_t NewSize                                  = 34603008                                  {product} {ergonomic}
    uintx NonNMethodCodeHeapSize                   = 5832780                                {pd product} {ergonomic}
    uintx NonProfiledCodeHeapSize                  = 122912730                              {pd product} {ergonomic}
   size_t OldSize                                  = 70254592                                  {product} {ergonomic}
    uintx ProfiledCodeHeapSize                     = 122912730                              {pd product} {ergonomic}
    uintx ReservedCodeCacheSize                    = 251658240                              {pd product} {ergonomic}
     bool SegmentedCodeCache                       = true                                      {product} {ergonomic}
   size_t SoftMaxHeapSize                          = 1073741824                             {manageable} {ergonomic}
     bool UseCompressedClassPointers               = true                           {product lp64_product} {ergonomic}
     bool UseCompressedOops                        = true                           {product lp64_product} {ergonomic}
     bool UseLargePagesIndividualAllocation        = false                                  {pd product} {ergonomic}
     bool UseParallelGC                            = true                                      {product} {command line}

Logging:
Log output configuration:
 #0: stdout all=off uptime,level,tags
 #1: stderr all=off uptime,level,tags

Environment Variables:
PATH=C:\Program Files\Common Files\Oracle\Java\javapath;C:\Windows\system32;C:\Windows;C:\Windows\System32\Wbem;C:\Windows\System32\WindowsPowerShell\v1.0\;C:\Program Files (x86)\NVIDIA Corporation\PhysX\Common;C:\Program Files\Git\cmd;C:\Program Files\dotnet\;;C:\Users\Анастасия\.dotnet\tools;C:\Program Files\JetBrains\IntelliJ IDEA 2023.3.3\bin;;C:\Users\Анастасия\AppData\Local\Programs\Microsoft VS Code\bin
USERNAME=Анастасия
OS=Windows_NT
PROCESSOR_IDENTIFIER=Intel64 Family 6 Model 42 Stepping 7, GenuineIntel
TMP=C:\Users\08DE~1\AppData\Local\Temp
TEMP=C:\Users\08DE~1\AppData\Local\Temp



---------------  S Y S T E M  ---------------

OS:
 Windows 7 , 64 bit Build 7601 (6.1.7601.24384)
OS uptime: 1 days 1:33 hours

CPU: total 4 (initial active 4) (2 cores per cpu, 2 threads per core) family 6 model 42 stepping 7 microcode 0x0, cx8, cmov, fxsr, ht, mmx, sse, sse2, sse3, ssse3, sse4.1, sse4.2, popcnt, tsc, tscinvbit, avx, clmul, vzeroupper, clflush

Memory: 4k page, system-wide physical 1961M (100M free)
TotalPageFile size 7846M (AvailPageFile size 17M)
current process WorkingSet (physical memory assigned to process): 108M, peak: 108M
current process commit charge ("private bytes"): 218M, peak: 219M

vm_info: OpenJDK 64-Bit Server VM (17.0.6+10) for windows-amd64 JRE (17.0.6+10), built on Jan 18 2023 10:08:59 by "temurin" with MS VC++ 16.7 (VS2019)

END.
